{"C:\\dev\\fwmakc\\servers\\api-server-toolkit\\src\\common\\access.type.ts": {"path":"C:\\dev\\fwmakc\\servers\\api-server-toolkit\\src\\common\\access.type.ts","statementMap":{"0":{"start":{"line":52,"column":0},"end":{"line":52,"column":16}},"1":{"start":{"line":57,"column":0},"end":{"line":57,"column":16}},"2":{"start":{"line":85,"column":0},"end":{"line":85,"column":16}},"3":{"start":{"line":94,"column":0},"end":{"line":94,"column":16}},"4":{"start":{"line":4,"column":0},"end":{"line":4,"column":null}},"5":{"start":{"line":5,"column":2},"end":{"line":5,"column":null}},"6":{"start":{"line":6,"column":2},"end":{"line":6,"column":null}},"7":{"start":{"line":7,"column":2},"end":{"line":7,"column":null}},"8":{"start":{"line":8,"column":2},"end":{"line":8,"column":null}},"9":{"start":{"line":9,"column":2},"end":{"line":9,"column":null}},"10":{"start":{"line":10,"column":2},"end":{"line":10,"column":null}},"11":{"start":{"line":13,"column":0},"end":{"line":13,"column":null}},"12":{"start":{"line":14,"column":2},"end":{"line":14,"column":null}},"13":{"start":{"line":15,"column":2},"end":{"line":15,"column":null}},"14":{"start":{"line":53,"column":2},"end":{"line":53,"column":32}},"15":{"start":{"line":53,"column":22},"end":{"line":53,"column":32}},"16":{"start":{"line":54,"column":2},"end":{"line":54,"column":64}},"17":{"start":{"line":54,"column":27},"end":{"line":54,"column":61}},"18":{"start":{"line":61,"column":2},"end":{"line":61,"column":70}},"19":{"start":{"line":61,"column":53},"end":{"line":61,"column":70}},"20":{"start":{"line":62,"column":2},"end":{"line":68,"column":3}},"21":{"start":{"line":63,"column":4},"end":{"line":67,"column":5}},"22":{"start":{"line":64,"column":6},"end":{"line":66,"column":7}},"23":{"start":{"line":65,"column":8},"end":{"line":65,"column":31}},"24":{"start":{"line":69,"column":2},"end":{"line":69,"column":19}},"25":{"start":{"line":89,"column":2},"end":{"line":89,"column":44}},"26":{"start":{"line":89,"column":28},"end":{"line":89,"column":44}},"27":{"start":{"line":90,"column":2},"end":{"line":90,"column":48}},"28":{"start":{"line":90,"column":34},"end":{"line":90,"column":48}},"29":{"start":{"line":91,"column":2},"end":{"line":91,"column":22}},"30":{"start":{"line":98,"column":2},"end":{"line":100,"column":3}},"31":{"start":{"line":99,"column":4},"end":{"line":99,"column":27}},"32":{"start":{"line":101,"column":2},"end":{"line":106,"column":3}},"33":{"start":{"line":105,"column":4},"end":{"line":105,"column":20}},"34":{"start":{"line":107,"column":2},"end":{"line":107,"column":19}}},"fnMap":{"0":{"name":"(anonymous_0)","decl":{"start":{"line":4,"column":0},"end":{"line":4,"column":12}},"loc":{"start":{"line":4,"column":23},"end":{"line":11,"column":1}}},"1":{"name":"(anonymous_1)","decl":{"start":{"line":13,"column":0},"end":{"line":13,"column":12}},"loc":{"start":{"line":13,"column":23},"end":{"line":16,"column":1}}},"2":{"name":"normalizeRoles","decl":{"start":{"line":52,"column":16},"end":{"line":52,"column":30}},"loc":{"start":{"line":52,"column":61},"end":{"line":55,"column":1}}},"3":{"name":"(anonymous_3)","decl":{"start":{"line":54,"column":19},"end":{"line":54,"column":20}},"loc":{"start":{"line":54,"column":27},"end":{"line":54,"column":61}}},"4":{"name":"resolveTenantScope","decl":{"start":{"line":57,"column":16},"end":{"line":57,"column":34}},"loc":{"start":{"line":59,"column":25},"end":{"line":70,"column":1}}},"5":{"name":"normalizeAccess","decl":{"start":{"line":85,"column":16},"end":{"line":85,"column":31}},"loc":{"start":{"line":87,"column":44},"end":{"line":92,"column":1}}},"6":{"name":"getBindPath","decl":{"start":{"line":94,"column":16},"end":{"line":94,"column":27}},"loc":{"start":{"line":96,"column":18},"end":{"line":108,"column":1}}}},"branchMap":{"0":{"loc":{"start":{"line":4,"column":12},"end":{"line":4,"column":null}},"type":"binary-expr","locations":[{"start":{"line":4,"column":12},"end":{"line":4,"column":23}},{"start":{"line":4,"column":23},"end":{"line":4,"column":null}}]},"1":{"loc":{"start":{"line":13,"column":12},"end":{"line":13,"column":null}},"type":"binary-expr","locations":[{"start":{"line":13,"column":12},"end":{"line":13,"column":23}},{"start":{"line":13,"column":23},"end":{"line":13,"column":null}}]},"2":{"loc":{"start":{"line":53,"column":2},"end":{"line":53,"column":32}},"type":"if","locations":[{"start":{"line":53,"column":2},"end":{"line":53,"column":32}}]},"3":{"loc":{"start":{"line":53,"column":7},"end":{"line":53,"column":20}},"type":"cond-expr","locations":[{"start":{"line":53,"column":12},"end":{"line":53,"column":14}},{"start":{"line":53,"column":7},"end":{"line":53,"column":20}}]},"4":{"loc":{"start":{"line":53,"column":7},"end":{"line":53,"column":14}},"type":"binary-expr","locations":[{"start":{"line":53,"column":7},"end":{"line":53,"column":14}},{"start":{"line":53,"column":7},"end":{"line":53,"column":14}}]},"5":{"loc":{"start":{"line":54,"column":27},"end":{"line":54,"column":61}},"type":"cond-expr","locations":[{"start":{"line":54,"column":51},"end":{"line":54,"column":52}},{"start":{"line":54,"column":55},"end":{"line":54,"column":61}}]},"6":{"loc":{"start":{"line":61,"column":2},"end":{"line":61,"column":70}},"type":"if","locations":[{"start":{"line":61,"column":2},"end":{"line":61,"column":70}}]},"7":{"loc":{"start":{"line":61,"column":6},"end":{"line":61,"column":53}},"type":"binary-expr","locations":[{"start":{"line":61,"column":6},"end":{"line":61,"column":30}},{"start":{"line":61,"column":30},"end":{"line":61,"column":53}}]},"8":{"loc":{"start":{"line":61,"column":7},"end":{"line":61,"column":26}},"type":"cond-expr","locations":[{"start":{"line":61,"column":18},"end":{"line":61,"column":20}},{"start":{"line":61,"column":7},"end":{"line":61,"column":26}}]},"9":{"loc":{"start":{"line":61,"column":7},"end":{"line":61,"column":20}},"type":"binary-expr","locations":[{"start":{"line":61,"column":7},"end":{"line":61,"column":20}},{"start":{"line":61,"column":7},"end":{"line":61,"column":20}}]},"10":{"loc":{"start":{"line":61,"column":31},"end":{"line":61,"column":51}},"type":"cond-expr","locations":[{"start":{"line":61,"column":43},"end":{"line":61,"column":45}},{"start":{"line":61,"column":31},"end":{"line":61,"column":51}}]},"11":{"loc":{"start":{"line":61,"column":31},"end":{"line":61,"column":45}},"type":"binary-expr","locations":[{"start":{"line":61,"column":31},"end":{"line":61,"column":45}},{"start":{"line":61,"column":31},"end":{"line":61,"column":45}}]},"12":{"loc":{"start":{"line":63,"column":4},"end":{"line":67,"column":5}},"type":"if","locations":[{"start":{"line":63,"column":4},"end":{"line":67,"column":5}}]},"13":{"loc":{"start":{"line":63,"column":8},"end":{"line":63,"column":70}},"type":"binary-expr","locations":[{"start":{"line":63,"column":8},"end":{"line":63,"column":33}},{"start":{"line":63,"column":37},"end":{"line":63,"column":70}}]},"14":{"loc":{"start":{"line":64,"column":6},"end":{"line":66,"column":7}},"type":"if","locations":[{"start":{"line":64,"column":6},"end":{"line":66,"column":7}}]},"15":{"loc":{"start":{"line":64,"column":10},"end":{"line":64,"column":68}},"type":"binary-expr","locations":[{"start":{"line":64,"column":10},"end":{"line":64,"column":42}},{"start":{"line":64,"column":46},"end":{"line":64,"column":68}}]},"16":{"loc":{"start":{"line":87,"column":2},"end":{"line":87,"column":44}},"type":"default-arg","locations":[{"start":{"line":87,"column":26},"end":{"line":87,"column":44}}]},"17":{"loc":{"start":{"line":89,"column":2},"end":{"line":89,"column":44}},"type":"if","locations":[{"start":{"line":89,"column":2},"end":{"line":89,"column":44}}]},"18":{"loc":{"start":{"line":90,"column":2},"end":{"line":90,"column":48}},"type":"if","locations":[{"start":{"line":90,"column":2},"end":{"line":90,"column":48}}]},"19":{"loc":{"start":{"line":98,"column":2},"end":{"line":100,"column":3}},"type":"if","locations":[{"start":{"line":98,"column":2},"end":{"line":100,"column":3}}]},"20":{"loc":{"start":{"line":98,"column":6},"end":{"line":98,"column":61}},"type":"binary-expr","locations":[{"start":{"line":98,"column":6},"end":{"line":98,"column":12}},{"start":{"line":98,"column":16},"end":{"line":98,"column":42}},{"start":{"line":98,"column":46},"end":{"line":98,"column":61}}]},"21":{"loc":{"start":{"line":101,"column":2},"end":{"line":106,"column":3}},"type":"if","locations":[{"start":{"line":101,"column":2},"end":{"line":106,"column":3}}]},"22":{"loc":{"start":{"line":102,"column":4},"end":{"line":103,"column":71}},"type":"binary-expr","locations":[{"start":{"line":102,"column":4},"end":{"line":102,"column":32}},{"start":{"line":103,"column":5},"end":{"line":103,"column":31}},{"start":{"line":103,"column":35},"end":{"line":103,"column":70}}]},"23":{"loc":{"start":{"line":103,"column":35},"end":{"line":103,"column":48}},"type":"cond-expr","locations":[{"start":{"line":103,"column":41},"end":{"line":103,"column":43}},{"start":{"line":103,"column":35},"end":{"line":103,"column":48}}]},"24":{"loc":{"start":{"line":103,"column":35},"end":{"line":103,"column":43}},"type":"binary-expr","locations":[{"start":{"line":103,"column":35},"end":{"line":103,"column":43}},{"start":{"line":103,"column":35},"end":{"line":103,"column":43}}]}},"s":{"0":7,"1":7,"2":7,"3":7,"4":7,"5":7,"6":7,"7":7,"8":7,"9":7,"10":7,"11":7,"12":7,"13":7,"14":5,"15":2,"16":3,"17":6,"18":12,"19":4,"20":8,"21":10,"22":8,"23":3,"24":5,"25":26,"26":3,"27":23,"28":21,"29":2,"30":10,"31":1,"32":9,"33":4,"34":5},"f":{"0":7,"1":7,"2":5,"3":6,"4":12,"5":26,"6":10},"b":{"0":[7,7],"1":[7,7],"2":[2],"3":[1,4],"4":[5,5],"5":[3,3],"6":[4],"7":[12,10],"8":[1,11],"9":[12,12],"10":[1,9],"11":[10,10],"12":[8],"13":[10,9],"14":[3],"15":[8,5],"16":[25],"17":[3],"18":[21],"19":[1],"20":[10,9,2],"21":[4],"22":[9,6,1],"23":[0,1],"24":[1,1]}}
,"C:\\dev\\fwmakc\\servers\\api-server-toolkit\\src\\common\\auth.decorator.ts": {"path":"C:\\dev\\fwmakc\\servers\\api-server-toolkit\\src\\common\\auth.decorator.ts","statementMap":{"0":{"start":{"line":41,"column":0},"end":{"line":41,"column":16}},"1":{"start":{"line":1,"column":0},"end":{"line":1,"column":null}},"2":{"start":{"line":9,"column":0},"end":{"line":9,"column":45}},"3":{"start":{"line":10,"column":0},"end":{"line":10,"column":null}},"4":{"start":{"line":16,"column":0},"end":{"line":16,"column":54}},"5":{"start":{"line":20,"column":4},"end":{"line":20,"column":16}},"6":{"start":{"line":26,"column":4},"end":{"line":26,"column":63}},"7":{"start":{"line":26,"column":22},"end":{"line":26,"column":63}},"8":{"start":{"line":27,"column":4},"end":{"line":27,"column":16}},"9":{"start":{"line":33,"column":4},"end":{"line":33,"column":63}},"10":{"start":{"line":33,"column":22},"end":{"line":33,"column":63}},"11":{"start":{"line":34,"column":4},"end":{"line":36,"column":5}},"12":{"start":{"line":35,"column":6},"end":{"line":35,"column":58}},"13":{"start":{"line":37,"column":4},"end":{"line":37,"column":16}},"14":{"start":{"line":42,"column":16},"end":{"line":42,"column":39}},"15":{"start":{"line":43,"column":2},"end":{"line":43,"column":69}},"16":{"start":{"line":43,"column":36},"end":{"line":43,"column":69}},"17":{"start":{"line":44,"column":2},"end":{"line":44,"column":71}},"18":{"start":{"line":44,"column":39},"end":{"line":44,"column":71}},"19":{"start":{"line":45,"column":2},"end":{"line":45,"column":37}},"20":{"start":{"line":50,"column":23},"end":{"line":55,"column":1}},"21":{"start":{"line":51,"column":2},"end":{"line":53,"column":3}},"22":{"start":{"line":52,"column":4},"end":{"line":52,"column":37}},"23":{"start":{"line":54,"column":2},"end":{"line":54,"column":53}},"24":{"start":{"line":50,"column":13},"end":{"line":50,"column":23}},"25":{"start":{"line":57,"column":13},"end":{"line":61,"column":2}},"26":{"start":{"line":59,"column":4},"end":{"line":59,"column":68}}},"fnMap":{"0":{"name":"(anonymous_0)","decl":{"start":{"line":19,"column":2},"end":{"line":19,"column":15}},"loc":{"start":{"line":19,"column":33},"end":{"line":21,"column":3}}},"1":{"name":"(anonymous_1)","decl":{"start":{"line":25,"column":2},"end":{"line":25,"column":15}},"loc":{"start":{"line":25,"column":35},"end":{"line":28,"column":3}}},"2":{"name":"(anonymous_2)","decl":{"start":{"line":32,"column":2},"end":{"line":32,"column":15}},"loc":{"start":{"line":32,"column":35},"end":{"line":38,"column":3}}},"3":{"name":"accessGuard","decl":{"start":{"line":41,"column":16},"end":{"line":41,"column":27}},"loc":{"start":{"line":41,"column":51},"end":{"line":46,"column":1}}},"4":{"name":"(anonymous_4)","decl":{"start":{"line":50,"column":23},"end":{"line":50,"column":24}},"loc":{"start":{"line":50,"column":44},"end":{"line":55,"column":1}}},"5":{"name":"(anonymous_5)","decl":{"start":{"line":58,"column":2},"end":{"line":58,"column":3}},"loc":{"start":{"line":58,"column":44},"end":{"line":60,"column":3}}}},"branchMap":{"0":{"loc":{"start":{"line":26,"column":4},"end":{"line":26,"column":63}},"type":"if","locations":[{"start":{"line":26,"column":4},"end":{"line":26,"column":63}}]},"1":{"loc":{"start":{"line":26,"column":8},"end":{"line":26,"column":20}},"type":"binary-expr","locations":[{"start":{"line":26,"column":8},"end":{"line":26,"column":11}},{"start":{"line":26,"column":15},"end":{"line":26,"column":20}}]},"2":{"loc":{"start":{"line":26,"column":28},"end":{"line":26,"column":62}},"type":"binary-expr","locations":[{"start":{"line":26,"column":28},"end":{"line":26,"column":31}},{"start":{"line":26,"column":35},"end":{"line":26,"column":62}}]},"3":{"loc":{"start":{"line":33,"column":4},"end":{"line":33,"column":63}},"type":"if","locations":[{"start":{"line":33,"column":4},"end":{"line":33,"column":63}}]},"4":{"loc":{"start":{"line":33,"column":8},"end":{"line":33,"column":20}},"type":"binary-expr","locations":[{"start":{"line":33,"column":8},"end":{"line":33,"column":11}},{"start":{"line":33,"column":15},"end":{"line":33,"column":20}}]},"5":{"loc":{"start":{"line":33,"column":28},"end":{"line":33,"column":62}},"type":"binary-expr","locations":[{"start":{"line":33,"column":28},"end":{"line":33,"column":31}},{"start":{"line":33,"column":35},"end":{"line":33,"column":62}}]},"6":{"loc":{"start":{"line":34,"column":4},"end":{"line":36,"column":5}},"type":"if","locations":[{"start":{"line":34,"column":4},"end":{"line":36,"column":5}}]},"7":{"loc":{"start":{"line":43,"column":2},"end":{"line":43,"column":69}},"type":"if","locations":[{"start":{"line":43,"column":2},"end":{"line":43,"column":69}}]},"8":{"loc":{"start":{"line":44,"column":2},"end":{"line":44,"column":71}},"type":"if","locations":[{"start":{"line":44,"column":2},"end":{"line":44,"column":71}}]},"9":{"loc":{"start":{"line":51,"column":2},"end":{"line":53,"column":3}},"type":"if","locations":[{"start":{"line":51,"column":2},"end":{"line":53,"column":3}}]},"10":{"loc":{"start":{"line":59,"column":11},"end":{"line":59,"column":67}},"type":"cond-expr","locations":[{"start":{"line":59,"column":46},"end":{"line":59,"column":48}},{"start":{"line":59,"column":46},"end":{"line":59,"column":67}}]},"11":{"loc":{"start":{"line":59,"column":11},"end":{"line":59,"column":48}},"type":"binary-expr","locations":[{"start":{"line":59,"column":11},"end":{"line":59,"column":48}},{"start":{"line":59,"column":46},"end":{"line":59,"column":48}}]}},"s":{"0":1,"1":1,"2":1,"3":1,"4":1,"5":0,"6":0,"7":0,"8":0,"9":0,"10":0,"11":0,"12":0,"13":0,"14":0,"15":0,"16":0,"17":0,"18":0,"19":0,"20":1,"21":0,"22":0,"23":0,"24":1,"25":1,"26":0},"f":{"0":0,"1":0,"2":0,"3":0,"4":0,"5":0},"b":{"0":[0],"1":[0,0],"2":[0,0],"3":[0],"4":[0,0],"5":[0,0],"6":[0],"7":[0],"8":[0],"9":[0],"10":[0,0],"11":[0,0]}}
,"C:\\dev\\fwmakc\\servers\\api-server-toolkit\\src\\common\\common.column.ts": {"path":"C:\\dev\\fwmakc\\servers\\api-server-toolkit\\src\\common\\common.column.ts","statementMap":{"0":{"start":{"line":1,"column":0},"end":{"line":1,"column":9}},"1":{"start":{"line":23,"column":2},"end":{"line":1,"column":54}},"2":{"start":{"line":2,"column":0},"end":{"line":2,"column":9}},"3":{"start":{"line":24,"column":2},"end":{"line":2,"column":56}},"4":{"start":{"line":3,"column":0},"end":{"line":3,"column":9}},"5":{"start":{"line":25,"column":2},"end":{"line":3,"column":56}},"6":{"start":{"line":4,"column":0},"end":{"line":4,"column":9}},"7":{"start":{"line":26,"column":2},"end":{"line":4,"column":50}},"8":{"start":{"line":5,"column":0},"end":{"line":5,"column":9}},"9":{"start":{"line":27,"column":2},"end":{"line":5,"column":48}},"10":{"start":{"line":6,"column":0},"end":{"line":6,"column":9}},"11":{"start":{"line":28,"column":2},"end":{"line":6,"column":63}},"12":{"start":{"line":7,"column":0},"end":{"line":7,"column":9}},"13":{"start":{"line":29,"column":2},"end":{"line":7,"column":57}},"14":{"start":{"line":8,"column":0},"end":{"line":8,"column":9}},"15":{"start":{"line":30,"column":2},"end":{"line":8,"column":57}},"16":{"start":{"line":9,"column":0},"end":{"line":9,"column":9}},"17":{"start":{"line":31,"column":2},"end":{"line":9,"column":63}},"18":{"start":{"line":10,"column":0},"end":{"line":10,"column":9}},"19":{"start":{"line":32,"column":2},"end":{"line":10,"column":50}},"20":{"start":{"line":11,"column":0},"end":{"line":11,"column":9}},"21":{"start":{"line":33,"column":2},"end":{"line":11,"column":52}},"22":{"start":{"line":12,"column":0},"end":{"line":12,"column":9}},"23":{"start":{"line":34,"column":2},"end":{"line":12,"column":46}},"24":{"start":{"line":13,"column":0},"end":{"line":13,"column":9}},"25":{"start":{"line":35,"column":2},"end":{"line":13,"column":48}},"26":{"start":{"line":14,"column":0},"end":{"line":14,"column":9}},"27":{"start":{"line":36,"column":2},"end":{"line":14,"column":50}},"28":{"start":{"line":15,"column":0},"end":{"line":15,"column":9}},"29":{"start":{"line":37,"column":2},"end":{"line":15,"column":65}},"30":{"start":{"line":16,"column":0},"end":{"line":16,"column":9}},"31":{"start":{"line":38,"column":2},"end":{"line":16,"column":67}},"32":{"start":{"line":17,"column":0},"end":{"line":17,"column":9}},"33":{"start":{"line":39,"column":2},"end":{"line":17,"column":58}},"34":{"start":{"line":18,"column":0},"end":{"line":18,"column":9}},"35":{"start":{"line":40,"column":2},"end":{"line":18,"column":50}},"36":{"start":{"line":19,"column":0},"end":{"line":19,"column":9}},"37":{"start":{"line":41,"column":2},"end":{"line":19,"column":56}},"38":{"start":{"line":20,"column":0},"end":{"line":20,"column":9}},"39":{"start":{"line":42,"column":2},"end":{"line":20,"column":56}}},"fnMap":{"0":{"name":"(anonymous_0)","decl":{"start":{"line":23,"column":2},"end":{"line":23,"column":14}},"loc":{"start":{"line":23,"column":2},"end":{"line":1,"column":54}}},"1":{"name":"(anonymous_1)","decl":{"start":{"line":24,"column":2},"end":{"line":24,"column":15}},"loc":{"start":{"line":24,"column":2},"end":{"line":2,"column":56}}},"2":{"name":"(anonymous_2)","decl":{"start":{"line":25,"column":2},"end":{"line":25,"column":15}},"loc":{"start":{"line":25,"column":2},"end":{"line":3,"column":56}}},"3":{"name":"(anonymous_3)","decl":{"start":{"line":26,"column":2},"end":{"line":26,"column":12}},"loc":{"start":{"line":26,"column":2},"end":{"line":4,"column":50}}},"4":{"name":"(anonymous_4)","decl":{"start":{"line":27,"column":2},"end":{"line":27,"column":11}},"loc":{"start":{"line":27,"column":2},"end":{"line":5,"column":48}}},"5":{"name":"(anonymous_5)","decl":{"start":{"line":28,"column":2},"end":{"line":28,"column":18}},"loc":{"start":{"line":28,"column":2},"end":{"line":6,"column":63}}},"6":{"name":"(anonymous_6)","decl":{"start":{"line":29,"column":2},"end":{"line":29,"column":15}},"loc":{"start":{"line":29,"column":2},"end":{"line":7,"column":57}}},"7":{"name":"(anonymous_7)","decl":{"start":{"line":30,"column":2},"end":{"line":30,"column":15}},"loc":{"start":{"line":30,"column":2},"end":{"line":8,"column":57}}},"8":{"name":"(anonymous_8)","decl":{"start":{"line":31,"column":2},"end":{"line":31,"column":18}},"loc":{"start":{"line":31,"column":2},"end":{"line":9,"column":63}}},"9":{"name":"(anonymous_9)","decl":{"start":{"line":32,"column":2},"end":{"line":32,"column":12}},"loc":{"start":{"line":32,"column":2},"end":{"line":10,"column":50}}},"10":{"name":"(anonymous_10)","decl":{"start":{"line":33,"column":2},"end":{"line":33,"column":13}},"loc":{"start":{"line":33,"column":2},"end":{"line":11,"column":52}}},"11":{"name":"(anonymous_11)","decl":{"start":{"line":34,"column":2},"end":{"line":34,"column":10}},"loc":{"start":{"line":34,"column":2},"end":{"line":12,"column":46}}},"12":{"name":"(anonymous_12)","decl":{"start":{"line":35,"column":2},"end":{"line":35,"column":11}},"loc":{"start":{"line":35,"column":2},"end":{"line":13,"column":48}}},"13":{"name":"(anonymous_13)","decl":{"start":{"line":36,"column":2},"end":{"line":36,"column":12}},"loc":{"start":{"line":36,"column":2},"end":{"line":14,"column":50}}},"14":{"name":"(anonymous_14)","decl":{"start":{"line":37,"column":2},"end":{"line":37,"column":19}},"loc":{"start":{"line":37,"column":2},"end":{"line":15,"column":65}}},"15":{"name":"(anonymous_15)","decl":{"start":{"line":38,"column":2},"end":{"line":38,"column":20}},"loc":{"start":{"line":38,"column":2},"end":{"line":16,"column":67}}},"16":{"name":"(anonymous_16)","decl":{"start":{"line":39,"column":2},"end":{"line":39,"column":16}},"loc":{"start":{"line":39,"column":2},"end":{"line":17,"column":58}}},"17":{"name":"(anonymous_17)","decl":{"start":{"line":40,"column":2},"end":{"line":40,"column":12}},"loc":{"start":{"line":40,"column":2},"end":{"line":18,"column":50}}},"18":{"name":"(anonymous_18)","decl":{"start":{"line":41,"column":2},"end":{"line":41,"column":15}},"loc":{"start":{"line":41,"column":2},"end":{"line":19,"column":56}}},"19":{"name":"(anonymous_19)","decl":{"start":{"line":42,"column":2},"end":{"line":42,"column":15}},"loc":{"start":{"line":42,"column":2},"end":{"line":20,"column":56}}}},"branchMap":{},"s":{"0":0,"1":0,"2":0,"3":0,"4":0,"5":0,"6":0,"7":0,"8":0,"9":0,"10":0,"11":0,"12":0,"13":0,"14":0,"15":0,"16":0,"17":0,"18":0,"19":0,"20":0,"21":0,"22":0,"23":0,"24":0,"25":0,"26":0,"27":0,"28":0,"29":0,"30":0,"31":0,"32":0,"33":0,"34":0,"35":0,"36":0,"37":0,"38":0,"39":0},"f":{"0":0,"1":0,"2":0,"3":0,"4":0,"5":0,"6":0,"7":0,"8":0,"9":0,"10":0,"11":0,"12":0,"13":0,"14":0,"15":0,"16":0,"17":0,"18":0,"19":0},"b":{}}
,"C:\\dev\\fwmakc\\servers\\api-server-toolkit\\src\\common\\common.decorator.ts": {"path":"C:\\dev\\fwmakc\\servers\\api-server-toolkit\\src\\common\\common.decorator.ts","statementMap":{"0":{"start":{"line":1,"column":0},"end":{"line":1,"column":null}},"1":{"start":{"line":7,"column":0},"end":{"line":7,"column":41}},"2":{"start":{"line":8,"column":0},"end":{"line":8,"column":48}},"3":{"start":{"line":9,"column":0},"end":{"line":9,"column":52}},"4":{"start":{"line":10,"column":0},"end":{"line":10,"column":50}},"5":{"start":{"line":11,"column":0},"end":{"line":11,"column":41}},"6":{"start":{"line":12,"column":0},"end":{"line":12,"column":43}},"7":{"start":{"line":13,"column":0},"end":{"line":13,"column":45}},"8":{"start":{"line":14,"column":0},"end":{"line":14,"column":45}},"9":{"start":{"line":15,"column":0},"end":{"line":15,"column":45}},"10":{"start":{"line":16,"column":0},"end":{"line":16,"column":58}},"11":{"start":{"line":17,"column":0},"end":{"line":17,"column":58}},"12":{"start":{"line":18,"column":0},"end":{"line":18,"column":51}},"13":{"start":{"line":19,"column":0},"end":{"line":19,"column":64}},"14":{"start":{"line":21,"column":13},"end":{"line":34,"column":2}},"15":{"start":{"line":23,"column":20},"end":{"line":23,"column":55}},"16":{"start":{"line":24,"column":28},"end":{"line":24,"column":35}},"17":{"start":{"line":25,"column":17},"end":{"line":25,"column":38}},"18":{"start":{"line":26,"column":17},"end":{"line":26,"column":39}},"19":{"start":{"line":27,"column":4},"end":{"line":31,"column":5}},"20":{"start":{"line":28,"column":6},"end":{"line":30,"column":16}},"21":{"start":{"line":29,"column":8},"end":{"line":29,"column":36}},"22":{"start":{"line":32,"column":4},"end":{"line":32,"column":18}},"23":{"start":{"line":36,"column":19},"end":{"line":70,"column":1}},"24":{"start":{"line":37,"column":2},"end":{"line":39,"column":3}},"25":{"start":{"line":38,"column":4},"end":{"line":38,"column":46}},"26":{"start":{"line":40,"column":2},"end":{"line":42,"column":3}},"27":{"start":{"line":41,"column":4},"end":{"line":41,"column":49}},"28":{"start":{"line":43,"column":2},"end":{"line":45,"column":3}},"29":{"start":{"line":44,"column":4},"end":{"line":44,"column":51}},"30":{"start":{"line":46,"column":2},"end":{"line":48,"column":3}},"31":{"start":{"line":47,"column":4},"end":{"line":47,"column":50}},"32":{"start":{"line":49,"column":2},"end":{"line":51,"column":3}},"33":{"start":{"line":50,"column":4},"end":{"line":50,"column":46}},"34":{"start":{"line":52,"column":2},"end":{"line":54,"column":3}},"35":{"start":{"line":53,"column":4},"end":{"line":53,"column":47}},"36":{"start":{"line":55,"column":2},"end":{"line":57,"column":3}},"37":{"start":{"line":56,"column":4},"end":{"line":56,"column":48}},"38":{"start":{"line":58,"column":2},"end":{"line":60,"column":3}},"39":{"start":{"line":59,"column":4},"end":{"line":59,"column":48}},"40":{"start":{"line":61,"column":2},"end":{"line":63,"column":3}},"41":{"start":{"line":62,"column":4},"end":{"line":62,"column":40}},"42":{"start":{"line":64,"column":2},"end":{"line":66,"column":3}},"43":{"start":{"line":65,"column":4},"end":{"line":65,"column":54}},"44":{"start":{"line":67,"column":2},"end":{"line":69,"column":3}},"45":{"start":{"line":68,"column":4},"end":{"line":68,"column":46}},"46":{"start":{"line":36,"column":13},"end":{"line":36,"column":19}},"47":{"start":{"line":72,"column":22},"end":{"line":74,"column":1}},"48":{"start":{"line":73,"column":2},"end":{"line":73,"column":49}},"49":{"start":{"line":72,"column":13},"end":{"line":72,"column":22}},"50":{"start":{"line":76,"column":28},"end":{"line":78,"column":1}},"51":{"start":{"line":77,"column":2},"end":{"line":77,"column":55}},"52":{"start":{"line":76,"column":13},"end":{"line":76,"column":28}}},"fnMap":{"0":{"name":"(anonymous_0)","decl":{"start":{"line":22,"column":2},"end":{"line":22,"column":7}},"loc":{"start":{"line":22,"column":48},"end":{"line":33,"column":3}}},"1":{"name":"(anonymous_1)","decl":{"start":{"line":36,"column":19},"end":{"line":36,"column":20}},"loc":{"start":{"line":36,"column":38},"end":{"line":70,"column":1}}},"2":{"name":"(anonymous_2)","decl":{"start":{"line":72,"column":22},"end":{"line":72,"column":25}},"loc":{"start":{"line":72,"column":27},"end":{"line":74,"column":1}}},"3":{"name":"(anonymous_3)","decl":{"start":{"line":76,"column":28},"end":{"line":76,"column":31}},"loc":{"start":{"line":76,"column":33},"end":{"line":78,"column":1}}}},"branchMap":{"0":{"loc":{"start":{"line":22,"column":9},"end":{"line":22,"column":17}},"type":"default-arg","locations":[{"start":{"line":22,"column":15},"end":{"line":22,"column":17}}]},"1":{"loc":{"start":{"line":26,"column":17},"end":{"line":26,"column":39}},"type":"cond-expr","locations":[{"start":{"line":26,"column":23},"end":{"line":26,"column":32}},{"start":{"line":26,"column":35},"end":{"line":26,"column":39}}]},"2":{"loc":{"start":{"line":27,"column":4},"end":{"line":31,"column":5}},"type":"if","locations":[{"start":{"line":27,"column":4},"end":{"line":31,"column":5}}]},"3":{"loc":{"start":{"line":37,"column":2},"end":{"line":39,"column":3}},"type":"if","locations":[{"start":{"line":37,"column":2},"end":{"line":39,"column":3}}]},"4":{"loc":{"start":{"line":40,"column":2},"end":{"line":42,"column":3}},"type":"if","locations":[{"start":{"line":40,"column":2},"end":{"line":42,"column":3}}]},"5":{"loc":{"start":{"line":43,"column":2},"end":{"line":45,"column":3}},"type":"if","locations":[{"start":{"line":43,"column":2},"end":{"line":45,"column":3}}]},"6":{"loc":{"start":{"line":46,"column":2},"end":{"line":48,"column":3}},"type":"if","locations":[{"start":{"line":46,"column":2},"end":{"line":48,"column":3}}]},"7":{"loc":{"start":{"line":49,"column":2},"end":{"line":51,"column":3}},"type":"if","locations":[{"start":{"line":49,"column":2},"end":{"line":51,"column":3}}]},"8":{"loc":{"start":{"line":52,"column":2},"end":{"line":54,"column":3}},"type":"if","locations":[{"start":{"line":52,"column":2},"end":{"line":54,"column":3}}]},"9":{"loc":{"start":{"line":55,"column":2},"end":{"line":57,"column":3}},"type":"if","locations":[{"start":{"line":55,"column":2},"end":{"line":57,"column":3}}]},"10":{"loc":{"start":{"line":58,"column":2},"end":{"line":60,"column":3}},"type":"if","locations":[{"start":{"line":58,"column":2},"end":{"line":60,"column":3}}]},"11":{"loc":{"start":{"line":61,"column":2},"end":{"line":63,"column":3}},"type":"if","locations":[{"start":{"line":61,"column":2},"end":{"line":63,"column":3}}]},"12":{"loc":{"start":{"line":64,"column":2},"end":{"line":66,"column":3}},"type":"if","locations":[{"start":{"line":64,"column":2},"end":{"line":66,"column":3}}]},"13":{"loc":{"start":{"line":67,"column":2},"end":{"line":69,"column":3}},"type":"if","locations":[{"start":{"line":67,"column":2},"end":{"line":69,"column":3}}]}},"s":{"0":1,"1":1,"2":1,"3":1,"4":1,"5":1,"6":1,"7":1,"8":1,"9":1,"10":1,"11":1,"12":1,"13":1,"14":1,"15":0,"16":0,"17":0,"18":0,"19":0,"20":0,"21":0,"22":0,"23":1,"24":0,"25":0,"26":0,"27":0,"28":0,"29":0,"30":0,"31":0,"32":0,"33":0,"34":0,"35":0,"36":0,"37":0,"38":0,"39":0,"40":0,"41":0,"42":0,"43":0,"44":0,"45":0,"46":1,"47":1,"48":0,"49":1,"50":1,"51":0,"52":1},"f":{"0":0,"1":0,"2":0,"3":0},"b":{"0":[0],"1":[0,0],"2":[0],"3":[0],"4":[0],"5":[0],"6":[0],"7":[0],"8":[0],"9":[0],"10":[0],"11":[0],"12":[0],"13":[0]}}
,"C:\\dev\\fwmakc\\servers\\api-server-toolkit\\src\\common\\common.doc.ts": {"path":"C:\\dev\\fwmakc\\servers\\api-server-toolkit\\src\\common\\common.doc.ts","statementMap":{"0":{"start":{"line":1,"column":0},"end":{"line":1,"column":61}},"1":{"start":{"line":2,"column":0},"end":{"line":2,"column":null}},"2":{"start":{"line":12,"column":0},"end":{"line":12,"column":51}},"3":{"start":{"line":14,"column":25},"end":{"line":91,"column":1}},"4":{"start":{"line":22,"column":21},"end":{"line":22,"column":23}},"5":{"start":{"line":24,"column":2},"end":{"line":24,"column":52}},"6":{"start":{"line":26,"column":2},"end":{"line":41,"column":3}},"7":{"start":{"line":27,"column":4},"end":{"line":40,"column":7}},"8":{"start":{"line":28,"column":6},"end":{"line":30,"column":7}},"9":{"start":{"line":29,"column":8},"end":{"line":29,"column":31}},"10":{"start":{"line":31,"column":6},"end":{"line":35,"column":7}},"11":{"start":{"line":32,"column":8},"end":{"line":34,"column":25}},"12":{"start":{"line":36,"column":6},"end":{"line":38,"column":7}},"13":{"start":{"line":37,"column":8},"end":{"line":37,"column":54}},"14":{"start":{"line":39,"column":6},"end":{"line":39,"column":39}},"15":{"start":{"line":43,"column":2},"end":{"line":56,"column":3}},"16":{"start":{"line":44,"column":4},"end":{"line":55,"column":7}},"17":{"start":{"line":45,"column":6},"end":{"line":47,"column":7}},"18":{"start":{"line":46,"column":8},"end":{"line":46,"column":31}},"19":{"start":{"line":48,"column":6},"end":{"line":50,"column":7}},"20":{"start":{"line":49,"column":8},"end":{"line":49,"column":76}},"21":{"start":{"line":51,"column":6},"end":{"line":53,"column":7}},"22":{"start":{"line":52,"column":8},"end":{"line":52,"column":54}},"23":{"start":{"line":54,"column":6},"end":{"line":54,"column":39}},"24":{"start":{"line":58,"column":2},"end":{"line":63,"column":3}},"25":{"start":{"line":59,"column":4},"end":{"line":61,"column":5}},"26":{"start":{"line":60,"column":6},"end":{"line":60,"column":18}},"27":{"start":{"line":62,"column":4},"end":{"line":62,"column":30}},"28":{"start":{"line":65,"column":2},"end":{"line":73,"column":3}},"29":{"start":{"line":66,"column":4},"end":{"line":66,"column":47}},"30":{"start":{"line":68,"column":18},"end":{"line":68,"column":20}},"31":{"start":{"line":69,"column":4},"end":{"line":71,"column":7}},"32":{"start":{"line":70,"column":6},"end":{"line":70,"column":49}},"33":{"start":{"line":72,"column":4},"end":{"line":72,"column":52}},"34":{"start":{"line":75,"column":2},"end":{"line":81,"column":4}},"35":{"start":{"line":83,"column":2},"end":{"line":88,"column":4}},"36":{"start":{"line":90,"column":2},"end":{"line":90,"column":40}},"37":{"start":{"line":14,"column":13},"end":{"line":14,"column":25}}},"fnMap":{"0":{"name":"(anonymous_0)","decl":{"start":{"line":14,"column":25},"end":{"line":14,"column":26}},"loc":{"start":{"line":21,"column":5},"end":{"line":91,"column":1}}},"1":{"name":"(anonymous_1)","decl":{"start":{"line":27,"column":20},"end":{"line":27,"column":21}},"loc":{"start":{"line":27,"column":30},"end":{"line":40,"column":5}}},"2":{"name":"(anonymous_2)","decl":{"start":{"line":44,"column":29},"end":{"line":44,"column":30}},"loc":{"start":{"line":44,"column":39},"end":{"line":55,"column":5}}},"3":{"name":"(anonymous_3)","decl":{"start":{"line":69,"column":19},"end":{"line":69,"column":20}},"loc":{"start":{"line":69,"column":29},"end":{"line":71,"column":5}}}},"branchMap":{"0":{"loc":{"start":{"line":16,"column":2},"end":{"line":16,"column":20}},"type":"default-arg","locations":[{"start":{"line":16,"column":11},"end":{"line":16,"column":20}}]},"1":{"loc":{"start":{"line":17,"column":2},"end":{"line":17,"column":21}},"type":"default-arg","locations":[{"start":{"line":17,"column":12},"end":{"line":17,"column":21}}]},"2":{"loc":{"start":{"line":18,"column":2},"end":{"line":18,"column":19}},"type":"default-arg","locations":[{"start":{"line":18,"column":14},"end":{"line":18,"column":19}}]},"3":{"loc":{"start":{"line":19,"column":2},"end":{"line":19,"column":21}},"type":"default-arg","locations":[{"start":{"line":19,"column":12},"end":{"line":19,"column":21}}]},"4":{"loc":{"start":{"line":20,"column":2},"end":{"line":20,"column":20}},"type":"default-arg","locations":[{"start":{"line":20,"column":11},"end":{"line":20,"column":20}}]},"5":{"loc":{"start":{"line":26,"column":2},"end":{"line":41,"column":3}},"type":"if","locations":[{"start":{"line":26,"column":2},"end":{"line":41,"column":3}}]},"6":{"loc":{"start":{"line":28,"column":6},"end":{"line":30,"column":7}},"type":"if","locations":[{"start":{"line":28,"column":6},"end":{"line":30,"column":7}}]},"7":{"loc":{"start":{"line":31,"column":6},"end":{"line":35,"column":7}},"type":"if","locations":[{"start":{"line":31,"column":6},"end":{"line":35,"column":7}}]},"8":{"loc":{"start":{"line":32,"column":24},"end":{"line":32,"column":40}},"type":"binary-expr","locations":[{"start":{"line":32,"column":24},"end":{"line":32,"column":34}},{"start":{"line":32,"column":38},"end":{"line":32,"column":40}}]},"9":{"loc":{"start":{"line":33,"column":10},"end":{"line":33,"column":null}},"type":"cond-expr","locations":[{"start":{"line":33,"column":23},"end":{"line":33,"column":27}},{"start":{"line":33,"column":30},"end":{"line":33,"column":null}}]},"10":{"loc":{"start":{"line":36,"column":6},"end":{"line":38,"column":7}},"type":"if","locations":[{"start":{"line":36,"column":6},"end":{"line":38,"column":7}}]},"11":{"loc":{"start":{"line":43,"column":2},"end":{"line":56,"column":3}},"type":"if","locations":[{"start":{"line":43,"column":2},"end":{"line":56,"column":3}}]},"12":{"loc":{"start":{"line":45,"column":6},"end":{"line":47,"column":7}},"type":"if","locations":[{"start":{"line":45,"column":6},"end":{"line":47,"column":7}}]},"13":{"loc":{"start":{"line":48,"column":6},"end":{"line":50,"column":7}},"type":"if","locations":[{"start":{"line":48,"column":6},"end":{"line":50,"column":7}}]},"14":{"loc":{"start":{"line":49,"column":24},"end":{"line":49,"column":59}},"type":"cond-expr","locations":[{"start":{"line":49,"column":37},"end":{"line":49,"column":54}},{"start":{"line":49,"column":57},"end":{"line":49,"column":59}}]},"15":{"loc":{"start":{"line":51,"column":6},"end":{"line":53,"column":7}},"type":"if","locations":[{"start":{"line":51,"column":6},"end":{"line":53,"column":7}}]},"16":{"loc":{"start":{"line":58,"column":2},"end":{"line":63,"column":3}},"type":"if","locations":[{"start":{"line":58,"column":2},"end":{"line":63,"column":3}}]},"17":{"loc":{"start":{"line":59,"column":4},"end":{"line":61,"column":5}},"type":"if","locations":[{"start":{"line":59,"column":4},"end":{"line":61,"column":5}}]},"18":{"loc":{"start":{"line":59,"column":9},"end":{"line":59,"column":23}},"type":"cond-expr","locations":[{"start":{"line":59,"column":15},"end":{"line":59,"column":17}},{"start":{"line":59,"column":9},"end":{"line":59,"column":23}}]},"19":{"loc":{"start":{"line":59,"column":9},"end":{"line":59,"column":17}},"type":"binary-expr","locations":[{"start":{"line":59,"column":9},"end":{"line":59,"column":17}},{"start":{"line":59,"column":9},"end":{"line":59,"column":17}}]},"20":{"loc":{"start":{"line":65,"column":2},"end":{"line":73,"column":3}},"type":"if","locations":[{"start":{"line":65,"column":2},"end":{"line":73,"column":3}}]},"21":{"loc":{"start":{"line":65,"column":6},"end":{"line":65,"column":20}},"type":"cond-expr","locations":[{"start":{"line":65,"column":12},"end":{"line":65,"column":14}},{"start":{"line":65,"column":6},"end":{"line":65,"column":20}}]},"22":{"loc":{"start":{"line":65,"column":6},"end":{"line":65,"column":14}},"type":"binary-expr","locations":[{"start":{"line":65,"column":6},"end":{"line":65,"column":14}},{"start":{"line":65,"column":6},"end":{"line":65,"column":14}}]}},"s":{"0":1,"1":1,"2":1,"3":1,"4":0,"5":0,"6":0,"7":0,"8":0,"9":0,"10":0,"11":0,"12":0,"13":0,"14":0,"15":0,"16":0,"17":0,"18":0,"19":0,"20":0,"21":0,"22":0,"23":0,"24":0,"25":0,"26":0,"27":0,"28":0,"29":0,"30":0,"31":0,"32":0,"33":0,"34":0,"35":0,"36":0,"37":1},"f":{"0":0,"1":0,"2":0,"3":0},"b":{"0":[0],"1":[0],"2":[0],"3":[0],"4":[0],"5":[0],"6":[0],"7":[0],"8":[0,0],"9":[0,0],"10":[0],"11":[0],"12":[0],"13":[0],"14":[0,0],"15":[0],"16":[0],"17":[0],"18":[0,0],"19":[0,0],"20":[0],"21":[0,0],"22":[0,0]}}
,"C:\\dev\\fwmakc\\servers\\api-server-toolkit\\src\\common\\common.dto.ts": {"path":"C:\\dev\\fwmakc\\servers\\api-server-toolkit\\src\\common\\common.dto.ts","statementMap":{"0":{"start":{"line":1,"column":0},"end":{"line":1,"column":46}},"1":{"start":{"line":3,"column":0},"end":{"line":3,"column":13}},"2":{"start":{"line":8,"column":2},"end":{"line":8,"column":null}}},"fnMap":{},"branchMap":{},"s":{"0":0,"1":0,"2":0},"f":{},"b":{}}
,"C:\\dev\\fwmakc\\servers\\api-server-toolkit\\src\\common\\common.enum.ts": {"path":"C:\\dev\\fwmakc\\servers\\api-server-toolkit\\src\\common\\common.enum.ts","statementMap":{"0":{"start":{"line":1,"column":0},"end":{"line":1,"column":null}},"1":{"start":{"line":2,"column":2},"end":{"line":2,"column":null}},"2":{"start":{"line":3,"column":2},"end":{"line":3,"column":null}},"3":{"start":{"line":6,"column":0},"end":{"line":6,"column":null}},"4":{"start":{"line":7,"column":2},"end":{"line":7,"column":null}},"5":{"start":{"line":8,"column":2},"end":{"line":8,"column":null}},"6":{"start":{"line":9,"column":2},"end":{"line":9,"column":null}},"7":{"start":{"line":12,"column":0},"end":{"line":12,"column":null}},"8":{"start":{"line":13,"column":2},"end":{"line":13,"column":null}},"9":{"start":{"line":14,"column":2},"end":{"line":14,"column":null}},"10":{"start":{"line":15,"column":2},"end":{"line":15,"column":null}},"11":{"start":{"line":16,"column":2},"end":{"line":16,"column":null}},"12":{"start":{"line":17,"column":2},"end":{"line":17,"column":null}},"13":{"start":{"line":20,"column":0},"end":{"line":20,"column":null}},"14":{"start":{"line":21,"column":2},"end":{"line":21,"column":null}},"15":{"start":{"line":22,"column":2},"end":{"line":22,"column":null}},"16":{"start":{"line":25,"column":0},"end":{"line":25,"column":null}},"17":{"start":{"line":26,"column":2},"end":{"line":26,"column":null}},"18":{"start":{"line":27,"column":2},"end":{"line":27,"column":null}},"19":{"start":{"line":28,"column":2},"end":{"line":28,"column":null}},"20":{"start":{"line":29,"column":2},"end":{"line":29,"column":null}},"21":{"start":{"line":30,"column":2},"end":{"line":30,"column":null}}},"fnMap":{"0":{"name":"(anonymous_0)","decl":{"start":{"line":1,"column":0},"end":{"line":1,"column":12}},"loc":{"start":{"line":1,"column":23},"end":{"line":4,"column":1}}},"1":{"name":"(anonymous_1)","decl":{"start":{"line":6,"column":0},"end":{"line":6,"column":12}},"loc":{"start":{"line":6,"column":23},"end":{"line":10,"column":1}}},"2":{"name":"(anonymous_2)","decl":{"start":{"line":12,"column":0},"end":{"line":12,"column":12}},"loc":{"start":{"line":12,"column":22},"end":{"line":18,"column":1}}},"3":{"name":"(anonymous_3)","decl":{"start":{"line":20,"column":0},"end":{"line":20,"column":12}},"loc":{"start":{"line":20,"column":25},"end":{"line":23,"column":1}}},"4":{"name":"(anonymous_4)","decl":{"start":{"line":25,"column":0},"end":{"line":25,"column":12}},"loc":{"start":{"line":25,"column":22},"end":{"line":31,"column":1}}}},"branchMap":{"0":{"loc":{"start":{"line":1,"column":12},"end":{"line":1,"column":null}},"type":"binary-expr","locations":[{"start":{"line":1,"column":12},"end":{"line":1,"column":23}},{"start":{"line":1,"column":23},"end":{"line":1,"column":null}}]},"1":{"loc":{"start":{"line":6,"column":12},"end":{"line":6,"column":null}},"type":"binary-expr","locations":[{"start":{"line":6,"column":12},"end":{"line":6,"column":23}},{"start":{"line":6,"column":23},"end":{"line":6,"column":null}}]},"2":{"loc":{"start":{"line":12,"column":12},"end":{"line":12,"column":null}},"type":"binary-expr","locations":[{"start":{"line":12,"column":12},"end":{"line":12,"column":22}},{"start":{"line":12,"column":22},"end":{"line":12,"column":null}}]},"3":{"loc":{"start":{"line":20,"column":12},"end":{"line":20,"column":null}},"type":"binary-expr","locations":[{"start":{"line":20,"column":12},"end":{"line":20,"column":25}},{"start":{"line":20,"column":25},"end":{"line":20,"column":null}}]},"4":{"loc":{"start":{"line":25,"column":12},"end":{"line":25,"column":null}},"type":"binary-expr","locations":[{"start":{"line":25,"column":12},"end":{"line":25,"column":22}},{"start":{"line":25,"column":22},"end":{"line":25,"column":null}}]}},"s":{"0":0,"1":0,"2":0,"3":0,"4":0,"5":0,"6":0,"7":0,"8":0,"9":0,"10":0,"11":0,"12":0,"13":0,"14":0,"15":0,"16":0,"17":0,"18":0,"19":0,"20":0,"21":0},"f":{"0":0,"1":0,"2":0,"3":0,"4":0},"b":{"0":[0,0],"1":[0,0],"2":[0,0],"3":[0,0],"4":[0,0]}}
,"C:\\dev\\fwmakc\\servers\\api-server-toolkit\\src\\common\\common.service.ts": {"path":"C:\\dev\\fwmakc\\servers\\api-server-toolkit\\src\\common\\common.service.ts","statementMap":{"0":{"start":{"line":1,"column":0},"end":{"line":1,"column":53}},"1":{"start":{"line":2,"column":0},"end":{"line":2,"column":55}},"2":{"start":{"line":3,"column":0},"end":{"line":3,"column":68}},"3":{"start":{"line":4,"column":0},"end":{"line":4,"column":null}},"4":{"start":{"line":16,"column":0},"end":{"line":16,"column":null}},"5":{"start":{"line":20,"column":0},"end":{"line":20,"column":46}},"6":{"start":{"line":22,"column":0},"end":{"line":22,"column":85}},"7":{"start":{"line":23,"column":0},"end":{"line":23,"column":89}},"8":{"start":{"line":24,"column":0},"end":{"line":24,"column":76}},"9":{"start":{"line":25,"column":0},"end":{"line":25,"column":81}},"10":{"start":{"line":26,"column":0},"end":{"line":26,"column":108}},"11":{"start":{"line":27,"column":0},"end":{"line":27,"column":76}},"12":{"start":{"line":30,"column":25},"end":{"line":30,"column":40}},"13":{"start":{"line":39,"column":26},"end":{"line":39,"column":78}},"14":{"start":{"line":40,"column":23},"end":{"line":40,"column":64}},"15":{"start":{"line":41,"column":4},"end":{"line":45,"column":5}},"16":{"start":{"line":42,"column":6},"end":{"line":42,"column":72}},"17":{"start":{"line":44,"column":6},"end":{"line":44,"column":20}},"18":{"start":{"line":52,"column":21},"end":{"line":52,"column":65}},"19":{"start":{"line":53,"column":4},"end":{"line":53,"column":18}},"20":{"start":{"line":60,"column":29},"end":{"line":60,"column":37}},"21":{"start":{"line":61,"column":23},"end":{"line":61,"column":66}},"22":{"start":{"line":61,"column":48},"end":{"line":61,"column":62}},"23":{"start":{"line":62,"column":4},"end":{"line":62,"column":96}},"24":{"start":{"line":69,"column":28},"end":{"line":69,"column":35}},"25":{"start":{"line":70,"column":23},"end":{"line":70,"column":44}},"26":{"start":{"line":71,"column":21},"end":{"line":71,"column":83}},"27":{"start":{"line":72,"column":4},"end":{"line":72,"column":18}},"28":{"start":{"line":76,"column":26},"end":{"line":76,"column":78}},"29":{"start":{"line":77,"column":37},"end":{"line":77,"column":79}},"30":{"start":{"line":78,"column":4},"end":{"line":81,"column":7}},"31":{"start":{"line":85,"column":4},"end":{"line":87,"column":5}},"32":{"start":{"line":86,"column":6},"end":{"line":86,"column":68}},"33":{"start":{"line":88,"column":24},"end":{"line":88,"column":83}},"34":{"start":{"line":88,"column":68},"end":{"line":88,"column":82}},"35":{"start":{"line":89,"column":4},"end":{"line":91,"column":5}},"36":{"start":{"line":90,"column":6},"end":{"line":90,"column":63}},"37":{"start":{"line":92,"column":15},"end":{"line":92,"column":54}},"38":{"start":{"line":93,"column":19},"end":{"line":93,"column":37}},"39":{"start":{"line":94,"column":4},"end":{"line":94,"column":31}},"40":{"start":{"line":94,"column":15},"end":{"line":94,"column":31}},"41":{"start":{"line":95,"column":19},"end":{"line":95,"column":85}},"42":{"start":{"line":96,"column":4},"end":{"line":96,"column":38}},"43":{"start":{"line":105,"column":4},"end":{"line":105,"column":18}},"44":{"start":{"line":106,"column":37},"end":{"line":106,"column":47}},"45":{"start":{"line":107,"column":4},"end":{"line":107,"column":74}},"46":{"start":{"line":109,"column":4},"end":{"line":123,"column":5}},"47":{"start":{"line":111,"column":23},"end":{"line":114,"column":7}},"48":{"start":{"line":112,"column":22},"end":{"line":112,"column":91}},"49":{"start":{"line":113,"column":8},"end":{"line":113,"column":28}},"50":{"start":{"line":115,"column":6},"end":{"line":119,"column":7}},"51":{"start":{"line":116,"column":8},"end":{"line":116,"column":40}},"52":{"start":{"line":118,"column":8},"end":{"line":118,"column":60}},"53":{"start":{"line":120,"column":6},"end":{"line":120,"column":66}},"54":{"start":{"line":122,"column":6},"end":{"line":122,"column":20}},"55":{"start":{"line":127,"column":17},"end":{"line":127,"column":90}},"56":{"start":{"line":128,"column":4},"end":{"line":128,"column":35}},"57":{"start":{"line":138,"column":4},"end":{"line":138,"column":33}},"58":{"start":{"line":138,"column":26},"end":{"line":138,"column":33}},"59":{"start":{"line":139,"column":19},"end":{"line":139,"column":73}},"60":{"start":{"line":140,"column":4},"end":{"line":140,"column":24}},"61":{"start":{"line":140,"column":17},"end":{"line":140,"column":24}},"62":{"start":{"line":142,"column":37},"end":{"line":142,"column":51}},"63":{"start":{"line":143,"column":4},"end":{"line":143,"column":74}},"64":{"start":{"line":145,"column":4},"end":{"line":157,"column":5}},"65":{"start":{"line":146,"column":23},"end":{"line":148,"column":7}},"66":{"start":{"line":147,"column":8},"end":{"line":147,"column":78}},"67":{"start":{"line":149,"column":6},"end":{"line":153,"column":7}},"68":{"start":{"line":150,"column":8},"end":{"line":150,"column":40}},"69":{"start":{"line":152,"column":8},"end":{"line":152,"column":60}},"70":{"start":{"line":154,"column":6},"end":{"line":154,"column":57}},"71":{"start":{"line":156,"column":6},"end":{"line":156,"column":20}},"72":{"start":{"line":161,"column":19},"end":{"line":161,"column":35}},"73":{"start":{"line":162,"column":4},"end":{"line":162,"column":66}},"74":{"start":{"line":163,"column":17},"end":{"line":163,"column":90}},"75":{"start":{"line":164,"column":4},"end":{"line":164,"column":35}},"76":{"start":{"line":168,"column":37},"end":{"line":169,"column":null}},"77":{"start":{"line":169,"column":18},"end":{"line":169,"column":46}},"78":{"start":{"line":171,"column":4},"end":{"line":171,"column":33}},"79":{"start":{"line":175,"column":4},"end":{"line":178,"column":5}},"80":{"start":{"line":176,"column":19},"end":{"line":176,"column":73}},"81":{"start":{"line":177,"column":6},"end":{"line":177,"column":30}},"82":{"start":{"line":177,"column":17},"end":{"line":177,"column":30}},"83":{"start":{"line":179,"column":4},"end":{"line":188,"column":5}},"84":{"start":{"line":180,"column":19},"end":{"line":180,"column":108}},"85":{"start":{"line":181,"column":28},"end":{"line":181,"column":80}},"86":{"start":{"line":182,"column":6},"end":{"line":184,"column":7}},"87":{"start":{"line":183,"column":8},"end":{"line":183,"column":57}},"88":{"start":{"line":185,"column":6},"end":{"line":185,"column":40}},"89":{"start":{"line":187,"column":6},"end":{"line":187,"column":20}},"90":{"start":{"line":192,"column":4},"end":{"line":195,"column":5}},"91":{"start":{"line":193,"column":19},"end":{"line":193,"column":73}},"92":{"start":{"line":194,"column":6},"end":{"line":194,"column":30}},"93":{"start":{"line":194,"column":17},"end":{"line":194,"column":30}},"94":{"start":{"line":196,"column":4},"end":{"line":201,"column":5}},"95":{"start":{"line":197,"column":19},"end":{"line":197,"column":108}},"96":{"start":{"line":198,"column":6},"end":{"line":198,"column":40}},"97":{"start":{"line":200,"column":6},"end":{"line":200,"column":20}},"98":{"start":{"line":205,"column":16},"end":{"line":205,"column":68}},"99":{"start":{"line":206,"column":4},"end":{"line":206,"column":27}},"100":{"start":{"line":206,"column":14},"end":{"line":206,"column":27}},"101":{"start":{"line":207,"column":4},"end":{"line":210,"column":5}},"102":{"start":{"line":208,"column":19},"end":{"line":208,"column":73}},"103":{"start":{"line":209,"column":6},"end":{"line":209,"column":30}},"104":{"start":{"line":209,"column":17},"end":{"line":209,"column":30}},"105":{"start":{"line":211,"column":4},"end":{"line":215,"column":5}},"106":{"start":{"line":212,"column":6},"end":{"line":212,"column":60}},"107":{"start":{"line":214,"column":6},"end":{"line":214,"column":20}},"108":{"start":{"line":223,"column":4},"end":{"line":223,"column":18}},"109":{"start":{"line":224,"column":37},"end":{"line":224,"column":47}},"110":{"start":{"line":226,"column":4},"end":{"line":235,"column":5}},"111":{"start":{"line":227,"column":25},"end":{"line":230,"column":null}},"112":{"start":{"line":232,"column":6},"end":{"line":234,"column":7}},"113":{"start":{"line":233,"column":8},"end":{"line":233,"column":56}},"114":{"start":{"line":237,"column":25},"end":{"line":237,"column":59}},"115":{"start":{"line":238,"column":4},"end":{"line":240,"column":5}},"116":{"start":{"line":239,"column":6},"end":{"line":239,"column":70}},"117":{"start":{"line":242,"column":4},"end":{"line":252,"column":5}},"118":{"start":{"line":243,"column":6},"end":{"line":243,"column":53}},"119":{"start":{"line":245,"column":6},"end":{"line":250,"column":7}},"120":{"start":{"line":246,"column":28},"end":{"line":246,"column":62}},"121":{"start":{"line":247,"column":8},"end":{"line":249,"column":9}},"122":{"start":{"line":248,"column":10},"end":{"line":248,"column":73}},"123":{"start":{"line":251,"column":6},"end":{"line":251,"column":20}},"124":{"start":{"line":260,"column":4},"end":{"line":260,"column":59}},"125":{"start":{"line":262,"column":4},"end":{"line":264,"column":5}},"126":{"start":{"line":263,"column":6},"end":{"line":263,"column":56}},"127":{"start":{"line":266,"column":20},"end":{"line":268,"column":null}},"128":{"start":{"line":270,"column":4},"end":{"line":270,"column":25}},"129":{"start":{"line":270,"column":18},"end":{"line":270,"column":25}},"130":{"start":{"line":272,"column":4},"end":{"line":274,"column":5}},"131":{"start":{"line":273,"column":6},"end":{"line":273,"column":70}},"132":{"start":{"line":276,"column":4},"end":{"line":291,"column":5}},"133":{"start":{"line":277,"column":6},"end":{"line":287,"column":9}},"134":{"start":{"line":278,"column":8},"end":{"line":286,"column":10}},"135":{"start":{"line":288,"column":6},"end":{"line":288,"column":18}},"136":{"start":{"line":290,"column":6},"end":{"line":290,"column":20}},"137":{"start":{"line":300,"column":4},"end":{"line":300,"column":59}},"138":{"start":{"line":301,"column":4},"end":{"line":301,"column":66}},"139":{"start":{"line":301,"column":53},"end":{"line":301,"column":66}},"140":{"start":{"line":303,"column":33},"end":{"line":306,"column":6}},"141":{"start":{"line":307,"column":4},"end":{"line":307,"column":30}},"142":{"start":{"line":307,"column":17},"end":{"line":307,"column":30}},"143":{"start":{"line":309,"column":4},"end":{"line":311,"column":5}},"144":{"start":{"line":310,"column":6},"end":{"line":310,"column":70}},"145":{"start":{"line":313,"column":25},"end":{"line":313,"column":59}},"146":{"start":{"line":314,"column":4},"end":{"line":317,"column":5}},"147":{"start":{"line":315,"column":6},"end":{"line":315,"column":71}},"148":{"start":{"line":315,"column":58},"end":{"line":315,"column":71}},"149":{"start":{"line":316,"column":6},"end":{"line":316,"column":34}},"150":{"start":{"line":319,"column":4},"end":{"line":338,"column":5}},"151":{"start":{"line":320,"column":26},"end":{"line":320,"column":45}},"152":{"start":{"line":321,"column":26},"end":{"line":321,"column":40}},"153":{"start":{"line":322,"column":6},"end":{"line":322,"column":52}},"154":{"start":{"line":322,"column":39},"end":{"line":322,"column":52}},"155":{"start":{"line":324,"column":6},"end":{"line":334,"column":9}},"156":{"start":{"line":325,"column":8},"end":{"line":333,"column":10}},"157":{"start":{"line":335,"column":6},"end":{"line":335,"column":18}},"158":{"start":{"line":337,"column":6},"end":{"line":337,"column":20}},"159":{"start":{"line":342,"column":4},"end":{"line":342,"column":54}},"160":{"start":{"line":346,"column":4},"end":{"line":346,"column":52}},"161":{"start":{"line":350,"column":4},"end":{"line":350,"column":40}},"162":{"start":{"line":354,"column":4},"end":{"line":354,"column":30}},"163":{"start":{"line":358,"column":4},"end":{"line":360,"column":5}},"164":{"start":{"line":359,"column":6},"end":{"line":359,"column":47}},"165":{"start":{"line":361,"column":4},"end":{"line":361,"column":20}},"166":{"start":{"line":32,"column":0},"end":{"line":32,"column":13}}},"fnMap":{"0":{"name":"(anonymous_0)","decl":{"start":{"line":35,"column":2},"end":{"line":35,"column":7}},"loc":{"start":{"line":37,"column":35},"end":{"line":46,"column":3}}},"1":{"name":"(anonymous_1)","decl":{"start":{"line":48,"column":2},"end":{"line":48,"column":7}},"loc":{"start":{"line":50,"column":35},"end":{"line":54,"column":3}}},"2":{"name":"(anonymous_2)","decl":{"start":{"line":56,"column":2},"end":{"line":56,"column":7}},"loc":{"start":{"line":58,"column":35},"end":{"line":63,"column":3}}},"3":{"name":"(anonymous_3)","decl":{"start":{"line":61,"column":41},"end":{"line":61,"column":42}},"loc":{"start":{"line":61,"column":48},"end":{"line":61,"column":62}}},"4":{"name":"(anonymous_4)","decl":{"start":{"line":65,"column":2},"end":{"line":65,"column":7}},"loc":{"start":{"line":67,"column":35},"end":{"line":73,"column":3}}},"5":{"name":"(anonymous_5)","decl":{"start":{"line":75,"column":2},"end":{"line":75,"column":7}},"loc":{"start":{"line":75,"column":60},"end":{"line":82,"column":3}}},"6":{"name":"(anonymous_6)","decl":{"start":{"line":84,"column":2},"end":{"line":84,"column":7}},"loc":{"start":{"line":84,"column":50},"end":{"line":97,"column":3}}},"7":{"name":"(anonymous_7)","decl":{"start":{"line":88,"column":61},"end":{"line":88,"column":62}},"loc":{"start":{"line":88,"column":68},"end":{"line":88,"column":82}}},"8":{"name":"(anonymous_8)","decl":{"start":{"line":99,"column":2},"end":{"line":99,"column":7}},"loc":{"start":{"line":103,"column":35},"end":{"line":124,"column":3}}},"9":{"name":"(anonymous_9)","decl":{"start":{"line":111,"column":23},"end":{"line":111,"column":28}},"loc":{"start":{"line":111,"column":56},"end":{"line":114,"column":7}}},"10":{"name":"(anonymous_10)","decl":{"start":{"line":126,"column":2},"end":{"line":126,"column":7}},"loc":{"start":{"line":126,"column":70},"end":{"line":129,"column":3}}},"11":{"name":"(anonymous_11)","decl":{"start":{"line":131,"column":2},"end":{"line":131,"column":7}},"loc":{"start":{"line":136,"column":35},"end":{"line":158,"column":3}}},"12":{"name":"(anonymous_12)","decl":{"start":{"line":146,"column":23},"end":{"line":146,"column":28}},"loc":{"start":{"line":146,"column":56},"end":{"line":148,"column":7}}},"13":{"name":"(anonymous_13)","decl":{"start":{"line":160,"column":2},"end":{"line":160,"column":7}},"loc":{"start":{"line":160,"column":70},"end":{"line":165,"column":3}}},"14":{"name":"(anonymous_14)","decl":{"start":{"line":167,"column":2},"end":{"line":167,"column":11}},"loc":{"start":{"line":167,"column":11},"end":{"line":172,"column":3}}},"15":{"name":"(anonymous_15)","decl":{"start":{"line":169,"column":6},"end":{"line":169,"column":7}},"loc":{"start":{"line":169,"column":18},"end":{"line":169,"column":46}}},"16":{"name":"(anonymous_16)","decl":{"start":{"line":174,"column":2},"end":{"line":174,"column":7}},"loc":{"start":{"line":174,"column":100},"end":{"line":189,"column":3}}},"17":{"name":"(anonymous_17)","decl":{"start":{"line":191,"column":2},"end":{"line":191,"column":7}},"loc":{"start":{"line":191,"column":104},"end":{"line":202,"column":3}}},"18":{"name":"(anonymous_18)","decl":{"start":{"line":204,"column":2},"end":{"line":204,"column":7}},"loc":{"start":{"line":204,"column":68},"end":{"line":216,"column":3}}},"19":{"name":"(anonymous_19)","decl":{"start":{"line":218,"column":2},"end":{"line":218,"column":7}},"loc":{"start":{"line":221,"column":35},"end":{"line":253,"column":3}}},"20":{"name":"(anonymous_20)","decl":{"start":{"line":255,"column":2},"end":{"line":255,"column":7}},"loc":{"start":{"line":258,"column":35},"end":{"line":292,"column":3}}},"21":{"name":"(anonymous_21)","decl":{"start":{"line":277,"column":48},"end":{"line":277,"column":53}},"loc":{"start":{"line":277,"column":66},"end":{"line":287,"column":7}}},"22":{"name":"(anonymous_22)","decl":{"start":{"line":294,"column":2},"end":{"line":294,"column":7}},"loc":{"start":{"line":298,"column":35},"end":{"line":339,"column":3}}},"23":{"name":"(anonymous_23)","decl":{"start":{"line":324,"column":48},"end":{"line":324,"column":53}},"loc":{"start":{"line":324,"column":66},"end":{"line":334,"column":7}}},"24":{"name":"(anonymous_24)","decl":{"start":{"line":341,"column":2},"end":{"line":341,"column":18}},"loc":{"start":{"line":341,"column":18},"end":{"line":343,"column":3}}},"25":{"name":"(anonymous_25)","decl":{"start":{"line":345,"column":2},"end":{"line":345,"column":7}},"loc":{"start":{"line":345,"column":48},"end":{"line":347,"column":3}}},"26":{"name":"(anonymous_26)","decl":{"start":{"line":349,"column":2},"end":{"line":349,"column":7}},"loc":{"start":{"line":349,"column":49},"end":{"line":351,"column":3}}},"27":{"name":"(anonymous_27)","decl":{"start":{"line":353,"column":2},"end":{"line":353,"column":6}},"loc":{"start":{"line":353,"column":19},"end":{"line":355,"column":3}}},"28":{"name":"(anonymous_28)","decl":{"start":{"line":357,"column":2},"end":{"line":357,"column":7}},"loc":{"start":{"line":357,"column":9},"end":{"line":362,"column":3}}}},"branchMap":{"0":{"loc":{"start":{"line":36,"column":4},"end":{"line":36,"column":22}},"type":"default-arg","locations":[{"start":{"line":36,"column":20},"end":{"line":36,"column":22}}]},"1":{"loc":{"start":{"line":37,"column":4},"end":{"line":37,"column":35}},"type":"default-arg","locations":[{"start":{"line":37,"column":20},"end":{"line":37,"column":35}}]},"2":{"loc":{"start":{"line":50,"column":4},"end":{"line":50,"column":35}},"type":"default-arg","locations":[{"start":{"line":50,"column":20},"end":{"line":50,"column":35}}]},"3":{"loc":{"start":{"line":58,"column":4},"end":{"line":58,"column":35}},"type":"default-arg","locations":[{"start":{"line":58,"column":20},"end":{"line":58,"column":35}}]},"4":{"loc":{"start":{"line":61,"column":32},"end":{"line":61,"column":63}},"type":"cond-expr","locations":[{"start":{"line":61,"column":35},"end":{"line":61,"column":37}},{"start":{"line":61,"column":32},"end":{"line":61,"column":63}}]},"5":{"loc":{"start":{"line":61,"column":32},"end":{"line":61,"column":37}},"type":"binary-expr","locations":[{"start":{"line":61,"column":32},"end":{"line":61,"column":37}},{"start":{"line":61,"column":32},"end":{"line":61,"column":37}}]},"6":{"loc":{"start":{"line":61,"column":48},"end":{"line":61,"column":62}},"type":"binary-expr","locations":[{"start":{"line":61,"column":48},"end":{"line":61,"column":57}},{"start":{"line":61,"column":61},"end":{"line":61,"column":62}}]},"7":{"loc":{"start":{"line":67,"column":4},"end":{"line":67,"column":35}},"type":"default-arg","locations":[{"start":{"line":67,"column":20},"end":{"line":67,"column":35}}]},"8":{"loc":{"start":{"line":75,"column":29},"end":{"line":75,"column":60}},"type":"default-arg","locations":[{"start":{"line":75,"column":45},"end":{"line":75,"column":60}}]},"9":{"loc":{"start":{"line":80,"column":10},"end":{"line":80,"column":70}},"type":"cond-expr","locations":[{"start":{"line":80,"column":37},"end":{"line":80,"column":65}},{"start":{"line":80,"column":68},"end":{"line":80,"column":70}}]},"10":{"loc":{"start":{"line":85,"column":4},"end":{"line":87,"column":5}},"type":"if","locations":[{"start":{"line":85,"column":4},"end":{"line":87,"column":5}}]},"11":{"loc":{"start":{"line":85,"column":8},"end":{"line":85,"column":57}},"type":"binary-expr","locations":[{"start":{"line":85,"column":8},"end":{"line":85,"column":14}},{"start":{"line":85,"column":18},"end":{"line":85,"column":57}}]},"12":{"loc":{"start":{"line":89,"column":4},"end":{"line":91,"column":5}},"type":"if","locations":[{"start":{"line":89,"column":4},"end":{"line":91,"column":5}}]},"13":{"loc":{"start":{"line":94,"column":4},"end":{"line":94,"column":31}},"type":"if","locations":[{"start":{"line":94,"column":4},"end":{"line":94,"column":31}}]},"14":{"loc":{"start":{"line":96,"column":18},"end":{"line":96,"column":36}},"type":"binary-expr","locations":[{"start":{"line":96,"column":18},"end":{"line":96,"column":31}},{"start":{"line":96,"column":35},"end":{"line":96,"column":36}}]},"15":{"loc":{"start":{"line":96,"column":18},"end":{"line":96,"column":31}},"type":"cond-expr","locations":[{"start":{"line":96,"column":24},"end":{"line":96,"column":26}},{"start":{"line":96,"column":18},"end":{"line":96,"column":31}}]},"16":{"loc":{"start":{"line":96,"column":18},"end":{"line":96,"column":26}},"type":"binary-expr","locations":[{"start":{"line":96,"column":18},"end":{"line":96,"column":26}},{"start":{"line":96,"column":18},"end":{"line":96,"column":26}}]},"17":{"loc":{"start":{"line":101,"column":4},"end":{"line":101,"column":46}},"type":"default-arg","locations":[{"start":{"line":101,"column":37},"end":{"line":101,"column":46}}]},"18":{"loc":{"start":{"line":102,"column":4},"end":{"line":102,"column":35}},"type":"default-arg","locations":[{"start":{"line":102,"column":20},"end":{"line":102,"column":35}}]},"19":{"loc":{"start":{"line":113,"column":18},"end":{"line":113,"column":27}},"type":"cond-expr","locations":[{"start":{"line":113,"column":23},"end":{"line":113,"column":25}},{"start":{"line":113,"column":18},"end":{"line":113,"column":27}}]},"20":{"loc":{"start":{"line":113,"column":18},"end":{"line":113,"column":25}},"type":"binary-expr","locations":[{"start":{"line":113,"column":18},"end":{"line":113,"column":25}},{"start":{"line":113,"column":18},"end":{"line":113,"column":25}}]},"21":{"loc":{"start":{"line":115,"column":6},"end":{"line":119,"column":7}},"type":"if","locations":[{"start":{"line":115,"column":6},"end":{"line":119,"column":7}},{"start":{"line":117,"column":13},"end":{"line":119,"column":7}}]},"22":{"loc":{"start":{"line":127,"column":17},"end":{"line":127,"column":90}},"type":"cond-expr","locations":[{"start":{"line":127,"column":27},"end":{"line":127,"column":72}},{"start":{"line":127,"column":75},"end":{"line":127,"column":90}}]},"23":{"loc":{"start":{"line":134,"column":4},"end":{"line":134,"column":46}},"type":"default-arg","locations":[{"start":{"line":134,"column":37},"end":{"line":134,"column":46}}]},"24":{"loc":{"start":{"line":135,"column":4},"end":{"line":135,"column":35}},"type":"default-arg","locations":[{"start":{"line":135,"column":20},"end":{"line":135,"column":35}}]},"25":{"loc":{"start":{"line":138,"column":4},"end":{"line":138,"column":33}},"type":"if","locations":[{"start":{"line":138,"column":4},"end":{"line":138,"column":33}}]},"26":{"loc":{"start":{"line":140,"column":4},"end":{"line":140,"column":24}},"type":"if","locations":[{"start":{"line":140,"column":4},"end":{"line":140,"column":24}}]},"27":{"loc":{"start":{"line":149,"column":6},"end":{"line":153,"column":7}},"type":"if","locations":[{"start":{"line":149,"column":6},"end":{"line":153,"column":7}},{"start":{"line":151,"column":13},"end":{"line":153,"column":7}}]},"28":{"loc":{"start":{"line":162,"column":16},"end":{"line":162,"column":65}},"type":"cond-expr","locations":[{"start":{"line":162,"column":38},"end":{"line":162,"column":52}},{"start":{"line":162,"column":55},"end":{"line":162,"column":65}}]},"29":{"loc":{"start":{"line":163,"column":17},"end":{"line":163,"column":90}},"type":"cond-expr","locations":[{"start":{"line":163,"column":27},"end":{"line":163,"column":72}},{"start":{"line":163,"column":75},"end":{"line":163,"column":90}}]},"30":{"loc":{"start":{"line":171,"column":11},"end":{"line":171,"column":32}},"type":"binary-expr","locations":[{"start":{"line":171,"column":11},"end":{"line":171,"column":23}},{"start":{"line":171,"column":27},"end":{"line":171,"column":32}}]},"31":{"loc":{"start":{"line":171,"column":11},"end":{"line":171,"column":23}},"type":"cond-expr","locations":[{"start":{"line":171,"column":17},"end":{"line":171,"column":19}},{"start":{"line":171,"column":11},"end":{"line":171,"column":23}}]},"32":{"loc":{"start":{"line":171,"column":11},"end":{"line":171,"column":19}},"type":"binary-expr","locations":[{"start":{"line":171,"column":11},"end":{"line":171,"column":19}},{"start":{"line":171,"column":11},"end":{"line":171,"column":19}}]},"33":{"loc":{"start":{"line":174,"column":36},"end":{"line":174,"column":67}},"type":"default-arg","locations":[{"start":{"line":174,"column":52},"end":{"line":174,"column":67}}]},"34":{"loc":{"start":{"line":175,"column":4},"end":{"line":178,"column":5}},"type":"if","locations":[{"start":{"line":175,"column":4},"end":{"line":178,"column":5}}]},"35":{"loc":{"start":{"line":175,"column":8},"end":{"line":175,"column":44}},"type":"binary-expr","locations":[{"start":{"line":175,"column":8},"end":{"line":175,"column":29}},{"start":{"line":175,"column":33},"end":{"line":175,"column":44}}]},"36":{"loc":{"start":{"line":177,"column":6},"end":{"line":177,"column":30}},"type":"if","locations":[{"start":{"line":177,"column":6},"end":{"line":177,"column":30}}]},"37":{"loc":{"start":{"line":180,"column":19},"end":{"line":180,"column":108}},"type":"cond-expr","locations":[{"start":{"line":180,"column":37},"end":{"line":180,"column":90}},{"start":{"line":180,"column":93},"end":{"line":180,"column":108}}]},"38":{"loc":{"start":{"line":182,"column":6},"end":{"line":184,"column":7}},"type":"if","locations":[{"start":{"line":182,"column":6},"end":{"line":184,"column":7}}]},"39":{"loc":{"start":{"line":191,"column":40},"end":{"line":191,"column":71}},"type":"default-arg","locations":[{"start":{"line":191,"column":56},"end":{"line":191,"column":71}}]},"40":{"loc":{"start":{"line":192,"column":4},"end":{"line":195,"column":5}},"type":"if","locations":[{"start":{"line":192,"column":4},"end":{"line":195,"column":5}}]},"41":{"loc":{"start":{"line":192,"column":8},"end":{"line":192,"column":44}},"type":"binary-expr","locations":[{"start":{"line":192,"column":8},"end":{"line":192,"column":29}},{"start":{"line":192,"column":33},"end":{"line":192,"column":44}}]},"42":{"loc":{"start":{"line":194,"column":6},"end":{"line":194,"column":30}},"type":"if","locations":[{"start":{"line":194,"column":6},"end":{"line":194,"column":30}}]},"43":{"loc":{"start":{"line":197,"column":19},"end":{"line":197,"column":108}},"type":"cond-expr","locations":[{"start":{"line":197,"column":37},"end":{"line":197,"column":90}},{"start":{"line":197,"column":93},"end":{"line":197,"column":108}}]},"44":{"loc":{"start":{"line":204,"column":37},"end":{"line":204,"column":68}},"type":"default-arg","locations":[{"start":{"line":204,"column":53},"end":{"line":204,"column":68}}]},"45":{"loc":{"start":{"line":206,"column":4},"end":{"line":206,"column":27}},"type":"if","locations":[{"start":{"line":206,"column":4},"end":{"line":206,"column":27}}]},"46":{"loc":{"start":{"line":207,"column":4},"end":{"line":210,"column":5}},"type":"if","locations":[{"start":{"line":207,"column":4},"end":{"line":210,"column":5}}]},"47":{"loc":{"start":{"line":207,"column":8},"end":{"line":207,"column":44}},"type":"binary-expr","locations":[{"start":{"line":207,"column":8},"end":{"line":207,"column":29}},{"start":{"line":207,"column":33},"end":{"line":207,"column":44}}]},"48":{"loc":{"start":{"line":209,"column":6},"end":{"line":209,"column":30}},"type":"if","locations":[{"start":{"line":209,"column":6},"end":{"line":209,"column":30}}]},"49":{"loc":{"start":{"line":220,"column":4},"end":{"line":220,"column":46}},"type":"default-arg","locations":[{"start":{"line":220,"column":37},"end":{"line":220,"column":46}}]},"50":{"loc":{"start":{"line":221,"column":4},"end":{"line":221,"column":35}},"type":"default-arg","locations":[{"start":{"line":221,"column":20},"end":{"line":221,"column":35}}]},"51":{"loc":{"start":{"line":226,"column":4},"end":{"line":235,"column":5}},"type":"if","locations":[{"start":{"line":226,"column":4},"end":{"line":235,"column":5}}]},"52":{"loc":{"start":{"line":226,"column":8},"end":{"line":226,"column":44}},"type":"binary-expr","locations":[{"start":{"line":226,"column":8},"end":{"line":226,"column":29}},{"start":{"line":226,"column":33},"end":{"line":226,"column":44}}]},"53":{"loc":{"start":{"line":232,"column":6},"end":{"line":234,"column":7}},"type":"if","locations":[{"start":{"line":232,"column":6},"end":{"line":234,"column":7}}]},"54":{"loc":{"start":{"line":238,"column":4},"end":{"line":240,"column":5}},"type":"if","locations":[{"start":{"line":238,"column":4},"end":{"line":240,"column":5}}]},"55":{"loc":{"start":{"line":238,"column":8},"end":{"line":238,"column":24}},"type":"cond-expr","locations":[{"start":{"line":238,"column":20},"end":{"line":238,"column":22}},{"start":{"line":238,"column":8},"end":{"line":238,"column":24}}]},"56":{"loc":{"start":{"line":238,"column":8},"end":{"line":238,"column":22}},"type":"binary-expr","locations":[{"start":{"line":238,"column":8},"end":{"line":238,"column":22}},{"start":{"line":238,"column":8},"end":{"line":238,"column":22}}]},"57":{"loc":{"start":{"line":245,"column":6},"end":{"line":250,"column":7}},"type":"if","locations":[{"start":{"line":245,"column":6},"end":{"line":250,"column":7}}]},"58":{"loc":{"start":{"line":245,"column":10},"end":{"line":245,"column":17}},"type":"cond-expr","locations":[{"start":{"line":245,"column":11},"end":{"line":245,"column":13}},{"start":{"line":245,"column":10},"end":{"line":245,"column":17}}]},"59":{"loc":{"start":{"line":245,"column":10},"end":{"line":245,"column":13}},"type":"binary-expr","locations":[{"start":{"line":245,"column":10},"end":{"line":245,"column":13}},{"start":{"line":245,"column":10},"end":{"line":245,"column":13}}]},"60":{"loc":{"start":{"line":247,"column":8},"end":{"line":249,"column":9}},"type":"if","locations":[{"start":{"line":247,"column":8},"end":{"line":249,"column":9}}]},"61":{"loc":{"start":{"line":247,"column":12},"end":{"line":247,"column":27}},"type":"cond-expr","locations":[{"start":{"line":247,"column":23},"end":{"line":247,"column":25}},{"start":{"line":247,"column":12},"end":{"line":247,"column":27}}]},"62":{"loc":{"start":{"line":247,"column":12},"end":{"line":247,"column":25}},"type":"binary-expr","locations":[{"start":{"line":247,"column":12},"end":{"line":247,"column":25}},{"start":{"line":247,"column":12},"end":{"line":247,"column":25}}]},"63":{"loc":{"start":{"line":258,"column":4},"end":{"line":258,"column":35}},"type":"default-arg","locations":[{"start":{"line":258,"column":20},"end":{"line":258,"column":35}}]},"64":{"loc":{"start":{"line":262,"column":4},"end":{"line":264,"column":5}},"type":"if","locations":[{"start":{"line":262,"column":4},"end":{"line":264,"column":5}}]},"65":{"loc":{"start":{"line":270,"column":4},"end":{"line":270,"column":25}},"type":"if","locations":[{"start":{"line":270,"column":4},"end":{"line":270,"column":25}}]},"66":{"loc":{"start":{"line":272,"column":4},"end":{"line":274,"column":5}},"type":"if","locations":[{"start":{"line":272,"column":4},"end":{"line":274,"column":5}}]},"67":{"loc":{"start":{"line":272,"column":15},"end":{"line":272,"column":36}},"type":"cond-expr","locations":[{"start":{"line":272,"column":27},"end":{"line":272,"column":30}},{"start":{"line":272,"column":27},"end":{"line":272,"column":36}}]},"68":{"loc":{"start":{"line":272,"column":15},"end":{"line":272,"column":30}},"type":"binary-expr","locations":[{"start":{"line":272,"column":15},"end":{"line":272,"column":30}},{"start":{"line":272,"column":27},"end":{"line":272,"column":30}}]},"69":{"loc":{"start":{"line":272,"column":15},"end":{"line":272,"column":27}},"type":"cond-expr","locations":[{"start":{"line":272,"column":22},"end":{"line":272,"column":25}},{"start":{"line":272,"column":15},"end":{"line":272,"column":27}}]},"70":{"loc":{"start":{"line":272,"column":15},"end":{"line":272,"column":25}},"type":"binary-expr","locations":[{"start":{"line":272,"column":15},"end":{"line":272,"column":25}},{"start":{"line":272,"column":15},"end":{"line":272,"column":25}}]},"71":{"loc":{"start":{"line":298,"column":4},"end":{"line":298,"column":35}},"type":"default-arg","locations":[{"start":{"line":298,"column":20},"end":{"line":298,"column":35}}]},"72":{"loc":{"start":{"line":301,"column":4},"end":{"line":301,"column":66}},"type":"if","locations":[{"start":{"line":301,"column":4},"end":{"line":301,"column":66}}]},"73":{"loc":{"start":{"line":301,"column":8},"end":{"line":301,"column":51}},"type":"binary-expr","locations":[{"start":{"line":301,"column":8},"end":{"line":301,"column":30}},{"start":{"line":301,"column":34},"end":{"line":301,"column":51}}]},"74":{"loc":{"start":{"line":307,"column":4},"end":{"line":307,"column":30}},"type":"if","locations":[{"start":{"line":307,"column":4},"end":{"line":307,"column":30}}]},"75":{"loc":{"start":{"line":309,"column":4},"end":{"line":311,"column":5}},"type":"if","locations":[{"start":{"line":309,"column":4},"end":{"line":311,"column":5}}]},"76":{"loc":{"start":{"line":313,"column":25},"end":{"line":313,"column":59}},"type":"binary-expr","locations":[{"start":{"line":313,"column":25},"end":{"line":313,"column":58}},{"start":{"line":313,"column":58},"end":{"line":313,"column":59}}]},"77":{"loc":{"start":{"line":313,"column":27},"end":{"line":313,"column":54}},"type":"cond-expr","locations":[{"start":{"line":313,"column":37},"end":{"line":313,"column":45}},{"start":{"line":313,"column":27},"end":{"line":313,"column":54}}]},"78":{"loc":{"start":{"line":313,"column":27},"end":{"line":313,"column":45}},"type":"binary-expr","locations":[{"start":{"line":313,"column":27},"end":{"line":313,"column":48}},{"start":{"line":313,"column":27},"end":{"line":313,"column":45}}]},"79":{"loc":{"start":{"line":314,"column":4},"end":{"line":317,"column":5}},"type":"if","locations":[{"start":{"line":314,"column":4},"end":{"line":317,"column":5}}]},"80":{"loc":{"start":{"line":314,"column":8},"end":{"line":314,"column":51}},"type":"binary-expr","locations":[{"start":{"line":314,"column":8},"end":{"line":314,"column":20}},{"start":{"line":314,"column":24},"end":{"line":314,"column":51}}]},"81":{"loc":{"start":{"line":315,"column":6},"end":{"line":315,"column":71}},"type":"if","locations":[{"start":{"line":315,"column":6},"end":{"line":315,"column":71}}]},"82":{"loc":{"start":{"line":315,"column":33},"end":{"line":315,"column":55}},"type":"cond-expr","locations":[{"start":{"line":315,"column":43},"end":{"line":315,"column":51}},{"start":{"line":315,"column":33},"end":{"line":315,"column":55}}]},"83":{"loc":{"start":{"line":315,"column":33},"end":{"line":315,"column":51}},"type":"binary-expr","locations":[{"start":{"line":315,"column":33},"end":{"line":315,"column":53}},{"start":{"line":315,"column":33},"end":{"line":315,"column":51}}]},"84":{"loc":{"start":{"line":320,"column":26},"end":{"line":320,"column":45}},"type":"binary-expr","locations":[{"start":{"line":320,"column":26},"end":{"line":320,"column":40}},{"start":{"line":320,"column":44},"end":{"line":320,"column":45}}]},"85":{"loc":{"start":{"line":321,"column":26},"end":{"line":321,"column":40}},"type":"binary-expr","locations":[{"start":{"line":321,"column":26},"end":{"line":321,"column":35}},{"start":{"line":321,"column":39},"end":{"line":321,"column":40}}]},"86":{"loc":{"start":{"line":322,"column":6},"end":{"line":322,"column":52}},"type":"if","locations":[{"start":{"line":322,"column":6},"end":{"line":322,"column":52}}]},"87":{"loc":{"start":{"line":358,"column":4},"end":{"line":360,"column":5}},"type":"if","locations":[{"start":{"line":358,"column":4},"end":{"line":360,"column":5}}]},"88":{"loc":{"start":{"line":358,"column":8},"end":{"line":358,"column":70}},"type":"binary-expr","locations":[{"start":{"line":358,"column":8},"end":{"line":358,"column":9}},{"start":{"line":358,"column":13},"end":{"line":358,"column":34}},{"start":{"line":358,"column":38},"end":{"line":358,"column":52}},{"start":{"line":358,"column":56},"end":{"line":358,"column":70}}]}},"s":{"0":0,"1":0,"2":0,"3":0,"4":0,"5":0,"6":0,"7":0,"8":0,"9":0,"10":0,"11":0,"12":0,"13":0,"14":0,"15":0,"16":0,"17":0,"18":0,"19":0,"20":0,"21":0,"22":0,"23":0,"24":0,"25":0,"26":0,"27":0,"28":0,"29":0,"30":0,"31":0,"32":0,"33":0,"34":0,"35":0,"36":0,"37":0,"38":0,"39":0,"40":0,"41":0,"42":0,"43":0,"44":0,"45":0,"46":0,"47":0,"48":0,"49":0,"50":0,"51":0,"52":0,"53":0,"54":0,"55":0,"56":0,"57":0,"58":0,"59":0,"60":0,"61":0,"62":0,"63":0,"64":0,"65":0,"66":0,"67":0,"68":0,"69":0,"70":0,"71":0,"72":0,"73":0,"74":0,"75":0,"76":0,"77":0,"78":0,"79":0,"80":0,"81":0,"82":0,"83":0,"84":0,"85":0,"86":0,"87":0,"88":0,"89":0,"90":0,"91":0,"92":0,"93":0,"94":0,"95":0,"96":0,"97":0,"98":0,"99":0,"100":0,"101":0,"102":0,"103":0,"104":0,"105":0,"106":0,"107":0,"108":0,"109":0,"110":0,"111":0,"112":0,"113":0,"114":0,"115":0,"116":0,"117":0,"118":0,"119":0,"120":0,"121":0,"122":0,"123":0,"124":0,"125":0,"126":0,"127":0,"128":0,"129":0,"130":0,"131":0,"132":0,"133":0,"134":0,"135":0,"136":0,"137":0,"138":0,"139":0,"140":0,"141":0,"142":0,"143":0,"144":0,"145":0,"146":0,"147":0,"148":0,"149":0,"150":0,"151":0,"152":0,"153":0,"154":0,"155":0,"156":0,"157":0,"158":0,"159":0,"160":0,"161":0,"162":0,"163":0,"164":0,"165":0,"166":0},"f":{"0":0,"1":0,"2":0,"3":0,"4":0,"5":0,"6":0,"7":0,"8":0,"9":0,"10":0,"11":0,"12":0,"13":0,"14":0,"15":0,"16":0,"17":0,"18":0,"19":0,"20":0,"21":0,"22":0,"23":0,"24":0,"25":0,"26":0,"27":0,"28":0},"b":{"0":[0],"1":[0],"2":[0],"3":[0],"4":[0,0],"5":[0,0],"6":[0,0],"7":[0],"8":[0],"9":[0,0],"10":[0],"11":[0,0],"12":[0],"13":[0],"14":[0,0],"15":[0,0],"16":[0,0],"17":[0],"18":[0],"19":[0,0],"20":[0,0],"21":[0,0],"22":[0,0],"23":[0],"24":[0],"25":[0],"26":[0],"27":[0,0],"28":[0,0],"29":[0,0],"30":[0,0],"31":[0,0],"32":[0,0],"33":[0],"34":[0],"35":[0,0],"36":[0],"37":[0,0],"38":[0],"39":[0],"40":[0],"41":[0,0],"42":[0],"43":[0,0],"44":[0],"45":[0],"46":[0],"47":[0,0],"48":[0],"49":[0],"50":[0],"51":[0],"52":[0,0],"53":[0],"54":[0],"55":[0,0],"56":[0,0],"57":[0],"58":[0,0],"59":[0,0],"60":[0],"61":[0,0],"62":[0,0],"63":[0],"64":[0],"65":[0],"66":[0],"67":[0,0],"68":[0,0],"69":[0,0],"70":[0,0],"71":[0],"72":[0],"73":[0,0],"74":[0],"75":[0],"76":[0,0],"77":[0,0],"78":[0,0],"79":[0],"80":[0,0],"81":[0],"82":[0,0],"83":[0,0],"84":[0,0],"85":[0,0],"86
[...]
,"C:\\dev\\fwmakc\\servers\\api-server-toolkit\\src\\common\\service\\where.service.ts": {"path":"C:\\dev\\fwmakc\\servers\\api-server-toolkit\\src\\common\\service\\where.service.ts","statementMap":{"0":{"start":{"line":1,"column":0},"end":{"line":1,"column":null}},"1":{"start":{"line":16,"column":0},"end":{"line":16,"column":48}},"2":{"start":{"line":18,"column":32},"end":{"line":52,"column":1}},"3":{"start":{"line":19,"column":38},"end":{"line":19,"column":40}},"4":{"start":{"line":20,"column":2},"end":{"line":22,"column":3}},"5":{"start":{"line":21,"column":4},"end":{"line":21,"column":18}},"6":{"start":{"line":23,"column":2},"end":{"line":50,"column":5}},"7":{"start":{"line":24,"column":37},"end":{"line":24,"column":51}},"8":{"start":{"line":26,"column":4},"end":{"line":33,"column":5}},"9":{"start":{"line":27,"column":6},"end":{"line":29,"column":7}},"10":{"start":{"line":28,"column":8},"end":{"line":28,"column":15}},"11":{"start":{"line":31,"column":6},"end":{"line":31,"column":62}},"12":{"start":{"line":32,"column":6},"end":{"line":32,"column":13}},"13":{"start":{"line":35,"column":4},"end":{"line":38,"column":5}},"14":{"start":{"line":36,"column":6},"end":{"line":36,"column":31}},"15":{"start":{"line":37,"column":6},"end":{"line":37,"column":13}},"16":{"start":{"line":40,"column":4},"end":{"line":43,"column":5}},"17":{"start":{"line":41,"column":6},"end":{"line":41,"column":49}},"18":{"start":{"line":42,"column":6},"end":{"line":42,"column":13}},"19":{"start":{"line":45,"column":23},"end":{"line":45,"column":28}},"20":{"start":{"line":46,"column":4},"end":{"line":48,"column":7}},"21":{"start":{"line":47,"column":6},"end":{"line":47,"column":73}},"22":{"start":{"line":49,"column":4},"end":{"line":49,"column":36}},"23":{"start":{"line":51,"column":2},"end":{"line":51,"column":16}},"24":{"start":{"line":18,"column":13},"end":{"line":18,"column":32}},"25":{"start":{"line":54,"column":27},"end":{"line":69,"column":1}},"26":{"start":{"line":55,"column":21},"end":{"line":55,"column":23}},"27":{"start":{"line":56,"column":2},"end":{"line":62,"column":5}},"28":{"start":{"line":57,"column":23},"end":{"line":57,"column":28}},"29":{"start":{"line":58,"column":35},"end":{"line":58,"column":44}},"30":{"start":{"line":59,"column":4},"end":{"line":61,"column":7}},"31":{"start":{"line":60,"column":6},"end":{"line":60,"column":63}},"32":{"start":{"line":61,"column":11},"end":{"line":61,"column":41}},"33":{"start":{"line":63,"column":2},"end":{"line":65,"column":3}},"34":{"start":{"line":64,"column":4},"end":{"line":64,"column":30}},"35":{"start":{"line":66,"column":2},"end":{"line":68,"column":3}},"36":{"start":{"line":67,"column":4},"end":{"line":67,"column":29}},"37":{"start":{"line":71,"column":26},"end":{"line":159,"column":1}},"38":{"start":{"line":73,"column":2},"end":{"line":157,"column":3}},"39":{"start":{"line":75,"column":6},"end":{"line":81,"column":7}},"40":{"start":{"line":76,"column":8},"end":{"line":76,"column":30}},"41":{"start":{"line":78,"column":8},"end":{"line":80,"column":10}},"42":{"start":{"line":82,"column":6},"end":{"line":82,"column":12}},"43":{"start":{"line":84,"column":6},"end":{"line":90,"column":7}},"44":{"start":{"line":85,"column":8},"end":{"line":85,"column":47}},"45":{"start":{"line":87,"column":8},"end":{"line":89,"column":10}},"46":{"start":{"line":91,"column":6},"end":{"line":91,"column":12}},"47":{"start":{"line":93,"column":26},"end":{"line":93,"column":57}},"48":{"start":{"line":94,"column":6},"end":{"line":97,"column":7}},"49":{"start":{"line":95,"column":8},"end":{"line":95,"column":24}},"50":{"start":{"line":96,"column":8},"end":{"line":96,"column":14}},"51":{"start":{"line":98,"column":6},"end":{"line":101,"column":7}},"52":{"start":{"line":99,"column":8},"end":{"line":99,"column":25}},"53":{"start":{"line":100,"column":8},"end":{"line":100,"column":14}},"54":{"start":{"line":102,"column":6},"end":{"line":102,"column":33}},"55":{"start":{"line":103,"column":6},"end":{"line":103,"column":12}},"56":{"start":{"line":105,"column":6},"end":{"line":105,"column":69}},"57":{"start":{"line":105,"column":32},"end":{"line":105,"column":67}},"58":{"start":{"line":106,"column":6},"end":{"line":106,"column":12}},"59":{"start":{"line":108,"column":6},"end":{"line":114,"column":7}},"60":{"start":{"line":109,"column":8},"end":{"line":109,"column":29}},"61":{"start":{"line":111,"column":8},"end":{"line":113,"column":10}},"62":{"start":{"line":115,"column":6},"end":{"line":115,"column":12}},"63":{"start":{"line":117,"column":6},"end":{"line":117,"column":33}},"64":{"start":{"line":118,"column":6},"end":{"line":118,"column":12}},"65":{"start":{"line":120,"column":6},"end":{"line":120,"column":40}},"66":{"start":{"line":121,"column":6},"end":{"line":121,"column":12}},"67":{"start":{"line":123,"column":6},"end":{"line":123,"column":39}},"68":{"start":{"line":124,"column":6},"end":{"line":124,"column":12}},"69":{"start":{"line":126,"column":6},"end":{"line":126,"column":33}},"70":{"start":{"line":127,"column":6},"end":{"line":127,"column":12}},"71":{"start":{"line":129,"column":6},"end":{"line":129,"column":40}},"72":{"start":{"line":130,"column":6},"end":{"line":130,"column":12}},"73":{"start":{"line":132,"column":6},"end":{"line":132,"column":28}},"74":{"start":{"line":133,"column":6},"end":{"line":133,"column":12}},"75":{"start":{"line":135,"column":6},"end":{"line":135,"column":26}},"76":{"start":{"line":136,"column":6},"end":{"line":136,"column":12}},"77":{"start":{"line":138,"column":6},"end":{"line":138,"column":43}},"78":{"start":{"line":139,"column":6},"end":{"line":139,"column":12}},"79":{"start":{"line":141,"column":24},"end":{"line":146,"column":45}},"80":{"start":{"line":146,"column":20},"end":{"line":146,"column":44}},"81":{"start":{"line":147,"column":6},"end":{"line":149,"column":7}},"82":{"start":{"line":148,"column":8},"end":{"line":148,"column":14}},"83":{"start":{"line":150,"column":6},"end":{"line":150,"column":35}},"84":{"start":{"line":151,"column":6},"end":{"line":151,"column":12}},"85":{"start":{"line":153,"column":6},"end":{"line":153,"column":28}},"86":{"start":{"line":154,"column":6},"end":{"line":154,"column":12}},"87":{"start":{"line":156,"column":6},"end":{"line":156,"column":23}},"88":{"start":{"line":158,"column":2},"end":{"line":158,"column":18}}},"fnMap":{"0":{"name":"(anonymous_0)","decl":{"start":{"line":18,"column":32},"end":{"line":18,"column":33}},"loc":{"start":{"line":18,"column":84},"end":{"line":52,"column":1}}},"1":{"name":"(anonymous_1)","decl":{"start":{"line":23,"column":33},"end":{"line":23,"column":34}},"loc":{"start":{"line":23,"column":50},"end":{"line":50,"column":3}}},"2":{"name":"(anonymous_2)","decl":{"start":{"line":46,"column":34},"end":{"line":46,"column":35}},"loc":{"start":{"line":46,"column":47},"end":{"line":48,"column":5}}},"3":{"name":"(anonymous_3)","decl":{"start":{"line":54,"column":27},"end":{"line":54,"column":28}},"loc":{"start":{"line":54,"column":70},"end":{"line":69,"column":1}}},"4":{"name":"(anonymous_4)","decl":{"start":{"line":56,"column":17},"end":{"line":56,"column":18}},"loc":{"start":{"line":56,"column":27},"end":{"line":62,"column":3}}},"5":{"name":"(anonymous_5)","decl":{"start":{"line":59,"column":39},"end":{"line":59,"column":40}},"loc":{"start":{"line":59,"column":52},"end":{"line":61,"column":5}}},"6":{"name":"(anonymous_6)","decl":{"start":{"line":71,"column":26},"end":{"line":71,"column":27}},"loc":{"start":{"line":71,"column":69},"end":{"line":159,"column":1}}},"7":{"name":"(anonymous_7)","decl":{"start":{"line":105,"column":21},"end":{"line":105,"column":22}},"loc":{"start":{"line":105,"column":32},"end":{"line":105,"column":67}}},"8":{"name":"(anonymous_8)","decl":{"start":{"line":146,"column":13},"end":{"line":146,"column":14}},"loc":{"start":{"line":146,"column":20},"end":{"line":146,"column":44}}}},"branchMap":{"0":{"loc":{"start":{"line":20,"column":2},"end":{"line":22,"column":3}},"type":"if","locations":[{"start":{"line":20,"column":2},"end":{"line":22,"column":3}}]},"1":{"loc":{"start":{"line":23,"column":2},"end":{"line":50,"column":4}},"type":"cond-expr","locations":[{"start":{"line":23,"column":23},"end":{"line":23,"column":25}},{"start":{"line":23,"column":23},"end":{"line":50,"column":4}}]},"2":{"loc":{"start":{"line":23,"column":2},"end":{"line":23,"column":25}},"type":"binary-expr","locations":[{"start":{"line":23,"column":2},"end":{"line":23,"column":25}},{"start":{"line":23,"column":23},"end":{"line":23,"column":25}}]},"3":{"loc":{"start":{"line":26,"column":4},"end":{"line":33,"column":5}},"type":"if","locations":[{"start":{"line":26,"column":4},"end":{"line":33,"column":5}}]},"4":{"loc":{"start":{"line":26,"column":8},"end":{"line":26,"column":55}},"type":"binary-expr","locations":[{"start":{"line":26,"column":8},"end":{"line":26,"column":30}},{"start":{"line":26,"column":34},"end":{"line":26,"column":55}}]},"5":{"loc":{"start":{"line":27,"column":6},"end":{"line":29,"column":7}},"type":"if","locations":[{"start":{"line":27,"column":6},"end":{"line":29,"column":7}}]},"6":{"loc":{"start":{"line":35,"column":4},"end":{"line":38,"column":5}},"type":"if","locations":[{"start":{"line":35,"column":4},"end":{"line":38,"column":5}}]},"7":{"loc":{"start":{"line":40,"column":4},"end":{"line":43,"column":5}},"type":"if","locations":[{"start":{"line":40,"column":4},"end":{"line":43,"column":5}}]},"8":{"loc":{"start":{"line":40,"column":8},"end":{"line":40,"column":58}},"type":"binary-expr","locations":[{"start":{"line":40,"column":8},"end":{"line":40,"column":33}},{"start":{"line":40,"column":37},"end":{"line":40,"column":58}}]},"9":{"loc":{"start":{"line":46,"column":4},"end":{"line":48,"column":6}},"type":"cond-expr","locations":[{"start":{"line":46,"column":24},"end":{"line":46,"column":26}},{"start":{"line":46,"column":24},"end":{"line":48,"column":6}}]},"10":{"loc":{"start":{"line":46,"column":4},"end":{"line":46,"column":26}},"type":"binary-expr","locations":[{"start":{"line":46,"column":4},"end":{"line":46,"column":26}},{"start":{"line":46,"column":24},"end":{"line":46,"column":26}}]},"11":{"loc":{"start":{"line":46,"column":4},"end":{"line":46,"column":24}},"type":"cond-expr","locations":[{"start":{"line":46,"column":13},"end":{"line":46,"column":15}},{"start":{"line":46,"column":4},"end":{"line":46,"column":24}}]},"12":{"loc":{"start":{"line":46,"column":4},"end":{"line":46,"column":15}},"type":"binary-expr","locations":[{"start":{"line":46,"column":4},"end":{"line":46,"column":15}},{"start":{"line":46,"column":4},"end":{"line":46,"column":15}}]},"13":{"loc":{"start":{"line":59,"column":4},"end":{"line":61,"column":6}},"type":"cond-expr","locations":[{"start":{"line":59,"column":29},"end":{"line":59,"column":31}},{"start":{"line":59,"column":29},"end":{"line":61,"column":6}}]},"14":{"loc":{"start":{"line":59,"column":4},"end":{"line":59,"column":31}},"type":"binary-expr","locations":[{"start":{"line":59,"column":4},"end":{"line":59,"column":31}},{"start":{"line":59,"column":29},"end":{"line":59,"column":31}}]},"15":{"loc":{"start":{"line":59,"column":4},"end":{"line":59,"column":29}},"type":"cond-expr","locations":[{"start":{"line":59,"column":18},"end":{"line":59,"column":20}},{"start":{"line":59,"column":4},"end":{"line":59,"column":29}}]},"16":{"loc":{"start":{"line":59,"column":4},"end":{"line":59,"column":20}},"type":"binary-expr","locations":[{"start":{"line":59,"column":4},"end":{"line":59,"column":20}},{"start":{"line":59,"column":4},"end":{"line":59,"column":20}}]},"17":{"loc":{"start":{"line":63,"column":2},"end":{"line":65,"column":3}},"type":"if","locations":[{"start":{"line":63,"column":2},"end":{"line":65,"column":3}}]},"18":{"loc":{"start":{"line":66,"column":2},"end":{"line":68,"column":3}},"type":"if","locations":[{"start":{"line":66,"column":2},"end":{"line":68,"column":3}}]},"19":{"loc":{"start":{"line":71,"column":57},"end":{"line":71,"column":65}},"type":"default-arg","locations":[{"start":{"line":71,"column":63},"end":{"line":71,"column":65}}]},"20":{"loc":{"start":{"line":73,"column":2},"end":{"line":157,"column":3}},"type":"switch","locations":[{"start":{"line":74,"column":4},"end":{"line":82,"column":12}},{"start":{"line":83,"column":4},"end":{"line":91,"column":12}},{"start":{"line":92,"column":4},"end":{"line":103,"column":12}},{"start":{"line":104,"column":4},"end":{"line":106,"column":12}},{"start":{"line":107,"column":4},"end":{"line":115,"column":12}},{"start":{"line":116,"column":4},"end":{"line":118,"column":12}},{"start":{"line":119,"column":4},"end":{"line":121,"column":12}},{"start":{"line":122,"column":4},"end":{"line":124,"column":12}},{"start":{"line":125,"column":4},"end":{"line":127,"column":12}},{"start":{"line":128,"column":4},"end":{"line":130,"column":12}},{"start":{"line":131,"column":4},"end":{"line":133,"column":12}},{"start":{"line":134,"column":4},"end":{"line":136,"column":12}},{"start":{"line":137,"column":4},"end":{"line":139,"column":12}},{"start":{"line":140,"column":4},"end":{"line":151,"column":12}},{"start":{"line":152,"column":4},"end":{"line":154,"column":12}},{"start":{"line":155,"column":4},"end":{"line":156,"column":23}}]},"21":{"loc":{"start":{"line":75,"column":6},"end":{"line":81,"column":7}},"type":"if","locations":[{"start":{"line":75,"column":6},"end":{"line":81,"column":7}},{"start":{"line":77,"column":13},"end":{"line":81,"column":7}}]},"22":{"loc":{"start":{"line":75,"column":10},"end":{"line":75,"column":50}},"type":"binary-expr","locations":[{"start":{"line":75,"column":10},"end":{"line":75,"column":30}},{"start":{"line":75,"column":34},"end":{"line":75,"column":50}}]},"23":{"loc":{"start":{"line":84,"column":6},"end":{"line":90,"column":7}},"type":"if","locations":[{"start":{"line":84,"column":6},"end":{"line":90,"column":7}},{"start":{"line":86,"column":13},"end":{"line":90,"column":7}}]},"24":{"loc":{"start":{"line":84,"column":10},"end":{"line":84,"column":50}},"type":"binary-expr","locations":[{"start":{"line":84,"column":10},"end":{"line":84,"column":30}},{"start":{"line":84,"column":34},"end":{"line":84,"column":50}}]},"25":{"loc":{"start":{"line":94,"column":6},"end":{"line":97,"column":7}},"type":"if","locations":[{"start":{"line":94,"column":6},"end":{"line":97,"column":7}}]},"26":{"loc":{"start":{"line":98,"column":6},"end":{"line":101,"column":7}},"type":"if","locations":[{"start":{"line":98,"column":6},"end":{"line":101,"column":7}}]},"27":{"loc":{"start":{"line":108,"column":6},"end":{"line":114,"column":7}},"type":"if","locations":[{"start":{"line":108,"column":6},"end":{"line":114,"column":7}},{"start":{"line":110,"column":13},"end":{"line":114,"column":7}}]},"28":{"loc":{"start":{"line":108,"column":10},"end":{"line":108,"column":50}},"type":"binary-expr","locations":[{"start":{"line":108,"column":10},"end":{"line":108,"column":30}},{"start":{"line":108,"column":34},"end":{"line":108,"column":50}}]},"29":{"loc":{"start":{"line":141,"column":27},"end":{"line":141,"column":38}},"type":"binary-expr","locations":[{"start":{"line":141,"column":27},"end":{"line":141,"column":32}},{"start":{"line":141,"column":36},"end":{"line":141,"column":38}}]},"30":{"loc":{"start":{"line":147,"column":6},"end":{"line":149,"column":7}},"type":"if","locations":[{"start":{"line":147,"column":6},"end":{"line":149,"column":7}}]}},"s":{"0":0,"1":0,"2":0,"3":0,"4":0,"5":0,"6":0,"7":0,"8":0,"9":0,"10":0,"11":0,"12":0,"13":0,"14":0,"15":0,"16":0,"17":0,"18":0,"19":0,"20":0,"21":0,"22":0,"23":0,"24":0,"25":0,"26":0,"27":0,"28":0,"29":0,"30":0,"31":0,"32":0,"33":0,"34":0,"35":0,"36":0,"37":0,"38":0,"39":0,"40":0,"41":0,"42":0,"43":0,"44":0,"45":0,"46":0,"47":0,"48":0,"49":0,"50":0,"51":0,"52":0,"53":0,"54":0,"55":0,"56":0,"57":0,"58":0,"59":0,"60":0,"61":0,"62":0,"63":0,"64":0,"65":0,"66":0,"67":0,"68":0,"69":0,"70":0,"71":0,"72":0,"73":0,"74":0,"75":0,"76":0,"77":0,"78":0,"79":0,"80":0,"81":0,"82":0,"83":0,"84":0,"85":0,"86":0,"87":0,"88":0},"f":{"0":0,"1":0,"2":0,"3":0,"4":0,"5":0,"6":0,"7":0,"8":0},"b":{"0":[0],"1":[0,0],"2":[0,0],"3":[0],"4":[0,0],"5":[0],"6":[0],"7":[0],"8":[0,0],"9":[0,0],"10":[0,0],"11":[0,0],"12":[0,0],"13":[0,0],"14":[0,0],"15":[0,0],"16":[0,0],"17":[0],"18":[0],"19":[0],"20":[0,0,0,0,0,0,0,0,0,0,0,0,0,0,0,0],"21":[0,0],"22":[0,0],"23":[0,0],"24":[0,0],"25":[0],"26":[0],"27":[0,0],"28":[0,0],"29":[0,0],"30":[0]}}
,"C:\\dev\\fwmakc\\servers\\api-server-toolkit\\src\\common\\service\\write.helper.ts": {"path":"C:\\dev\\fwmakc\\servers\\api-server-toolkit\\src\\common\\service\\write.helper.ts","statementMap":{"0":{"start":{"line":5,"column":0},"end":{"line":5,"column":7}},"1":{"start":{"line":33,"column":0},"end":{"line":33,"column":7}},"2":{"start":{"line":2,"column":0},"end":{"line":2,"column":53}},"3":{"start":{"line":11,"column":2},"end":{"line":18,"column":3}},"4":{"start":{"line":12,"column":34},"end":{"line":12,"column":71}},"5":{"start":{"line":13,"column":21},"end":{"line":13,"column":65}},"6":{"start":{"line":14,"column":23},"end":{"line":14,"column":71}},"7":{"start":{"line":15,"column":4},"end":{"line":17,"column":5}},"8":{"start":{"line":16,"column":6},"end":{"line":16,"column":54}},"9":{"start":{"line":20,"column":2},"end":{"line":27,"column":3}},"10":{"start":{"line":26,"column":4},"end":{"line":26,"column":52}},"11":{"start":{"line":29,"column":2},"end":{"line":29,"column":93}},"12":{"start":{"line":30,"column":2},"end":{"line":30,"column":58}},"13":{"start":{"line":39,"column":2},"end":{"line":39,"column":93}},"14":{"start":{"line":40,"column":2},"end":{"line":40,"column":57}}},"fnMap":{"0":{"name":"prepareAndCreate","decl":{"start":{"line":5,"column":22},"end":{"line":5,"column":38}},"loc":{"start":{"line":9,"column":24},"end":{"line":31,"column":1}}},"1":{"name":"(anonymous_1)","decl":{"start":{"line":12,"column":34},"end":{"line":12,"column":47}},"loc":{"start":{"line":12,"column":34},"end":{"line":12,"column":71}}},"2":{"name":"prepareAndUpdate","decl":{"start":{"line":33,"column":22},"end":{"line":33,"column":38}},"loc":{"start":{"line":37,"column":24},"end":{"line":41,"column":1}}}},"branchMap":{"0":{"loc":{"start":{"line":11,"column":2},"end":{"line":18,"column":3}},"type":"if","locations":[{"start":{"line":11,"column":2},"end":{"line":18,"column":3}}]},"1":{"loc":{"start":{"line":11,"column":6},"end":{"line":11,"column":42}},"type":"binary-expr","locations":[{"start":{"line":11,"column":6},"end":{"line":11,"column":27}},{"start":{"line":11,"column":31},"end":{"line":11,"column":42}}]},"2":{"loc":{"start":{"line":15,"column":4},"end":{"line":17,"column":5}},"type":"if","locations":[{"start":{"line":15,"column":4},"end":{"line":17,"column":5}}]},"3":{"loc":{"start":{"line":20,"column":2},"end":{"line":27,"column":3}},"type":"if","locations":[{"start":{"line":20,"column":2},"end":{"line":27,"column":3}}]},"4":{"loc":{"start":{"line":21,"column":4},"end":{"line":24,"column":34}},"type":"binary-expr","locations":[{"start":{"line":21,"column":4},"end":{"line":21,"column":31}},{"start":{"line":22,"column":4},"end":{"line":22,"column":15}},{"start":{"line":23,"column":4},"end":{"line":23,"column":19}},{"start":{"line":24,"column":4},"end":{"line":24,"column":34}}]}},"s":{"0":0,"1":0,"2":0,"3":0,"4":0,"5":0,"6":0,"7":0,"8":0,"9":0,"10":0,"11":0,"12":0,"13":0,"14":0},"f":{"0":0,"1":0,"2":0},"b":{"0":[0],"1":[0,0],"2":[0],"3":[0],"4":[0,0,0,0]}}
}
