TN:
SF:src\common\access.type.ts
FN:4,(anonymous_0)
FN:13,(anonymous_1)
FN:52,normalizeRoles
FN:54,(anonymous_3)
FN:57,resolveTenantScope
FN:85,normalizeAccess
FN:94,getBindPath
FNF:7
FNH:7
FNDA:7,(anonymous_0)
FNDA:7,(anonymous_1)
FNDA:5,normalizeRoles
FNDA:6,(anonymous_3)
FNDA:12,resolveTenantScope
FNDA:26,normalizeAccess
FNDA:10,getBindPath
DA:4,7
DA:5,7
DA:6,7
DA:7,7
DA:8,7
DA:9,7
DA:10,7
DA:13,7
DA:14,7
DA:15,7
DA:52,7
DA:53,5
DA:54,6
DA:57,7
DA:61,12
DA:62,8
DA:63,10
DA:64,8
DA:65,3
DA:69,5
DA:85,7
DA:89,26
DA:90,23
DA:91,2
DA:94,7
DA:98,10
DA:99,1
DA:101,9
DA:105,4
DA:107,5
LF:30
LH:30
BRDA:4,0,0,7
BRDA:4,0,1,7
BRDA:13,1,0,7
BRDA:13,1,1,7
BRDA:53,2,0,2
BRDA:53,3,0,1
BRDA:53,3,1,4
BRDA:53,4,0,5
BRDA:53,4,1,5
BRDA:54,5,0,3
BRDA:54,5,1,3
BRDA:61,6,0,4
BRDA:61,7,0,12
BRDA:61,7,1,10
BRDA:61,8,0,1
BRDA:61,8,1,11
BRDA:61,9,0,12
BRDA:61,9,1,12
BRDA:61,10,0,1
BRDA:61,10,1,9
BRDA:61,11,0,10
BRDA:61,11,1,10
BRDA:63,12,0,8
BRDA:63,13,0,10
BRDA:63,13,1,9
BRDA:64,14,0,3
BRDA:64,15,0,8
BRDA:64,15,1,5
BRDA:87,16,0,25
BRDA:89,17,0,3
BRDA:90,18,0,21
BRDA:98,19,0,1
BRDA:98,20,0,10
BRDA:98,20,1,9
BRDA:98,20,2,2
BRDA:101,21,0,4
BRDA:102,22,0,9
BRDA:102,22,1,6
BRDA:102,22,2,1
BRDA:103,23,0,0
BRDA:103,23,1,1
BRDA:103,24,0,1
BRDA:103,24,1,1
BRF:43
BRH:42
end_of_record
TN:
SF:src\common\auth.decorator.ts
FN:19,(anonymous_0)
FN:25,(anonymous_1)
FN:32,(anonymous_2)
FN:41,accessGuard
FN:50,(anonymous_4)
FN:58,(anonymous_5)
FNF:6
FNH:0
FNDA:0,(anonymous_0)
FNDA:0,(anonymous_1)
FNDA:0,(anonymous_2)
FNDA:0,accessGuard
FNDA:0,(anonymous_4)
FNDA:0,(anonymous_5)
DA:1,1
DA:9,1
DA:10,1
DA:16,1
DA:20,0
DA:26,0
DA:27,0
DA:33,0
DA:34,0
DA:35,0
DA:37,0
DA:41,1
DA:42,0
DA:43,0
DA:44,0
DA:45,0
DA:50,1
DA:51,0
DA:52,0
DA:54,0
DA:57,1
DA:59,0
LF:22
LH:7
BRDA:26,0,0,0
BRDA:26,1,0,0
BRDA:26,1,1,0
BRDA:26,2,0,0
BRDA:26,2,1,0
BRDA:33,3,0,0
BRDA:33,4,0,0
BRDA:33,4,1,0
BRDA:33,5,0,0
BRDA:33,5,1,0
BRDA:34,6,0,0
BRDA:43,7,0,0
BRDA:44,8,0,0
BRDA:51,9,0,0
BRDA:59,10,0,0
BRDA:59,10,1,0
BRDA:59,11,0,0
BRDA:59,11,1,0
BRF:18
BRH:0
end_of_record
TN:
SF:src\common\common.column.ts
FN:23,(anonymous_0)
FN:24,(anonymous_1)
FN:25,(anonymous_2)
FN:26,(anonymous_3)
FN:27,(anonymous_4)
FN:28,(anonymous_5)
FN:29,(anonymous_6)
FN:30,(anonymous_7)
FN:31,(anonymous_8)
FN:32,(anonymous_9)
FN:33,(anonymous_10)
FN:34,(anonymous_11)
FN:35,(anonymous_12)
FN:36,(anonymous_13)
FN:37,(anonymous_14)
FN:38,(anonymous_15)
FN:39,(anonymous_16)
FN:40,(anonymous_17)
FN:41,(anonymous_18)
FN:42,(anonymous_19)
FNF:20
FNH:0
FNDA:0,(anonymous_0)
FNDA:0,(anonymous_1)
FNDA:0,(anonymous_2)
FNDA:0,(anonymous_3)
FNDA:0,(anonymous_4)
FNDA:0,(anonymous_5)
FNDA:0,(anonymous_6)
FNDA:0,(anonymous_7)
FNDA:0,(anonymous_8)
FNDA:0,(anonymous_9)
FNDA:0,(anonymous_10)
FNDA:0,(anonymous_11)
FNDA:0,(anonymous_12)
FNDA:0,(anonymous_13)
FNDA:0,(anonymous_14)
FNDA:0,(anonymous_15)
FNDA:0,(anonymous_16)
FNDA:0,(anonymous_17)
FNDA:0,(anonymous_18)
FNDA:0,(anonymous_19)
DA:1,0
DA:2,0
DA:3,0
DA:4,0
DA:5,0
DA:6,0
DA:7,0
DA:8,0
DA:9,0
DA:10,0
DA:11,0
DA:12,0
DA:13,0
DA:14,0
DA:15,0
DA:16,0
DA:17,0
DA:18,0
DA:19,0
DA:20,0
DA:23,0
DA:24,0
DA:25,0
DA:26,0
DA:27,0
DA:28,0
DA:29,0
DA:30,0
DA:31,0
DA:32,0
DA:33,0
DA:34,0
DA:35,0
DA:36,0
DA:37,0
DA:38,0
DA:39,0
DA:40,0
DA:41,0
DA:42,0
LF:40
LH:0
BRF:0
BRH:0
end_of_record
TN:
SF:src\common\common.decorator.ts
FN:22,(anonymous_0)
FN:36,(anonymous_1)
FN:72,(anonymous_2)
FN:76,(anonymous_3)
FNF:4
FNH:0
FNDA:0,(anonymous_0)
FNDA:0,(anonymous_1)
FNDA:0,(anonymous_2)
FNDA:0,(anonymous_3)
DA:1,1
DA:7,1
DA:8,1
DA:9,1
DA:10,1
DA:11,1
DA:12,1
DA:13,1
DA:14,1
DA:15,1
DA:16,1
DA:17,1
DA:18,1
DA:19,1
DA:21,1
DA:23,0
DA:24,0
DA:25,0
DA:26,0
DA:27,0
DA:28,0
DA:29,0
DA:32,0
DA:36,1
DA:37,0
DA:38,0
DA:40,0
DA:41,0
DA:43,0
DA:44,0
DA:46,0
DA:47,0
DA:49,0
DA:50,0
DA:52,0
DA:53,0
DA:55,0
DA:56,0
DA:58,0
DA:59,0
DA:61,0
DA:62,0
DA:64,0
DA:65,0
DA:67,0
DA:68,0
DA:72,1
DA:73,0
DA:76,1
DA:77,0
LF:50
LH:18
BRDA:22,0,0,0
BRDA:26,1,0,0
BRDA:26,1,1,0
BRDA:27,2,0,0
BRDA:37,3,0,0
BRDA:40,4,0,0
BRDA:43,5,0,0
BRDA:46,6,0,0
BRDA:49,7,0,0
BRDA:52,8,0,0
BRDA:55,9,0,0
BRDA:58,10,0,0
BRDA:61,11,0,0
BRDA:64,12,0,0
BRDA:67,13,0,0
BRF:15
BRH:0
end_of_record
TN:
SF:src\common\common.doc.ts
FN:14,(anonymous_0)
FN:27,(anonymous_1)
FN:44,(anonymous_2)
FN:69,(anonymous_3)
FNF:4
FNH:0
FNDA:0,(anonymous_0)
FNDA:0,(anonymous_1)
FNDA:0,(anonymous_2)
FNDA:0,(anonymous_3)
DA:1,1
DA:2,1
DA:12,1
DA:14,1
DA:22,0
DA:24,0
DA:26,0
DA:27,0
DA:28,0
DA:29,0
DA:31,0
DA:32,0
DA:36,0
DA:37,0
DA:39,0
DA:43,0
DA:44,0
DA:45,0
DA:46,0
DA:48,0
DA:49,0
DA:51,0
DA:52,0
DA:54,0
DA:58,0
DA:59,0
DA:60,0
DA:62,0
DA:65,0
DA:66,0
DA:68,0
DA:69,0
DA:70,0
DA:72,0
DA:75,0
DA:83,0
DA:90,0
LF:37
LH:4
BRDA:16,0,0,0
BRDA:17,1,0,0
BRDA:18,2,0,0
BRDA:19,3,0,0
BRDA:20,4,0,0
BRDA:26,5,0,0
BRDA:28,6,0,0
BRDA:31,7,0,0
BRDA:32,8,0,0
BRDA:32,8,1,0
BRDA:33,9,0,0
BRDA:33,9,1,0
BRDA:36,10,0,0
BRDA:43,11,0,0
BRDA:45,12,0,0
BRDA:48,13,0,0
BRDA:49,14,0,0
BRDA:49,14,1,0
BRDA:51,15,0,0
BRDA:58,16,0,0
BRDA:59,17,0,0
BRDA:59,18,0,0
BRDA:59,18,1,0
BRDA:59,19,0,0
BRDA:59,19,1,0
BRDA:65,20,0,0
BRDA:65,21,0,0
BRDA:65,21,1,0
BRDA:65,22,0,0
BRDA:65,22,1,0
BRF:30
BRH:0
end_of_record
TN:
SF:src\common\common.dto.ts
FNF:0
FNH:0
DA:1,0
DA:3,0
DA:8,0
LF:3
LH:0
BRF:0
BRH:0
end_of_record
TN:
SF:src\common\common.enum.ts
FN:1,(anonymous_0)
FN:6,(anonymous_1)
FN:12,(anonymous_2)
FN:20,(anonymous_3)
FN:25,(anonymous_4)
FNF:5
FNH:0
FNDA:0,(anonymous_0)
FNDA:0,(anonymous_1)
FNDA:0,(anonymous_2)
FNDA:0,(anonymous_3)
FNDA:0,(anonymous_4)
DA:1,0
DA:2,0
DA:3,0
DA:6,0
DA:7,0
DA:8,0
DA:9,0
DA:12,0
DA:13,0
DA:14,0
DA:15,0
DA:16,0
DA:17,0
DA:20,0
DA:21,0
DA:22,0
DA:25,0
DA:26,0
DA:27,0
DA:28,0
DA:29,0
DA:30,0
LF:22
LH:0
BRDA:1,0,0,0
BRDA:1,0,1,0
BRDA:6,1,0,0
BRDA:6,1,1,0
BRDA:12,2,0,0
BRDA:12,2,1,0
BRDA:20,3,0,0
BRDA:20,3,1,0
BRDA:25,4,0,0
BRDA:25,4,1,0
BRF:10
BRH:0
end_of_record
TN:
SF:src\common\common.service.ts
FN:35,(anonymous_0)
FN:48,(anonymous_1)
FN:56,(anonymous_2)
FN:61,(anonymous_3)
FN:65,(anonymous_4)
FN:75,(anonymous_5)
FN:84,(anonymous_6)
FN:88,(anonymous_7)
FN:99,(anonymous_8)
FN:111,(anonymous_9)
FN:126,(anonymous_10)
FN:131,(anonymous_11)
FN:146,(anonymous_12)
FN:160,(anonymous_13)
FN:167,(anonymous_14)
FN:169,(anonymous_15)
FN:174,(anonymous_16)
FN:191,(anonymous_17)
FN:204,(anonymous_18)
FN:218,(anonymous_19)
FN:255,(anonymous_20)
FN:277,(anonymous_21)
FN:294,(anonymous_22)
FN:324,(anonymous_23)
FN:341,(anonymous_24)
FN:345,(anonymous_25)
FN:349,(anonymous_26)
FN:353,(anonymous_27)
FN:357,(anonymous_28)
FNF:29
FNH:0
FNDA:0,(anonymous_0)
FNDA:0,(anonymous_1)
FNDA:0,(anonymous_2)
FNDA:0,(anonymous_3)
FNDA:0,(anonymous_4)
FNDA:0,(anonymous_5)
FNDA:0,(anonymous_6)
FNDA:0,(anonymous_7)
FNDA:0,(anonymous_8)
FNDA:0,(anonymous_9)
FNDA:0,(anonymous_10)
FNDA:0,(anonymous_11)
FNDA:0,(anonymous_12)
FNDA:0,(anonymous_13)
FNDA:0,(anonymous_14)
FNDA:0,(anonymous_15)
FNDA:0,(anonymous_16)
FNDA:0,(anonymous_17)
FNDA:0,(anonymous_18)
FNDA:0,(anonymous_19)
FNDA:0,(anonymous_20)
FNDA:0,(anonymous_21)
FNDA:0,(anonymous_22)
FNDA:0,(anonymous_23)
FNDA:0,(anonymous_24)
FNDA:0,(anonymous_25)
FNDA:0,(anonymous_26)
FNDA:0,(anonymous_27)
FNDA:0,(anonymous_28)
DA:1,0
DA:2,0
DA:3,0
DA:4,0
DA:16,0
DA:20,0
DA:22,0
DA:23,0
DA:24,0
DA:25,0
DA:26,0
DA:27,0
DA:30,0
DA:32,0
DA:39,0
DA:40,0
DA:41,0
DA:42,0
DA:44,0
DA:52,0
DA:53,0
DA:60,0
DA:61,0
DA:62,0
DA:69,0
DA:70,0
DA:71,0
DA:72,0
DA:76,0
DA:77,0
DA:78,0
DA:85,0
DA:86,0
DA:88,0
DA:89,0
DA:90,0
DA:92,0
DA:93,0
DA:94,0
DA:95,0
DA:96,0
DA:105,0
DA:106,0
DA:107,0
DA:109,0
DA:111,0
DA:112,0
DA:113,0
DA:115,0
DA:116,0
DA:118,0
DA:120,0
DA:122,0
DA:127,0
DA:128,0
DA:138,0
DA:139,0
DA:140,0
DA:142,0
DA:143,0
DA:145,0
DA:146,0
DA:147,0
DA:149,0
DA:150,0
DA:152,0
DA:154,0
DA:156,0
DA:161,0
DA:162,0
DA:163,0
DA:164,0
DA:168,0
DA:169,0
DA:171,0
DA:175,0
DA:176,0
DA:177,0
DA:179,0
DA:180,0
DA:181,0
DA:182,0
DA:183,0
DA:185,0
DA:187,0
DA:192,0
DA:193,0
DA:194,0
DA:196,0
DA:197,0
DA:198,0
DA:200,0
DA:205,0
DA:206,0
DA:207,0
DA:208,0
DA:209,0
DA:211,0
DA:212,0
DA:214,0
DA:223,0
DA:224,0
DA:226,0
DA:227,0
DA:232,0
DA:233,0
DA:237,0
DA:238,0
DA:239,0
DA:242,0
DA:243,0
DA:245,0
DA:246,0
DA:247,0
DA:248,0
DA:251,0
DA:260,0
DA:262,0
DA:263,0
DA:266,0
DA:270,0
DA:272,0
DA:273,0
DA:276,0
DA:277,0
DA:278,0
DA:288,0
DA:290,0
DA:300,0
DA:301,0
DA:303,0
DA:307,0
DA:309,0
DA:310,0
DA:313,0
DA:314,0
DA:315,0
DA:316,0
DA:319,0
DA:320,0
DA:321,0
DA:322,0
DA:324,0
DA:325,0
DA:335,0
DA:337,0
DA:342,0
DA:346,0
DA:350,0
DA:354,0
DA:358,0
DA:359,0
DA:361,0
LF:153
LH:0
BRDA:36,0,0,0
BRDA:37,1,0,0
BRDA:50,2,0,0
BRDA:58,3,0,0
BRDA:61,4,0,0
BRDA:61,4,1,0
BRDA:61,5,0,0
BRDA:61,5,1,0
BRDA:61,6,0,0
BRDA:61,6,1,0
BRDA:67,7,0,0
BRDA:75,8,0,0
BRDA:80,9,0,0
BRDA:80,9,1,0
BRDA:85,10,0,0
BRDA:85,11,0,0
BRDA:85,11,1,0
BRDA:89,12,0,0
BRDA:94,13,0,0
BRDA:96,14,0,0
BRDA:96,14,1,0
BRDA:96,15,0,0
BRDA:96,15,1,0
BRDA:96,16,0,0
BRDA:96,16,1,0
BRDA:101,17,0,0
BRDA:102,18,0,0
BRDA:113,19,0,0
BRDA:113,19,1,0
BRDA:113,20,0,0
BRDA:113,20,1,0
BRDA:115,21,0,0
BRDA:115,21,1,0
BRDA:127,22,0,0
BRDA:127,22,1,0
BRDA:134,23,0,0
BRDA:135,24,0,0
BRDA:138,25,0,0
BRDA:140,26,0,0
BRDA:149,27,0,0
BRDA:149,27,1,0
BRDA:162,28,0,0
BRDA:162,28,1,0
BRDA:163,29,0,0
BRDA:163,29,1,0
BRDA:171,30,0,0
BRDA:171,30,1,0
BRDA:171,31,0,0
BRDA:171,31,1,0
BRDA:171,32,0,0
BRDA:171,32,1,0
BRDA:174,33,0,0
BRDA:175,34,0,0
BRDA:175,35,0,0
BRDA:175,35,1,0
BRDA:177,36,0,0
BRDA:180,37,0,0
BRDA:180,37,1,0
BRDA:182,38,0,0
BRDA:191,39,0,0
BRDA:192,40,0,0
BRDA:192,41,0,0
BRDA:192,41,1,0
BRDA:194,42,0,0
BRDA:197,43,0,0
BRDA:197,43,1,0
BRDA:204,44,0,0
BRDA:206,45,0,0
BRDA:207,46,0,0
BRDA:207,47,0,0
BRDA:207,47,1,0
BRDA:209,48,0,0
BRDA:220,49,0,0
BRDA:221,50,0,0
BRDA:226,51,0,0
BRDA:226,52,0,0
BRDA:226,52,1,0
BRDA:232,53,0,0
BRDA:238,54,0,0
BRDA:238,55,0,0
BRDA:238,55,1,0
BRDA:238,56,0,0
BRDA:238,56,1,0
BRDA:245,57,0,0
BRDA:245,58,0,0
BRDA:245,58,1,0
BRDA:245,59,0,0
BRDA:245,59,1,0
BRDA:247,60,0,0
BRDA:247,61,0,0
BRDA:247,61,1,0
BRDA:247,62,0,0
BRDA:247,62,1,0
BRDA:258,63,0,0
BRDA:262,64,0,0
BRDA:270,65,0,0
BRDA:272,66,0,0
BRDA:272,67,0,0
BRDA:272,67,1,0
BRDA:272,68,0,0
BRDA:272,68,1,0
BRDA:272,69,0,0
BRDA:272,69,1,0
BRDA:272,70,0,0
BRDA:272,70,1,0
BRDA:298,71,0,0
BRDA:301,72,0,0
BRDA:301,73,0,0
BRDA:301,73,1,0
BRDA:307,74,0,0
BRDA:309,75,0,0
BRDA:313,76,0,0
BRDA:313,76,1,0
BRDA:313,77,0,0
BRDA:313,77,1,0
BRDA:313,78,0,0
BRDA:313,78,1,0
BRDA:314,79,0,0
BRDA:314,80,0,0
BRDA:314,80,1,0
BRDA:315,81,0,0
BRDA:315,82,0,0
BRDA:315,82,1,0
BRDA:315,83,0,0
BRDA:315,83,1,0
BRDA:320,84,0,0
BRDA:320,84,1,0
BRDA:321,85,0,0
BRDA:321,85,1,0
BRDA:322,86,0,0
BRDA:358,87,0,0
BRDA:358,88,0,0
BRDA:358,88,1,0
BRDA:358,88,2,0
BRDA:358,88,3,0
BRF:135
BRH:0
end_of_record
TN:
SF:src\common\entity.controller.ts
FN:43,matchedRoleNames
FN:46,(anonymous_5)
FN:49,resolveTenantScopeFromAccount
FN:63,resolveBind
FN:129,route
FN:159,filterRelations
FN:165,(anonymous_10)
FN:168,(anonymous_11)
FN:248,(anonymous_12)
FN:266,(anonymous_13)
FN:285,(anonymous_14)
FN:301,(anonymous_15)
FN:317,(anonymous_16)
FN:335,(anonymous_17)
FN:348,(anonymous_18)
FN:358,(anonymous_19)
FN:373,(anonymous_20)
FN:382,(anonymous_21)
FN:391,(anonymous_22)
FN:400,(anonymous_23)
FN:423,(anonymous_24)
FNF:21
FNH:4
FNDA:8,matchedRoleNames
FNDA:7,(anonymous_5)
FNDA:14,resolveTenantScopeFromAccount
FNDA:14,resolveBind
FNDA:0,route
FNDA:0,filterRelations
FNDA:0,(anonymous_10)
FNDA:0,(anonymous_11)
FNDA:0,(anonymous_12)
FNDA:0,(anonymous_13)
FNDA:0,(anonymous_14)
FNDA:0,(anonymous_15)
FNDA:0,(anonymous_16)
FNDA:0,(anonymous_17)
FNDA:0,(anonymous_18)
FNDA:0,(anonymous_19)
FNDA:0,(anonymous_20)
FNDA:0,(anonymous_21)
FNDA:0,(anonymous_22)
FNDA:0,(anonymous_23)
FNDA:0,(anonymous_24)
DA:1,1
DA:17,1
DA:20,1
DA:22,1
DA:23,1
DA:24,1
DA:25,1
DA:26,1
DA:27,1
DA:28,1
DA:29,1
DA:39,1
DA:40,1
DA:41,1
DA:43,1
DA:44,8
DA:45,5
DA:46,7
DA:49,1
DA:53,14
DA:54,14
DA:55,10
DA:56,12
DA:57,5
DA:60,5
DA:63,1
DA:73,14
DA:74,14
DA:75,14
DA:77,14
DA:78,6
DA:79,4
DA:80,4
DA:81,4
DA:91,2
DA:93,8
DA:94,7
DA:96,5
DA:97,5
DA:99,5
DA:100,2
DA:101,2
DA:102,2
DA:103,2
DA:106,5
DA:107,4
DA:108,4
DA:109,4
DA:110,4
DA:111,4
DA:115,5
DA:116,2
DA:117,2
DA:118,2
DA:122,5
DA:123,4
DA:126,1
DA:136,0
DA:137,0
DA:139,0
DA:141,0
DA:143,0
DA:144,0
DA:145,0
DA:147,0
DA:148,0
DA:149,0
DA:150,0
DA:154,0
DA:155,0
DA:156,0
DA:163,0
DA:164,0
DA:165,0
DA:168,1
DA:169,0
DA:170,0
DA:171,0
DA:172,0
DA:173,0
DA:175,0
DA:176,0
DA:177,0
DA:178,0
DA:180,0
DA:181,0
DA:182,0
DA:183,0
DA:185,0
DA:187,0
DA:198,0
DA:199,0
DA:200,0
DA:207,0
DA:208,0
DA:209,0
DA:210,0
DA:211,0
DA:212,0
DA:213,0
DA:220,0
DA:228,0
DA:229,0
DA:232,0
DA:236,0
DA:237,0
DA:240,0
DA:248,0
DA:255,0
DA:262,0
DA:266,0
DA:277,0
DA:278,0
DA:285,0
DA:293,0
DA:294,0
DA:301,0
DA:308,0
DA:309,0
DA:310,0
DA:311,0
DA:313,0
DA:317,0
DA:323,0
DA:324,0
DA:328,0
DA:329,0
DA:331,0
DA:335,0
DA:343,0
DA:344,0
DA:348,0
DA:353,0
DA:354,0
DA:358,0
DA:364,0
DA:365,0
DA:366,0
DA:367,0
DA:369,0
DA:373,0
DA:377,0
DA:378,0
DA:382,0
DA:386,0
DA:387,0
DA:391,0
DA:395,0
DA:396,0
DA:400,0
DA:410,0
DA:411,0
DA:416,0
DA:417,0
DA:419,0
DA:423,0
DA:429,0
DA:430,0
DA:431,0
DA:432,0
DA:434,0
DA:438,0
LF:162
LH:58
BRDA:44,0,0,3
BRDA:44,1,0,1
BRDA:44,1,1,7
BRDA:44,2,0,8
BRDA:44,2,1,8
BRDA:45,3,0,5
BRDA:45,3,1,1
BRDA:45,4,0,0
BRDA:45,4,1,5
BRDA:45,5,0,5
BRDA:45,5,1,5
BRDA:53,6,0,0
BRDA:53,6,1,14
BRDA:53,7,0,14
BRDA:53,7,1,14
BRDA:54,8,0,4
BRDA:54,9,0,14
BRDA:54,9,1,12
BRDA:54,10,0,1
BRDA:54,10,1,13
BRDA:54,11,0,14
BRDA:54,11,1,14
BRDA:54,12,0,1
BRDA:54,12,1,11
BRDA:54,13,0,12
BRDA:54,13,1,12
BRDA:56,14,0,5
BRDA:56,15,0,12
BRDA:56,15,1,11
BRDA:74,16,0,3
BRDA:74,16,1,11
BRDA:74,17,0,3
BRDA:74,17,1,11
BRDA:74,18,0,14
BRDA:74,18,1,14
BRDA:75,19,0,3
BRDA:75,19,1,11
BRDA:77,20,0,6
BRDA:78,21,0,4
BRDA:78,22,0,6
BRDA:78,22,1,5
BRDA:78,23,0,0
BRDA:78,23,1,5
BRDA:78,24,0,5
BRDA:78,24,1,5
BRDA:79,25,0,4
BRDA:79,25,1,0
BRDA:80,26,0,4
BRDA:84,27,0,4
BRDA:84,27,1,0
BRDA:85,28,0,1
BRDA:85,28,1,3
BRDA:86,29,0,0
BRDA:86,29,1,4
BRDA:86,30,0,4
BRDA:86,30,1,4
BRDA:93,31,0,1
BRDA:94,32,0,2
BRDA:94,33,0,0
BRDA:94,33,1,2
BRDA:94,34,0,2
BRDA:94,34,1,2
BRDA:97,35,0,0
BRDA:97,35,1,5
BRDA:97,36,0,5
BRDA:97,36,1,5
BRDA:99,37,0,2
BRDA:100,38,0,2
BRDA:100,38,1,0
BRDA:101,39,0,0
BRDA:101,39,1,2
BRDA:101,40,0,2
BRDA:101,40,1,2
BRDA:102,41,0,2
BRDA:102,41,1,0
BRDA:106,42,0,4
BRDA:106,43,0,5
BRDA:106,43,1,2
BRDA:106,43,2,5
BRDA:107,44,0,4
BRDA:107,44,1,0
BRDA:108,45,0,4
BRDA:110,46,0,4
BRDA:110,46,1,0
BRDA:111,47,0,0
BRDA:111,47,1,4
BRDA:111,48,0,4
BRDA:111,48,1,4
BRDA:115,49,0,2
BRDA:117,50,0,2
BRDA:122,51,0,4
BRDA:122,52,0,5
BRDA:122,52,1,3
BRDA:122,52,2,2
BRDA:137,53,0,0
BRDA:137,53,1,0
BRDA:137,54,0,0
BRDA:137,54,1,0
BRDA:137,55,0,0
BRDA:137,55,1,0
BRDA:139,56,0,0
BRDA:139,57,0,0
BRDA:139,57,1,0
BRDA:143,58,0,0
BRDA:143,58,1,0
BRDA:143,59,0,0
BRDA:143,59,1,0
BRDA:148,60,0,0
BRDA:155,61,0,0
BRDA:163,62,0,0
BRDA:163,63,0,0
BRDA:163,63,1,0
BRDA:164,64,0,0
BRDA:164,65,0,0
BRDA:164,65,1,0
BRDA:165,66,0,0
BRDA:165,66,1,0
BRDA:170,67,0,0
BRDA:170,67,1,0
BRDA:170,68,0,0
BRDA:170,68,1,0
BRDA:171,69,0,0
BRDA:171,69,1,0
BRDA:171,70,0,0
BRDA:171,70,1,0
BRDA:172,71,0,0
BRDA:172,71,1,0
BRDA:172,72,0,0
BRDA:172,72,1,0
BRDA:173,73,0,0
BRDA:173,73,1,0
BRDA:173,74,0,0
BRDA:173,74,1,0
BRDA:175,75,0,0
BRDA:175,75,1,0
BRDA:175,76,0,0
BRDA:175,76,1,0
BRDA:175,77,0,0
BRDA:175,77,1,0
BRDA:175,78,0,0
BRDA:175,78,1,0
BRDA:176,79,0,0
BRDA:176,79,1,0
BRDA:176,80,0,0
BRDA:176,80,1,0
BRDA:176,81,0,0
BRDA:176,81,1,0
BRDA:176,82,0,0
BRDA:176,82,1,0
BRDA:177,83,0,0
BRDA:177,83,1,0
BRDA:177,84,0,0
BRDA:177,84,1,0
BRDA:177,85,0,0
BRDA:177,85,1,0
BRDA:177,86,0,0
BRDA:177,86,1,0
BRDA:178,87,0,0
BRDA:178,87,1,0
BRDA:178,88,0,0
BRDA:178,88,1,0
BRDA:178,89,0,0
BRDA:178,89,1,0
BRDA:178,90,0,0
BRDA:178,90,1,0
BRDA:180,91,0,0
BRDA:180,91,1,0
BRDA:180,92,0,0
BRDA:180,92,1,0
BRDA:181,93,0,0
BRDA:181,93,1,0
BRDA:181,94,0,0
BRDA:181,94,1,0
BRDA:182,95,0,0
BRDA:182,95,1,0
BRDA:182,96,0,0
BRDA:182,96,1,0
BRDA:183,97,0,0
BRDA:183,97,1,0
BRDA:183,98,0,0
BRDA:183,98,1,0
BRDA:192,99,0,0
BRDA:192,99,1,0
BRDA:193,100,0,0
BRDA:193,100,1,0
BRDA:194,101,0,0
BRDA:194,101,1,0
BRDA:195,102,0,0
BRDA:195,102,1,0
BRDA:229,103,0,0
BRDA:229,103,1,0
BRDA:232,104,0,0
BRDA:232,104,1,0
BRDA:237,105,0,0
BRDA:237,105,1,0
BRDA:256,106,0,0
BRDA:256,106,1,0
BRDA:259,107,0,0
BRDA:259,107,1,0
BRDA:260,108,0,0
BRDA:260,108,1,0
BRDA:271,109,0,0
BRDA:272,110,0,0
BRDA:274,111,0,0
BRDA:310,112,0,0
BRDA:328,113,0,0
BRDA:338,114,0,0
BRDA:339,115,0,0
BRDA:366,116,0,0
BRDA:405,117,0,0
BRDA:406,118,0,0
BRDA:416,119,0,0
BRDA:426,120,0,0
BRDA:431,121,0,0
BRF:214
BRH:80
end_of_record
TN:
SF:src\common\permission.registry.ts
FN:11,(anonymous_0)
FN:15,(anonymous_1)
FN:19,(anonymous_2)
FN:23,(anonymous_3)
FN:27,(anonymous_4)
FN:31,(anonymous_5)
FN:35,(anonymous_6)
FN:39,(anonymous_7)
FN:43,(anonymous_8)
FN:47,(anonymous_9)
FN:51,(anonymous_10)
FN:55,(anonymous_11)
FN:59,(anonymous_12)
FNF:13
FNH:13
FNDA:11,(anonymous_0)
FNDA:2,(anonymous_1)
FNDA:2,(anonymous_2)
FNDA:1,(anonymous_3)
FNDA:2,(anonymous_4)
FNDA:2,(anonymous_5)
FNDA:4,(anonymous_6)
FNDA:2,(anonymous_7)
FNDA:2,(anonymous_8)
FNDA:2,(anonymous_9)
FNDA:5,(anonymous_10)
FNDA:2,(anonymous_11)
FNDA:33,(anonymous_12)
DA:1,3
DA:8,3
DA:10,3
DA:12,11
DA:16,2
DA:20,2
DA:24,1
DA:28,2
DA:32,2
DA:36,4
DA:40,2
DA:44,2
DA:48,2
DA:52,5
DA:56,2
DA:60,33
LF:16
LH:16
BRDA:20,0,0,1
BRDA:20,0,1,1
BRDA:20,1,0,2
BRDA:20,1,1,2
BRDA:24,2,0,0
BRDA:24,2,1,1
BRDA:24,3,0,1
BRDA:24,3,1,1
BRDA:28,4,0,0
BRDA:28,4,1,2
BRDA:28,5,0,2
BRDA:28,5,1,2
BRDA:32,6,0,0
BRDA:32,6,1,2
BRDA:32,7,0,2
BRDA:32,7,1,2
BRDA:36,8,0,3
BRDA:36,8,1,1
BRDA:36,9,0,4
BRDA:36,9,1,4
BRDA:36,10,0,1
BRDA:36,10,1,3
BRDA:36,11,0,4
BRDA:36,11,1,4
BRDA:40,12,0,1
BRDA:40,12,1,1
BRDA:40,13,0,2
BRDA:40,13,1,2
BRDA:40,14,0,1
BRDA:40,14,1,1
BRDA:40,15,0,2
BRDA:40,15,1,2
BRDA:44,16,0,1
BRDA:44,16,1,1
BRDA:44,17,0,2
BRDA:44,17,1,2
BRDA:44,18,0,1
BRDA:44,18,1,1
BRDA:44,19,0,2
BRDA:44,19,1,2
BRDA:48,20,0,1
BRDA:48,20,1,1
BRDA:48,21,0,2
BRDA:48,21,1,2
BRDA:48,22,0,1
BRDA:48,22,1,1
BRDA:48,23,0,2
BRDA:48,23,1,2
BRF:48
BRH:45
end_of_record
TN:
SF:src\common\auth-client\account.strategy.ts
FN:14,(anonymous_2)
FN:30,(anonymous_3)
FNF:2
FNH:0
FNDA:0,(anonymous_2)
FNDA:0,(anonymous_3)
DA:1,0
DA:2,0
DA:7,0
DA:8,0
DA:9,0
DA:10,0
DA:13,0
DA:15,0
DA:16,0
DA:18,0
DA:31,0
DA:32,0
DA:34,0
DA:35,0
DA:36,0
DA:38,0
LF:16
LH:0
BRDA:31,0,0,0
BRDA:31,1,0,0
BRDA:31,1,1,0
BRDA:35,2,0,0
BRDA:35,3,0,0
BRDA:35,3,1,0
BRDA:35,3,2,0
BRF:7
BRH:0
end_of_record
TN:
SF:src\common\auth-client\auth-client.service.ts
FN:14,(anonymous_2)
FN:27,(anonymous_3)
FN:60,(anonymous_4)
FNF:3
FNH:0
FNDA:0,(anonymous_2)
FNDA:0,(anonymous_3)
FNDA:0,(anonymous_4)
DA:1,0
DA:2,0
DA:3,0
DA:7,0
DA:8,0
DA:11,0
DA:14,0
DA:15,0
DA:17,0
DA:18,0
DA:19,0
DA:20,0
DA:21,0
DA:28,0
DA:29,0
DA:30,0
DA:33,0
DA:34,0
DA:43,0
DA:44,0
DA:45,0
DA:47,0
DA:51,0
DA:53,0
DA:56,0
DA:61,0
DA:62,0
DA:64,0
LF:28
LH:0
BRDA:16,0,0,0
BRDA:16,0,1,0
BRDA:17,1,0,0
BRDA:17,1,1,0
BRDA:19,2,0,0
BRDA:19,2,1,0
BRDA:20,3,0,0
BRDA:29,4,0,0
BRDA:29,5,0,0
BRDA:29,5,1,0
BRDA:43,6,0,0
BRDA:43,6,1,0
BRDA:43,7,0,0
BRDA:43,7,1,0
BRDA:44,8,0,0
BRDA:44,8,1,0
BRDA:44,9,0,0
BRDA:44,9,1,0
BRDA:44,10,0,0
BRDA:44,10,1,0
BRDA:44,11,0,0
BRDA:44,11,1,0
BRDA:45,12,0,0
BRDA:45,12,1,0
BRDA:61,13,0,0
BRDA:61,13,1,0
BRF:26
BRH:0
end_of_record
TN:
SF:src\common\auth-client\index.ts
FNF:0
FNH:0
DA:1,0
DA:2,0
DA:3,0
DA:4,0
LF:4
LH:0
BRF:0
BRH:0
end_of_record
TN:
SF:src\common\bootstrap\bootstrap.service.ts
FN:35,bootstrap
FN:87,(anonymous_1)
FN:148,(anonymous_2)
FNF:3
FNH:0
FNDA:0,bootstrap
FNDA:0,(anonymous_1)
FNDA:0,(anonymous_2)
DA:1,0
DA:3,0
DA:4,0
DA:5,0
DA:6,0
DA:9,0
DA:35,0
DA:50,0
DA:52,0
DA:53,0
DA:54,0
DA:57,0
DA:62,0
DA:66,0
DA:67,0
DA:71,0
DA:73,0
DA:75,0
DA:83,0
DA:84,0
DA:85,0
DA:86,0
DA:87,0
DA:88,0
DA:100,0
DA:103,0
DA:104,0
DA:107,0
DA:108,0
DA:113,0
DA:114,0
DA:117,0
DA:118,0
DA:119,0
DA:124,0
DA:127,0
DA:128,0
DA:129,0
DA:132,0
DA:133,0
DA:134,0
DA:137,0
DA:138,0
DA:141,0
DA:143,0
DA:144,0
DA:148,0
DA:149,0
LF:48
LH:0
BRDA:41,0,0,0
BRDA:42,1,0,0
BRDA:42,2,0,0
BRDA:42,2,1,0
BRDA:43,3,0,0
BRDA:44,4,0,0
BRDA:45,5,0,0
BRDA:46,6,0,0
BRDA:47,7,0,0
BRDA:48,8,0,0
BRDA:52,9,0,0
BRDA:59,10,0,0
BRDA:59,10,1,0
BRDA:66,11,0,0
BRDA:67,12,0,0
BRDA:67,12,1,0
BRDA:83,13,0,0
BRDA:85,14,0,0
BRDA:85,14,1,0
BRDA:86,15,0,0
BRDA:103,16,0,0
BRDA:107,17,0,0
BRDA:107,18,0,0
BRDA:107,18,1,0
BRDA:109,19,0,0
BRDA:109,19,1,0
BRDA:110,20,0,0
BRDA:110,20,1,0
BRDA:111,21,0,0
BRDA:111,21,1,0
BRDA:117,22,0,0
BRDA:117,23,0,0
BRDA:117,23,1,0
BRDA:120,24,0,0
BRDA:120,24,1,0
BRDA:121,25,0,0
BRDA:121,25,1,0
BRDA:127,26,0,0
BRDA:132,27,0,0
BRDA:137,28,0,0
BRDA:145,29,0,0
BRDA:145,29,1,0
BRF:42
BRH:0
end_of_record
TN:
SF:src\common\client\event-client.interfaces.ts
FNF:0
FNH:0
DA:10,0
LF:1
LH:0
BRF:0
BRH:0
end_of_record
TN:
SF:src\common\client\event-client.service.ts
FN:13,(anonymous_2)
FN:23,(anonymous_3)
FNF:2
FNH:0
FNDA:0,(anonymous_2)
FNDA:0,(anonymous_3)
DA:1,0
DA:2,0
DA:3,0
DA:4,0
DA:7,0
DA:8,0
DA:13,0
DA:14,0
DA:15,0
DA:19,0
DA:20,0
DA:28,0
DA:36,0
DA:37,0
DA:38,0
DA:40,0
DA:41,0
DA:45,0
DA:47,0
LF:19
LH:0
BRDA:31,0,0,0
BRDA:31,0,1,0
BRDA:31,1,0,0
BRDA:31,1,1,0
BRDA:31,2,0,0
BRDA:31,2,1,0
BRDA:32,3,0,0
BRDA:32,3,1,0
BRDA:32,4,0,0
BRDA:32,4,1,0
BRDA:32,5,0,0
BRDA:32,5,1,0
BRDA:32,6,0,0
BRDA:32,6,1,0
BRDA:33,7,0,0
BRDA:33,7,1,0
BRDA:33,8,0,0
BRDA:33,8,1,0
BRDA:33,9,0,0
BRDA:33,9,1,0
BRDA:36,10,0,0
BRDA:36,11,0,0
BRDA:36,11,1,0
BRDA:36,12,0,0
BRDA:36,12,1,0
BRDA:37,13,0,0
BRDA:37,14,0,0
BRDA:37,14,1,0
BRDA:37,15,0,0
BRDA:37,15,1,0
BRDA:38,16,0,0
BRDA:38,17,0,0
BRDA:38,17,1,0
BRDA:38,18,0,0
BRDA:38,18,1,0
BRDA:48,19,0,0
BRDA:48,19,1,0
BRF:37
BRH:0
end_of_record
TN:
SF:src\common\column\bigint.column.ts
FN:5,(anonymous_0)
FN:8,(anonymous_1)
FN:13,BigIntColumn
FN:26,(anonymous_3)
FNF:4
FNH:0
FNDA:0,(anonymous_0)
FNDA:0,(anonymous_1)
FNDA:0,BigIntColumn
FNDA:0,(anonymous_3)
DA:1,0
DA:2,0
DA:6,0
DA:9,0
DA:13,0
DA:24,0
DA:26,0
DA:27,0
DA:28,0
DA:31,0
DA:39,0
DA:40,0
DA:43,0
DA:44,0
DA:47,0
DA:48,0
DA:51,0
LF:17
LH:0
BRDA:15,0,0,0
BRDA:16,1,0,0
BRDA:19,2,0,0
BRDA:20,3,0,0
BRDA:21,4,0,0
BRDA:22,5,0,0
BRDA:23,6,0,0
BRDA:24,7,0,0
BRDA:24,7,1,0
BRDA:27,8,0,0
BRDA:33,9,0,0
BRDA:33,9,1,0
BRDA:39,10,0,0
BRDA:43,11,0,0
BRDA:47,12,0,0
BRF:15
BRH:0
end_of_record
TN:
SF:src\common\column\boolean.column.ts
FN:5,(anonymous_0)
FN:8,(anonymous_1)
FN:13,BooleanColumn
FN:20,(anonymous_3)
FNF:4
FNH:0
FNDA:0,(anonymous_0)
FNDA:0,(anonymous_1)
FNDA:0,BooleanColumn
FNDA:0,(anonymous_3)
DA:1,0
DA:2,0
DA:6,0
DA:9,0
DA:13,0
DA:18,0
DA:20,0
DA:21,0
DA:22,0
DA:25,0
DA:27,0
LF:11
LH:0
BRDA:6,0,0,0
BRDA:6,0,1,0
BRDA:15,1,0,0
BRDA:16,2,0,0
BRDA:18,3,0,0
BRDA:18,4,0,0
BRDA:18,5,0,0
BRDA:18,5,1,0
BRDA:21,6,0,0
BRDA:25,7,0,0
BRDA:25,7,1,0
BRF:11
BRH:0
end_of_record
TN:
SF:src\common\column\created.column.ts
FN:4,CreatedColumn
FN:10,(anonymous_1)
FNF:2
FNH:0
FNDA:0,CreatedColumn
FNDA:0,(anonymous_1)
DA:1,0
DA:2,0
DA:4,0
DA:8,0
DA:10,0
DA:11,0
DA:12,0
DA:15,0
LF:8
LH:0
BRDA:5,0,0,0
BRDA:6,1,0,0
BRDA:8,2,0,0
BRDA:8,3,0,0
BRDA:8,4,0,0
BRDA:8,4,1,0
BRDA:11,5,0,0
BRF:7
BRH:0
end_of_record
TN:
SF:src\common\column\date.column.ts
FN:4,DateColumn
FN:7,(anonymous_1)
FNF:2
FNH:0
FNDA:0,DateColumn
FNDA:0,(anonymous_1)
DA:1,0
DA:2,0
DA:4,0
DA:5,0
DA:7,0
DA:8,0
DA:9,0
DA:12,0
LF:8
LH:0
BRDA:4,0,0,0
BRDA:5,1,0,0
BRDA:5,2,0,0
BRDA:5,3,0,0
BRDA:5,3,1,0
BRDA:8,4,0,0
BRF:6
BRH:0
end_of_record
TN:
SF:src\common\column\dto.column.ts
FN:4,DtoColumn
FN:10,(anonymous_1)
FNF:2
FNH:0
FNDA:0,DtoColumn
FNDA:0,(anonymous_1)
DA:1,0
DA:4,0
DA:8,0
DA:10,0
DA:11,0
DA:16,0
DA:17,0
DA:20,0
LF:8
LH:0
BRDA:5,0,0,0
BRDA:6,1,0,0
BRDA:8,2,0,0
BRDA:8,3,0,0
BRDA:8,4,0,0
BRDA:8,4,1,0
BRDA:16,5,0,0
BRF:7
BRH:0
end_of_record
TN:
SF:src\common\column\dto_created.column.ts
FN:3,DtoCreatedColumn
FN:4,(anonymous_1)
FNF:2
FNH:0
FNDA:0,DtoCreatedColumn
FNDA:0,(anonymous_1)
DA:1,0
DA:3,0
DA:4,0
DA:5,0
LF:4
LH:0
BRF:0
BRH:0
end_of_record
TN:
SF:src\common\column\dto_enum.column.ts
FN:5,DtoEnumColumn
FN:13,(anonymous_1)
FNF:2
FNH:0
FNDA:0,DtoEnumColumn
FNDA:0,(anonymous_1)
DA:1,0
DA:2,0
DA:5,0
DA:11,0
DA:13,0
DA:14,0
DA:20,0
DA:21,0
DA:24,0
DA:25,0
LF:10
LH:0
BRDA:8,0,0,0
BRDA:9,1,0,0
BRDA:11,2,0,0
BRDA:11,3,0,0
BRDA:11,3,1,0
BRDA:20,4,0,0
BRF:6
BRH:0
end_of_record
TN:
SF:src\common\column\dto_json.column.ts
FN:5,DtoJsonColumn
FN:11,(anonymous_1)
FNF:2
FNH:0
FNDA:0,DtoJsonColumn
FNDA:0,(anonymous_1)
DA:1,0
DA:2,0
DA:5,0
DA:9,0
DA:11,0
DA:12,0
DA:17,0
DA:18,0
DA:19,0
LF:9
LH:0
BRDA:7,0,0,0
BRDA:9,1,0,0
BRDA:9,2,0,0
BRDA:9,2,1,0
BRF:4
BRH:0
end_of_record
TN:
SF:src\common\column\dto_updated.column.ts
FN:3,DtoUpdatedColumn
FN:4,(anonymous_1)
FNF:2
FNH:0
FNDA:0,DtoUpdatedColumn
FNDA:0,(anonymous_1)
DA:1,0
DA:3,0
DA:4,0
DA:5,0
LF:4
LH:0
BRF:0
BRH:0
end_of_record
TN:
SF:src\common\column\enum.column.ts
FN:4,EnumColumn
FN:12,(anonymous_1)
FNF:2
FNH:0
FNDA:0,EnumColumn
FNDA:0,(anonymous_1)
DA:1,0
DA:2,0
DA:4,0
DA:10,0
DA:12,0
DA:13,0
DA:14,0
DA:17,0
LF:8
LH:0
BRDA:7,0,0,0
BRDA:8,1,0,0
BRDA:10,2,0,0
BRDA:10,3,0,0
BRDA:10,4,0,0
BRDA:10,4,1,0
BRDA:13,5,0,0
BRF:7
BRH:0
end_of_record
TN:
SF:src\common\column\float.column.ts
FN:5,(anonymous_0)
FN:8,(anonymous_1)
FN:13,FloatColumn
FN:26,(anonymous_3)
FNF:4
FNH:0
FNDA:0,(anonymous_0)
FNDA:0,(anonymous_1)
FNDA:0,FloatColumn
FNDA:0,(anonymous_3)
DA:1,0
DA:2,0
DA:6,0
DA:9,0
DA:13,0
DA:24,0
DA:26,0
DA:27,0
DA:28,0
DA:31,0
LF:10
LH:0
BRDA:15,0,0,0
BRDA:16,1,0,0
BRDA:19,2,0,0
BRDA:20,3,0,0
BRDA:21,4,0,0
BRDA:22,5,0,0
BRDA:23,6,0,0
BRDA:24,7,0,0
BRDA:24,7,1,0
BRDA:27,8,0,0
BRDA:33,9,0,0
BRDA:33,9,1,0
BRDA:36,10,0,0
BRDA:36,10,1,0
BRDA:37,11,0,0
BRDA:37,11,1,0
BRF:16
BRH:0
end_of_record
TN:
SF:src\common\column\id.column.ts
FN:5,IdColumn
FN:9,(anonymous_1)
FNF:2
FNH:0
FNDA:0,IdColumn
FNDA:0,(anonymous_1)
DA:1,0
DA:5,0
DA:9,0
DA:10,0
LF:4
LH:0
BRDA:6,0,0,0
BRDA:7,1,0,0
BRF:2
BRH:0
end_of_record
TN:
SF:src\common\column\indexed.column.ts
FN:3,IndexedColumn
FNF:1
FNH:0
FNDA:0,IndexedColumn
DA:1,0
DA:3,0
DA:6,0
DA:7,0
DA:12,0
LF:5
LH:0
BRDA:4,0,0,0
BRDA:6,1,0,0
BRF:2
BRH:0
end_of_record
TN:
SF:src\common\column\int.column.ts
FN:5,(anonymous_0)
FN:8,(anonymous_1)
FN:13,IntColumn
FN:26,(anonymous_3)
FNF:4
FNH:0
FNDA:0,(anonymous_0)
FNDA:0,(anonymous_1)
FNDA:0,IntColumn
FNDA:0,(anonymous_3)
DA:1,0
DA:2,0
DA:6,0
DA:9,0
DA:13,0
DA:24,0
DA:26,0
DA:27,0
DA:28,0
DA:31,0
DA:39,0
DA:40,0
DA:43,0
DA:44,0
DA:47,0
DA:48,0
DA:51,0
LF:17
LH:0
BRDA:15,0,0,0
BRDA:16,1,0,0
BRDA:19,2,0,0
BRDA:20,3,0,0
BRDA:21,4,0,0
BRDA:22,5,0,0
BRDA:23,6,0,0
BRDA:24,7,0,0
BRDA:24,7,1,0
BRDA:27,8,0,0
BRDA:33,9,0,0
BRDA:33,9,1,0
BRDA:39,10,0,0
BRDA:43,11,0,0
BRDA:47,12,0,0
BRF:15
BRH:0
end_of_record
TN:
SF:src\common\column\json.column.ts
FN:4,JsonColumn
FN:7,(anonymous_1)
FNF:2
FNH:0
FNDA:0,JsonColumn
FNDA:0,(anonymous_1)
DA:1,0
DA:2,0
DA:4,0
DA:5,0
DA:7,0
DA:8,0
DA:9,0
DA:12,0
LF:8
LH:0
BRDA:4,0,0,0
BRDA:5,1,0,0
BRDA:5,2,0,0
BRDA:5,3,0,0
BRDA:5,3,1,0
BRDA:8,4,0,0
BRF:6
BRH:0
end_of_record
TN:
SF:src\common\column\position_asc.column.ts
FN:4,PositionAscColumn
FN:10,(anonymous_1)
FNF:2
FNH:0
FNDA:0,PositionAscColumn
FNDA:0,(anonymous_1)
DA:1,0
DA:2,0
DA:4,0
DA:8,0
DA:10,0
DA:11,0
DA:12,0
DA:15,0
LF:8
LH:0
BRDA:5,0,0,0
BRDA:6,1,0,0
BRDA:8,2,0,0
BRDA:8,3,0,0
BRDA:8,4,0,0
BRDA:8,4,1,0
BRDA:11,5,0,0
BRF:7
BRH:0
end_of_record
TN:
SF:src\common\column\position_desc.column.ts
FN:4,PositionDescColumn
FN:10,(anonymous_1)
FNF:2
FNH:0
FNDA:0,PositionDescColumn
FNDA:0,(anonymous_1)
DA:1,0
DA:2,0
DA:4,0
DA:8,0
DA:10,0
DA:11,0
DA:12,0
DA:15,0
LF:8
LH:0
BRDA:5,0,0,0
BRDA:6,1,0,0
BRDA:8,2,0,0
BRDA:8,3,0,0
BRDA:8,4,0,0
BRDA:8,4,1,0
BRDA:11,5,0,0
BRF:7
BRH:0
end_of_record
TN:
SF:src\common\column\smallint.column.ts
FN:5,(anonymous_0)
FN:8,(anonymous_1)
FN:13,SmallIntColumn
FN:26,(anonymous_3)
FNF:4
FNH:0
FNDA:0,(anonymous_0)
FNDA:0,(anonymous_1)
FNDA:0,SmallIntColumn
FNDA:0,(anonymous_3)
DA:1,0
DA:2,0
DA:6,0
DA:9,0
DA:13,0
DA:24,0
DA:26,0
DA:27,0
DA:28,0
DA:31,0
DA:39,0
DA:40,0
DA:43,0
DA:44,0
DA:47,0
DA:48,0
DA:51,0
LF:17
LH:0
BRDA:15,0,0,0
BRDA:16,1,0,0
BRDA:19,2,0,0
BRDA:20,3,0,0
BRDA:21,4,0,0
BRDA:22,5,0,0
BRDA:23,6,0,0
BRDA:24,7,0,0
BRDA:24,7,1,0
BRDA:27,8,0,0
BRDA:33,9,0,0
BRDA:33,9,1,0
BRDA:39,10,0,0
BRDA:43,11,0,0
BRDA:47,12,0,0
BRF:15
BRH:0
end_of_record
TN:
SF:src\common\column\text.column.ts
FN:5,(anonymous_0)
FN:8,(anonymous_1)
FN:13,TextColumn
FN:16,(anonymous_3)
FNF:4
FNH:0
FNDA:0,(anonymous_0)
FNDA:0,(anonymous_1)
FNDA:0,TextColumn
FNDA:0,(anonymous_3)
DA:1,0
DA:2,0
DA:6,0
DA:9,0
DA:13,0
DA:14,0
DA:16,0
DA:17,0
DA:18,0
DA:21,0
LF:10
LH:0
BRDA:6,0,0,0
BRDA:6,0,1,0
BRDA:9,1,0,0
BRDA:9,1,1,0
BRDA:13,2,0,0
BRDA:14,3,0,0
BRDA:14,4,0,0
BRDA:14,5,0,0
BRDA:14,5,1,0
BRDA:17,6,0,0
BRF:10
BRH:0
end_of_record
TN:
SF:src\common\column\updated.column.ts
FN:4,UpdatedColumn
FN:10,(anonymous_1)
FNF:2
FNH:0
FNDA:0,UpdatedColumn
FNDA:0,(anonymous_1)
DA:1,0
DA:2,0
DA:4,0
DA:8,0
DA:10,0
DA:11,0
DA:12,0
DA:15,0
LF:8
LH:0
BRDA:5,0,0,0
BRDA:6,1,0,0
BRDA:8,2,0,0
BRDA:8,3,0,0
BRDA:8,4,0,0
BRDA:8,4,1,0
BRDA:11,5,0,0
BRF:7
BRH:0
end_of_record
TN:
SF:src\common\column\varchar.column.ts
FN:7,(anonymous_0)
FN:11,(anonymous_1)
FN:15,(anonymous_2)
FN:26,VarcharColumn
FN:41,(anonymous_4)
FNF:5
FNH:0
FNDA:0,(anonymous_0)
FNDA:0,(anonymous_1)
FNDA:0,(anonymous_2)
FNDA:0,VarcharColumn
FNDA:0,(anonymous_4)
DA:1,0
DA:2,0
DA:8,0
DA:12,0
DA:13,0
DA:16,0
DA:20,0
DA:26,0
DA:35,0
DA:37,0
DA:38,0
DA:41,0
DA:42,0
DA:43,0
DA:47,0
DA:48,0
DA:51,0
LF:17
LH:0
BRDA:8,0,0,0
BRDA:8,0,1,0
BRDA:12,1,0,0
BRDA:12,1,1,0
BRDA:16,2,0,0
BRDA:16,2,1,0
BRDA:28,3,0,0
BRDA:29,4,0,0
BRDA:32,5,0,0
BRDA:33,6,0,0
BRDA:34,7,0,0
BRDA:35,8,0,0
BRDA:35,8,1,0
BRDA:37,9,0,0
BRDA:38,10,0,0
BRDA:38,10,1,0
BRDA:42,11,0,0
BRDA:47,12,0,0
BRF:18
BRH:0
end_of_record
TN:
SF:src\common\decorator\field_access.decorator.ts
FN:10,FieldAccess
FN:11,(anonymous_1)
FNF:2
FNH:2
FNDA:5,FieldAccess
FNDA:5,(anonymous_1)
DA:8,3
DA:10,3
DA:11,5
DA:12,5
LF:4
LH:4
BRF:0
BRH:0
end_of_record
TN:
SF:src\common\decorator\field_roles.decorator.ts
FN:8,FieldRoles
FN:9,(anonymous_1)
FNF:2
FNH:2
FNDA:3,FieldRoles
FNDA:3,(anonymous_1)
DA:6,3
DA:8,3
DA:9,3
DA:10,3
LF:4
LH:4
BRF:0
BRH:0
end_of_record
TN:
SF:src\common\decorator\roles.decorator.ts
FN:4,(anonymous_0)
FNF:1
FNH:1
FNDA:3,(anonymous_0)
DA:1,1
DA:2,1
DA:4,3
LF:3
LH:3
BRF:0
BRH:0
end_of_record
TN:
SF:src\common\decorator\soft-delete.decorator.ts
FN:3,SoftDelete
FN:4,(anonymous_1)
FNF:2
FNH:2
FNDA:3,SoftDelete
FNDA:3,(anonymous_1)
DA:1,2
DA:3,2
DA:4,3
DA:5,3
LF:4
LH:4
BRF:0
BRH:0
end_of_record
TN:
SF:src\common\doc\count.doc.ts
FN:4,(anonymous_0)
FNF:1
FNH:0
FNDA:0,(anonymous_0)
DA:1,1
DA:2,1
DA:4,1
DA:5,0
LF:4
LH:3
BRF:0
BRH:0
end_of_record
TN:
SF:src\common\doc\create.doc.ts
FN:4,(anonymous_0)
FNF:1
FNH:0
FNDA:0,(anonymous_0)
DA:1,1
DA:2,1
DA:4,1
DA:5,0
LF:4
LH:3
BRF:0
BRH:0
end_of_record
TN:
SF:src\common\doc\find.doc.ts
FN:4,(anonymous_0)
FNF:1
FNH:0
FNDA:0,(anonymous_0)
DA:1,1
DA:2,1
DA:4,1
DA:5,0
LF:4
LH:3
BRF:0
BRH:0
end_of_record
TN:
SF:src\common\doc\find_first.doc.ts
FN:4,(anonymous_0)
FNF:1
FNH:0
FNDA:0,(anonymous_0)
DA:1,1
DA:2,1
DA:4,1
DA:5,0
LF:4
LH:3
BRF:0
BRH:0
end_of_record
TN:
SF:src\common\doc\find_many.doc.ts
FN:4,(anonymous_0)
FNF:1
FNH:0
FNDA:0,(anonymous_0)
DA:1,1
DA:2,1
DA:4,1
DA:5,0
LF:4
LH:3
BRF:0
BRH:0
end_of_record
TN:
SF:src\common\doc\find_one.doc.ts
FN:4,(anonymous_0)
FNF:1
FNH:0
FNDA:0,(anonymous_0)
DA:1,1
DA:2,1
DA:4,1
DA:5,0
LF:4
LH:3
BRF:0
BRH:0
end_of_record
TN:
SF:src\common\doc\position_move.doc.ts
FN:4,(anonymous_0)
FNF:1
FNH:0
FNDA:0,(anonymous_0)
DA:1,1
DA:2,1
DA:4,1
DA:5,0
LF:4
LH:3
BRF:0
BRH:0
end_of_record
TN:
SF:src\common\doc\position_sort.doc.ts
FN:4,(anonymous_0)
FNF:1
FNH:0
FNDA:0,(anonymous_0)
DA:1,1
DA:2,1
DA:4,1
DA:5,0
LF:4
LH:3
BRF:0
BRH:0
end_of_record
TN:
SF:src\common\doc\remove.doc.ts
FN:4,(anonymous_0)
FNF:1
FNH:0
FNDA:0,(anonymous_0)
DA:1,1
DA:2,1
DA:4,1
DA:5,0
LF:4
LH:3
BRF:0
BRH:0
end_of_record
TN:
SF:src\common\doc\self.doc.ts
FN:4,(anonymous_0)
FNF:1
FNH:0
FNDA:0,(anonymous_0)
DA:1,1
DA:2,1
DA:4,1
DA:5,0
LF:4
LH:3
BRF:0
BRH:0
end_of_record
TN:
SF:src\common\doc\update.doc.ts
FN:4,(anonymous_0)
FNF:1
FNH:0
FNDA:0,(anonymous_0)
DA:1,1
DA:2,1
DA:4,1
DA:5,0
LF:4
LH:3
BRF:0
BRH:0
end_of_record
TN:
SF:src\common\dto\bind.dto.ts
FNF:0
FNH:0
DA:1,0
DA:2,0
DA:4,0
DA:9,0
DA:15,0
DA:21,0
DA:28,0
DA:34,0
DA:40,0
DA:46,0
DA:52,0
DA:59,0
LF:12
LH:0
BRF:0
BRH:0
end_of_record
TN:
SF:src\common\dto\find.dto.ts
FN:11,(anonymous_2)
FNF:1
FNH:0
FNDA:0,(anonymous_2)
DA:1,0
DA:11,0
DA:16,0
DA:22,0
DA:28,0
DA:34,0
DA:40,0
DA:46,0
DA:52,0
DA:58,0
LF:10
LH:0
BRF:0
BRH:0
end_of_record
TN:
SF:src\common\dto\find_many.dto.ts
FN:4,(anonymous_2)
FNF:1
FNH:0
FNDA:0,(anonymous_2)
DA:1,0
DA:2,0
DA:4,0
DA:9,0
LF:4
LH:0
BRF:0
BRH:0
end_of_record
TN:
SF:src\common\dto\find_one.dto.ts
FN:4,(anonymous_2)
FNF:1
FNH:0
FNDA:0,(anonymous_2)
DA:1,0
DA:2,0
DA:4,0
DA:9,0
LF:4
LH:0
BRF:0
BRH:0
end_of_record
TN:
SF:src\common\dto\relations.dto.ts
FNF:0
FNH:0
DA:1,1
DA:3,1
DA:8,1
DA:14,1
DA:20,1
LF:5
LH:5
BRF:0
BRH:0
end_of_record
TN:
SF:src\common\guard\internal-auth.guard.ts
FN:11,(anonymous_2)
FN:13,(anonymous_3)
FNF:2
FNH:2
FNDA:7,(anonymous_2)
FNDA:8,(anonymous_3)
DA:1,1
DA:7,1
DA:10,1
DA:11,7
DA:14,8
DA:15,8
DA:16,8
DA:18,8
DA:19,2
DA:22,6
DA:23,5
DA:26,1
LF:12
LH:12
BRDA:18,0,0,2
BRDA:22,1,0,5
BRF:2
BRH:2
end_of_record
TN:
SF:src\common\guard\roles.guard.ts
FN:14,(anonymous_2)
FN:16,(anonymous_3)
FN:37,(anonymous_4)
FNF:3
FNH:3
FNDA:13,(anonymous_2)
FNDA:13,(anonymous_3)
FNDA:9,(anonymous_4)
DA:1,3
DA:7,3
DA:8,3
DA:10,3
DA:13,3
DA:14,13
DA:17,13
DA:22,13
DA:23,2
DA:26,11
DA:28,11
DA:29,1
DA:32,10
DA:33,2
DA:36,8
DA:37,9
DA:39,8
DA:40,4
DA:43,4
LF:19
LH:19
BRDA:22,0,0,2
BRDA:22,1,0,1
BRDA:22,1,1,12
BRDA:22,2,0,13
BRDA:22,2,1,13
BRDA:28,3,0,1
BRDA:32,4,0,2
BRDA:36,5,0,8
BRDA:36,5,1,1
BRDA:39,6,0,4
BRF:10
BRH:10
end_of_record
TN:
SF:src\common\guard\secure.guard.service.ts
FN:7,tokenValidate
FN:37,tokenValidateSimple
FNF:2
FNH:2
FNDA:11,tokenValidate
FNDA:4,tokenValidateSimple
DA:1,2
DA:2,2
DA:3,2
DA:5,2
DA:7,2
DA:8,11
DA:9,4
DA:12,7
DA:14,7
DA:15,7
DA:16,7
DA:17,7
DA:19,7
DA:20,1
DA:23,6
DA:24,6
DA:26,6
DA:27,1
DA:30,5
DA:31,1
DA:34,4
DA:37,2
DA:38,4
DA:39,1
DA:42,3
DA:44,3
DA:45,1
DA:48,2
LF:28
LH:28
BRDA:8,0,0,4
BRDA:16,1,0,7
BRDA:16,1,1,1
BRDA:19,2,0,1
BRDA:26,3,0,1
BRDA:30,4,0,1
BRDA:30,5,0,5
BRDA:30,5,1,4
BRDA:38,6,0,1
BRDA:44,7,0,1
BRF:10
BRH:10
end_of_record
TN:
SF:src\common\guard\secure.guard.ts
FN:6,(anonymous_1)
FNF:1
FNH:0
FNDA:0,(anonymous_1)
DA:1,1
DA:2,1
DA:5,1
DA:7,0
DA:8,0
DA:10,0
LF:6
LH:3
BRF:0
BRH:0
end_of_record
TN:
SF:src\common\guard\simple.secure.guard.ts
FN:6,(anonymous_1)
FNF:1
FNH:0
FNDA:0,(anonymous_1)
DA:1,1
DA:2,1
DA:5,1
DA:7,0
DA:8,0
DA:10,0
LF:6
LH:3
BRF:0
BRH:0
end_of_record
TN:
SF:src\common\health\health.controller.ts
FN:7,(anonymous_4)
FN:12,(anonymous_5)
FNF:2
FNH:0
FNDA:0,(anonymous_4)
FNDA:0,(anonymous_5)
DA:1,0
DA:3,0
DA:6,0
DA:8,0
DA:12,0
DA:13,0
LF:6
LH:0
BRF:0
BRH:0
end_of_record
TN:
SF:src\common\helper\array.helper.ts
FN:1,(anonymous_0)
FN:5,(anonymous_1)
FNF:2
FNH:0
FNDA:0,(anonymous_0)
FNDA:0,(anonymous_1)
DA:1,0
DA:2,0
DA:5,0
DA:6,0
LF:4
LH:0
BRDA:2,0,0,0
BRDA:2,0,1,0
BRDA:6,1,0,0
BRDA:6,1,1,0
BRDA:6,2,0,0
BRDA:6,2,1,0
BRF:6
BRH:0
end_of_record
TN:
SF:src\common\helper\http.helper.ts
FN:15,(anonymous_0)
FN:25,request
FN:33,(anonymous_2)
FN:56,(anonymous_3)
FN:66,httpPost
FN:74,httpGet
FNF:6
FNH:4
FNDA:5,(anonymous_0)
FNDA:12,request
FNDA:0,(anonymous_2)
FNDA:0,(anonymous_3)
FNDA:5,httpPost
FNDA:7,httpGet
DA:14,1
DA:16,5
DA:17,5
DA:20,5
DA:21,5
DA:31,12
DA:32,12
DA:33,12
DA:35,12
DA:36,12
DA:43,12
DA:44,12
DA:45,12
DA:46,11
DA:47,11
DA:51,12
DA:52,2
DA:55,10
DA:56,10
DA:57,0
DA:60,10
DA:62,12
DA:66,1
DA:71,5
DA:74,1
DA:78,7
LF:26
LH:25
BRDA:20,0,0,5
BRDA:20,0,1,4
BRDA:32,1,0,0
BRDA:32,1,1,12
BRDA:32,2,0,12
BRDA:32,2,1,12
BRDA:32,3,0,10
BRDA:32,3,1,2
BRDA:32,4,0,12
BRDA:32,4,1,12
BRDA:38,5,0,10
BRDA:38,5,1,2
BRDA:38,6,0,12
BRDA:38,6,1,12
BRDA:39,7,0,4
BRDA:39,7,1,8
BRDA:45,8,0,11
BRDA:51,9,0,2
BRDA:51,10,0,12
BRDA:51,10,1,11
BRDA:51,11,0,10
BRDA:51,11,1,2
BRDA:51,12,0,12
BRDA:51,12,1,12
BRF:24
BRH:23
end_of_record
TN:
SF:src\common\helper\object.helper.ts
FN:3,(anonymous_0)
FN:10,(anonymous_1)
FN:14,(anonymous_2)
FN:21,(anonymous_3)
FN:32,(anonymous_4)
FN:39,(anonymous_5)
FN:49,(anonymous_6)
FN:80,(anonymous_7)
FNF:8
FNH:0
FNDA:0,(anonymous_0)
FNDA:0,(anonymous_1)
FNDA:0,(anonymous_2)
FNDA:0,(anonymous_3)
FNDA:0,(anonymous_4)
FNDA:0,(anonymous_5)
FNDA:0,(anonymous_6)
FNDA:0,(anonymous_7)
DA:1,0
DA:3,0
DA:7,0
DA:9,0
DA:10,0
DA:14,0
DA:18,0
DA:20,0
DA:21,0
DA:32,0
DA:37,0
DA:38,0
DA:39,0
DA:40,0
DA:41,0
DA:42,0
DA:43,0
DA:44,0
DA:48,0
DA:49,0
DA:53,0
DA:58,0
DA:62,0
DA:63,0
DA:65,0
DA:68,0
DA:70,0
DA:71,0
DA:74,0
DA:75,0
DA:79,0
DA:80,0
DA:81,0
DA:82,0
DA:83,0
DA:84,0
LF:36
LH:0
BRDA:7,0,0,0
BRDA:7,0,1,0
BRDA:18,1,0,0
BRDA:18,1,1,0
BRDA:37,2,0,0
BRDA:37,2,1,0
BRDA:41,3,0,0
BRDA:43,4,0,0
BRDA:48,5,0,0
BRDA:48,5,1,0
BRDA:48,6,0,0
BRDA:48,6,1,0
BRDA:53,7,0,0
BRDA:53,7,1,0
BRDA:54,8,0,0
BRDA:54,8,1,0
BRDA:54,8,2,0
BRDA:70,9,0,0
BRDA:74,10,0,0
BRDA:79,11,0,0
BRDA:79,11,1,0
BRDA:83,12,0,0
BRF:22
BRH:0
end_of_record
TN:
SF:src\common\helper\random.helper.ts
FN:32,(anonymous_0)
FN:43,(anonymous_1)
FN:61,(anonymous_2)
FN:68,(anonymous_3)
FN:74,(anonymous_4)
FN:77,(anonymous_5)
FN:80,(anonymous_6)
FN:83,(anonymous_7)
FN:93,(anonymous_8)
FN:100,(anonymous_9)
FN:101,(anonymous_10)
FN:104,(anonymous_11)
FN:104,(anonymous_12)
FN:105,(anonymous_13)
FN:118,(anonymous_14)
FN:132,(anonymous_15)
FN:134,(anonymous_16)
FN:139,(anonymous_17)
FN:143,(anonymous_18)
FN:160,(anonymous_19)
FN:173,(anonymous_20)
FN:193,(anonymous_21)
FNF:22
FNH:0
FNDA:0,(anonymous_0)
FNDA:0,(anonymous_1)
FNDA:0,(anonymous_2)
FNDA:0,(anonymous_3)
FNDA:0,(anonymous_4)
FNDA:0,(anonymous_5)
FNDA:0,(anonymous_6)
FNDA:0,(anonymous_7)
FNDA:0,(anonymous_8)
FNDA:0,(anonymous_9)
FNDA:0,(anonymous_10)
FNDA:0,(anonymous_11)
FNDA:0,(anonymous_12)
FNDA:0,(anonymous_13)
FNDA:0,(anonymous_14)
FNDA:0,(anonymous_15)
FNDA:0,(anonymous_16)
FNDA:0,(anonymous_17)
FNDA:0,(anonymous_18)
FNDA:0,(anonymous_19)
FNDA:0,(anonymous_20)
FNDA:0,(anonymous_21)
DA:1,0
DA:11,0
DA:32,0
DA:33,0
DA:34,0
DA:35,0
DA:36,0
DA:37,0
DA:38,0
DA:39,0
DA:40,0
DA:43,0
DA:48,0
DA:49,0
DA:50,0
DA:51,0
DA:53,0
DA:54,0
DA:55,0
DA:56,0
DA:58,0
DA:61,0
DA:66,0
DA:67,0
DA:68,0
DA:69,0
DA:71,0
DA:74,0
DA:75,0
DA:77,0
DA:78,0
DA:80,0
DA:81,0
DA:83,0
DA:84,0
DA:85,0
DA:86,0
DA:87,0
DA:88,0
DA:93,0
DA:94,0
DA:95,0
DA:96,0
DA:97,0
DA:100,0
DA:101,0
DA:104,0
DA:105,0
DA:118,0
DA:127,0
DA:129,0
DA:130,0
DA:132,0
DA:133,0
DA:134,0
DA:135,0
DA:139,0
DA:140,0
DA:141,0
DA:142,0
DA:143,0
DA:144,0
DA:148,0
DA:149,0
DA:151,0
DA:152,0
DA:155,0
DA:156,0
DA:157,0
DA:160,0
DA:161,0
DA:162,0
DA:163,0
DA:164,0
DA:166,0
DA:167,0
DA:168,0
DA:170,0
DA:173,0
DA:174,0
DA:175,0
DA:176,0
DA:177,0
DA:178,0
DA:180,0
DA:181,0
DA:188,0
DA:190,0
DA:193,0
DA:194,0
DA:195,0
DA:196,0
DA:198,0
DA:199,0
DA:200,0
DA:209,0
DA:210,0
DA:212,0
LF:98
LH:0
BRDA:32,0,0,0
BRDA:38,1,0,0
BRDA:39,2,0,0
BRDA:46,3,0,0
BRDA:48,4,0,0
BRDA:48,4,1,0
BRDA:50,5,0,0
BRDA:67,6,0,0
BRDA:67,6,1,0
BRDA:69,7,0,0
BRDA:69,7,1,0
BRDA:83,8,0,0
BRDA:83,9,0,0
BRDA:94,10,0,0
BRDA:94,11,0,0
BRDA:94,11,1,0
BRDA:95,12,0,0
BRDA:95,12,1,0
BRDA:104,13,0,0
BRDA:120,14,0,0
BRDA:121,15,0,0
BRDA:124,16,0,0
BRDA:125,17,0,0
BRDA:132,18,0,0
BRDA:132,18,1,0
BRDA:132,19,0,0
BRDA:132,19,1,0
BRDA:134,20,0,0
BRDA:134,20,1,0
BRDA:134,21,0,0
BRDA:134,21,1,0
BRDA:139,22,0,0
BRDA:139,22,1,0
BRDA:139,23,0,0
BRDA:139,23,1,0
BRDA:143,24,0,0
BRDA:143,24,1,0
BRDA:143,25,0,0
BRDA:143,25,1,0
BRDA:148,26,0,0
BRDA:151,27,0,0
BRDA:156,28,0,0
BRDA:156,28,1,0
BRDA:156,29,0,0
BRDA:156,29,1,0
BRDA:160,30,0,0
BRDA:163,31,0,0
BRDA:163,31,1,0
BRDA:163,32,0,0
BRDA:163,32,1,0
BRDA:173,33,0,0
BRDA:185,34,0,0
BRDA:185,34,1,0
BRDA:185,35,0,0
BRDA:185,35,1,0
BRDA:193,36,0,0
BRDA:202,37,0,0
BRDA:202,37,1,0
BRDA:203,38,0,0
BRDA:203,38,1,0
BRDA:206,39,0,0
BRDA:206,39,1,0
BRDA:206,40,0,0
BRDA:206,40,1,0
BRDA:206,41,0,0
BRDA:206,41,1,0
BRF:66
BRH:0
end_of_record
TN:
SF:src\common\helper\scalar.helper.ts
FN:1,(anonymous_0)
FNF:1
FNH:0
FNDA:0,(anonymous_0)
DA:1,0
DA:2,0
LF:2
LH:0
BRDA:2,0,0,0
BRDA:2,0,1,0
BRDA:2,0,2,0
BRF:3
BRH:0
end_of_record
TN:
SF:src\common\helper\string.helper.ts
FN:1,(anonymous_0)
FNF:1
FNH:0
FNDA:0,(anonymous_0)
DA:1,0
DA:2,0
LF:2
LH:0
BRDA:2,0,0,0
BRDA:2,0,1,0
BRF:2
BRH:0
end_of_record
TN:
SF:src\common\interceptor\add-client-ip.interceptor.ts
FN:12,(anonymous_2)
FN:14,(anonymous_3)
FNF:2
FNH:0
FNDA:0,(anonymous_2)
FNDA:0,(anonymous_3)
DA:1,0
DA:7,0
DA:11,0
DA:12,0
DA:15,0
DA:16,0
DA:18,0
LF:7
LH:0
BRDA:12,0,0,0
BRF:1
BRH:0
end_of_record
TN:
SF:src\common\interceptor\remove-private.interceptor.ts
FN:17,(anonymous_1)
FN:36,(anonymous_2)
FNF:2
FNH:0
FNDA:0,(anonymous_1)
FNDA:0,(anonymous_2)
DA:1,0
DA:8,0
DA:9,0
DA:10,0
DA:11,0
DA:12,0
DA:16,0
DA:18,0
DA:19,0
DA:21,0
DA:28,0
DA:29,0
DA:30,0
DA:31,0
DA:34,0
DA:37,0
DA:38,0
DA:40,0
LF:18
LH:0
BRDA:23,0,0,0
BRDA:23,0,1,0
BRDA:23,1,0,0
BRDA:23,1,1,0
BRDA:28,2,0,0
BRDA:29,3,0,0
BRDA:29,3,1,0
BRDA:29,4,0,0
BRDA:29,4,1,0
BRDA:37,5,0,0
BRDA:37,6,0,0
BRDA:37,6,1,0
BRDA:37,6,2,0
BRF:13
BRH:0
end_of_record
TN:
SF:src\common\pipe\safe_id.pipe.ts
FN:5,(anonymous_1)
FNF:1
FNH:1
FNDA:12,(anonymous_1)
DA:1,2
DA:4,2
DA:6,12
DA:7,12
DA:8,9
DA:10,3
LF:6
LH:6
BRDA:6,0,0,10
BRDA:6,0,1,2
BRDA:6,1,0,12
BRDA:6,1,1,11
BRDA:7,2,0,9
BRF:5
BRH:5
end_of_record
TN:
SF:src\common\queue\queue-job.entity.ts
FNF:0
FNH:0
DA:1,0
DA:4,0
DA:6,0
DA:9,0
DA:12,0
DA:15,0
DA:18,0
DA:21,0
DA:24,0
LF:9
LH:0
BRF:0
BRH:0
end_of_record
TN:
SF:src\common\queue\queue-worker.service.ts
FN:17,(anonymous_0)
FN:28,(anonymous_1)
FN:32,(anonymous_2)
FN:33,(anonymous_3)
FN:44,(anonymous_4)
FN:50,(anonymous_5)
FN:52,(anonymous_6)
FN:53,(anonymous_7)
FN:60,(anonymous_8)
FN:84,(anonymous_9)
FN:88,(anonymous_10)
FN:111,(anonymous_11)
FN:119,(anonymous_12)
FN:123,(anonymous_13)
FN:136,(anonymous_14)
FN:168,(anonymous_15)
FN:172,(anonymous_16)
FNF:17
FNH:0
FNDA:0,(anonymous_0)
FNDA:0,(anonymous_1)
FNDA:0,(anonymous_2)
FNDA:0,(anonymous_3)
FNDA:0,(anonymous_4)
FNDA:0,(anonymous_5)
FNDA:0,(anonymous_6)
FNDA:0,(anonymous_7)
FNDA:0,(anonymous_8)
FNDA:0,(anonymous_9)
FNDA:0,(anonymous_10)
FNDA:0,(anonymous_11)
FNDA:0,(anonymous_12)
FNDA:0,(anonymous_13)
FNDA:0,(anonymous_14)
FNDA:0,(anonymous_15)
FNDA:0,(anonymous_16)
DA:1,0
DA:6,0
DA:9,0
DA:10,0
DA:11,0
DA:15,0
DA:18,0
DA:19,0
DA:21,0
DA:22,0
DA:23,0
DA:29,0
DA:31,0
DA:32,0
DA:33,0
DA:34,0
DA:39,0
DA:45,0
DA:46,0
DA:47,0
DA:51,0
DA:52,0
DA:53,0
DA:54,0
DA:56,0
DA:61,0
DA:63,0
DA:64,0
DA:65,0
DA:67,0
DA:69,0
DA:70,0
DA:73,0
DA:74,0
DA:78,0
DA:79,0
DA:85,0
DA:86,0
DA:88,0
DA:89,0
DA:91,0
DA:103,0
DA:104,0
DA:106,0
DA:107,0
DA:111,0
DA:115,0
DA:124,0
DA:125,0
DA:126,0
DA:132,0
DA:137,0
DA:138,0
DA:140,0
DA:141,0
DA:148,0
DA:153,0
DA:154,0
DA:155,0
DA:162,0
DA:169,0
DA:173,0
DA:175,0
DA:179,0
DA:181,0
DA:188,0
DA:189,0
LF:67
LH:0
BRDA:22,0,0,0
BRDA:22,0,1,0
BRDA:22,1,0,0
BRDA:22,1,1,0
BRDA:23,2,0,0
BRDA:23,2,1,0
BRDA:23,3,0,0
BRDA:23,3,1,0
BRDA:31,4,0,0
BRDA:46,5,0,0
BRDA:47,6,0,0
BRDA:51,7,0,0
BRDA:63,8,0,0
BRDA:63,8,1,0
BRDA:64,9,0,0
BRDA:78,10,0,0
BRDA:106,11,0,0
BRDA:132,12,0,0
BRDA:132,12,1,0
BRDA:140,13,0,0
BRDA:140,13,1,0
BRDA:169,14,0,0
BRDA:169,14,1,0
BRDA:173,15,0,0
BRDA:179,16,0,0
BRDA:179,16,1,0
BRDA:179,17,0,0
BRDA:179,17,1,0
BRDA:188,18,0,0
BRDA:188,19,0,0
BRDA:188,19,1,0
BRF:31
BRH:0
end_of_record
TN:
SF:src\common\queue\queue.service.ts
FN:5,(anonymous_0)
FN:7,(anonymous_1)
FN:11,(anonymous_2)
FNF:3
FNH:0
FNDA:0,(anonymous_0)
FNDA:0,(anonymous_1)
FNDA:0,(anonymous_2)
DA:4,0
DA:5,0
DA:8,0
DA:12,0
LF:4
LH:0
BRF:0
BRH:0
end_of_record
TN:
SF:src\common\service\admin.service.ts
FN:4,(anonymous_0)
FN:6,isSuperuser
FNF:2
FNH:2
FNDA:6,(anonymous_0)
FNDA:54,isSuperuser
DA:1,6
DA:2,6
DA:4,6
DA:6,6
DA:7,54
DA:8,25
LF:6
LH:6
BRDA:1,0,0,6
BRDA:1,0,1,6
BRDA:2,1,0,6
BRDA:2,1,1,6
BRDA:7,2,0,29
BRF:5
BRH:5
end_of_record
TN:
SF:src\common\service\batch-loader.service.ts
FN:10,buildRelationTree
FN:24,(anonymous_1)
FN:36,placeholders
FN:37,(anonymous_3)
FN:40,batchLoadLevel
FN:58,(anonymous_5)
FN:58,(anonymous_6)
FN:88,(anonymous_7)
FN:101,(anonymous_8)
FN:101,(anonymous_9)
FN:112,(anonymous_10)
FN:118,(anonymous_11)
FN:141,(anonymous_12)
FN:151,(anonymous_13)
FN:173,batchLoadRelations
FNF:15
FNH:0
FNDA:0,buildRelationTree
FNDA:0,(anonymous_1)
FNDA:0,placeholders
FNDA:0,(anonymous_3)
FNDA:0,batchLoadLevel
FNDA:0,(anonymous_5)
FNDA:0,(anonymous_6)
FNDA:0,(anonymous_7)
FNDA:0,(anonymous_8)
FNDA:0,(anonymous_9)
FNDA:0,(anonymous_10)
FNDA:0,(anonymous_11)
FNDA:0,(anonymous_12)
FNDA:0,(anonymous_13)
FNDA:0,batchLoadRelations
DA:1,0
DA:14,0
DA:16,0
DA:17,0
DA:18,0
DA:19,0
DA:21,0
DA:22,0
DA:23,0
DA:24,0
DA:26,0
DA:27,0
DA:29,0
DA:30,0
DA:33,0
DA:37,0
DA:45,0
DA:46,0
DA:47,0
DA:48,0
DA:49,0
DA:51,0
DA:52,0
DA:53,0
DA:55,0
DA:56,0
DA:58,0
DA:59,0
DA:61,0
DA:66,0
DA:68,0
DA:69,0
DA:70,0
DA:71,0
DA:72,0
DA:73,0
DA:75,0
DA:76,0
DA:78,0
DA:82,0
DA:83,0
DA:84,0
DA:85,0
DA:87,0
DA:88,0
DA:90,0
DA:95,0
DA:96,0
DA:97,0
DA:100,0
DA:101,0
DA:103,0
DA:104,0
DA:105,0
DA:108,0
DA:112,0
DA:113,0
DA:114,0
DA:115,0
DA:117,0
DA:118,0
DA:119,0
DA:121,0
DA:122,0
DA:123,0
DA:126,0
DA:130,0
DA:131,0
DA:133,0
DA:134,0
DA:136,0
DA:141,0
DA:142,0
DA:143,0
DA:144,0
DA:147,0
DA:151,0
DA:152,0
DA:153,0
DA:154,0
DA:155,0
DA:156,0
DA:158,0
DA:159,0
DA:163,0
DA:168,0
DA:173,0
DA:179,0
DA:180,0
DA:181,0
LF:90
LH:0
BRDA:22,0,0,0
BRDA:26,1,0,0
BRDA:51,2,0,0
BRDA:51,2,1,0
BRDA:53,3,0,0
BRDA:53,3,1,0
BRDA:53,4,0,0
BRDA:53,4,1,0
BRDA:53,5,0,0
BRDA:53,5,1,0
BRDA:53,6,0,0
BRDA:53,6,1,0
BRDA:53,7,0,0
BRDA:53,7,1,0
BRDA:53,8,0,0
BRDA:53,8,1,0
BRDA:55,9,0,0
BRDA:55,9,1,0
BRDA:55,10,0,0
BRDA:55,10,1,0
BRDA:55,11,0,0
BRDA:55,11,1,0
BRDA:55,12,0,0
BRDA:55,12,1,0
BRDA:55,13,0,0
BRDA:55,13,1,0
BRDA:55,14,0,0
BRDA:55,14,1,0
BRDA:55,15,0,0
BRDA:55,15,1,0
BRDA:55,16,0,0
BRDA:55,16,1,0
BRDA:55,17,0,0
BRDA:55,17,1,0
BRDA:56,18,0,0
BRDA:59,19,0,0
BRDA:72,20,0,0
BRDA:76,21,0,0
BRDA:76,21,1,0
BRDA:78,22,0,0
BRDA:78,22,1,0
BRDA:79,23,0,0
BRDA:79,23,1,0
BRDA:82,24,0,0
BRDA:82,24,1,0
BRDA:82,25,0,0
BRDA:82,25,1,0
BRDA:83,26,0,0
BRDA:83,26,1,0
BRDA:83,27,0,0
BRDA:83,27,1,0
BRDA:84,28,0,0
BRDA:84,28,1,0
BRDA:84,29,0,0
BRDA:84,29,1,0
BRDA:84,30,0,0
BRDA:84,30,1,0
BRDA:84,31,0,0
BRDA:84,31,1,0
BRDA:84,32,0,0
BRDA:84,32,1,0
BRDA:85,33,0,0
BRDA:103,34,0,0
BRDA:115,35,0,0
BRDA:115,35,1,0
BRDA:115,36,0,0
BRDA:115,36,1,0
BRDA:117,37,0,0
BRDA:119,38,0,0
BRDA:123,39,0,0
BRDA:123,39,1,0
BRDA:125,40,0,0
BRDA:125,40,1,0
BRDA:125,41,0,0
BRDA:125,41,1,0
BRDA:126,42,0,0
BRDA:126,42,1,0
BRDA:128,43,0,0
BRDA:128,43,1,0
BRDA:128,44,0,0
BRDA:128,44,1,0
BRDA:130,45,0,0
BRDA:130,45,1,0
BRDA:130,46,0,0
BRDA:130,46,1,0
BRDA:130,47,0,0
BRDA:130,47,1,0
BRDA:130,48,0,0
BRDA:130,48,1,0
BRDA:131,49,0,0
BRDA:131,49,1,0
BRDA:131,50,0,0
BRDA:131,50,1,0
BRDA:131,51,0,0
BRDA:131,51,1,0
BRDA:131,52,0,0
BRDA:131,52,1,0
BRDA:133,53,0,0
BRDA:133,53,1,0
BRDA:133,54,0,0
BRDA:133,54,1,0
BRDA:133,55,0,0
BRDA:133,55,1,0
BRDA:133,56,0,0
BRDA:133,56,1,0
BRDA:133,57,0,0
BRDA:133,57,1,0
BRDA:133,58,0,0
BRDA:133,58,1,0
BRDA:133,59,0,0
BRDA:133,59,1,0
BRDA:134,60,0,0
BRDA:134,61,0,0
BRDA:134,61,1,0
BRDA:142,62,0,0
BRDA:154,63,0,0
BRDA:156,64,0,0
BRDA:159,65,0,0
BRDA:159,65,1,0
BRDA:163,66,0,0
BRDA:164,67,0,0
BRDA:164,67,1,0
BRDA:164,67,2,0
BRDA:179,68,0,0
BRDA:179,69,0,0
BRDA:179,69,1,0
BRF:126
BRH:0
end_of_record
TN:
SF:src\common\service\bind-path.service.ts
FN:1,buildNestedWhere
FNF:1
FNH:0
FNDA:0,buildNestedWhere
DA:1,0
DA:6,0
DA:7,0
DA:8,0
DA:10,0
DA:11,0
DA:12,0
DA:13,0
DA:15,0
LF:9
LH:0
BRDA:7,0,0,0
BRDA:7,1,0,0
BRDA:7,1,1,0
BRDA:8,2,0,0
BRDA:8,2,1,0
BRF:5
BRH:0
end_of_record
TN:
SF:src\common\service\bind-resolve.helper.ts
FN:6,resolveBindRelationId
FN:20,(anonymous_1)
FN:34,resolveAutoAssign
FN:53,(anonymous_3)
FNF:4
FNH:0
FNDA:0,resolveBindRelationId
FNDA:0,(anonymous_1)
FNDA:0,resolveAutoAssign
FNDA:0,(anonymous_3)
DA:1,0
DA:4,0
DA:6,0
DA:11,0
DA:12,0
DA:13,0
DA:15,0
DA:16,0
DA:17,0
DA:18,0
DA:19,0
DA:20,0
DA:22,0
DA:23,0
DA:25,0
DA:27,0
DA:28,0
DA:31,0
DA:34,0
DA:39,0
DA:41,0
DA:42,0
DA:44,0
DA:45,0
DA:46,0
DA:51,0
DA:52,0
DA:53,0
DA:55,0
DA:57,0
DA:61,0
DA:64,0
DA:65,0
DA:66,0
DA:67,0
DA:70,0
DA:74,0
DA:79,0
DA:80,0
DA:85,0
LF:40
LH:0
BRDA:11,0,0,0
BRDA:11,0,1,0
BRDA:12,1,0,0
BRDA:15,2,0,0
BRDA:15,2,1,0
BRDA:22,3,0,0
BRDA:31,4,0,0
BRDA:31,4,1,0
BRDA:39,5,0,0
BRDA:41,6,0,0
BRDA:41,6,1,0
BRDA:44,7,0,0
BRDA:46,8,0,0
BRDA:46,8,1,0
BRDA:55,9,0,0
BRDA:57,10,0,0
BRDA:58,11,0,0
BRDA:58,11,1,0
BRDA:64,12,0,0
BRDA:64,12,1,0
BRDA:79,13,0,0
BRF:21
BRH:0
end_of_record
TN:
SF:src\common\service\bind.service.ts
FN:5,bind
FNF:1
FNH:1
FNDA:5,bind
DA:2,6
DA:3,6
DA:5,6
DA:9,5
DA:10,5
DA:17,5
DA:18,5
DA:19,4
DA:20,4
DA:21,4
DA:24,5
LF:11
LH:11
BRDA:12,0,0,0
BRDA:12,0,1,5
BRDA:12,1,0,5
BRDA:12,1,1,5
BRDA:12,2,0,5
BRDA:12,2,1,5
BRDA:13,3,0,5
BRDA:13,3,1,5
BRDA:14,4,0,5
BRDA:14,4,1,0
BRDA:17,5,0,5
BRDA:17,5,1,4
BRDA:18,6,0,4
BRDA:19,7,0,0
BRDA:19,7,1,4
BRDA:19,8,0,4
BRDA:19,8,1,4
BRDA:19,9,0,0
BRDA:19,9,1,4
BRDA:19,10,0,4
BRDA:19,10,1,4
BRDA:20,11,0,4
BRDA:20,11,1,4
BRF:23
BRH:19
end_of_record
TN:
SF:src\common\service\cookie.service.ts
FN:4,(anonymous_0)
FN:6,(anonymous_1)
FN:14,(anonymous_2)
FN:22,(anonymous_3)
FN:26,(anonymous_4)
FN:30,(anonymous_5)
FNF:6
FNH:0
FNDA:0,(anonymous_0)
FNDA:0,(anonymous_1)
FNDA:0,(anonymous_2)
FNDA:0,(anonymous_3)
FNDA:0,(anonymous_4)
FNDA:0,(anonymous_5)
DA:3,0
DA:4,0
DA:7,0
DA:15,0
DA:23,0
DA:27,0
DA:31,0
LF:7
LH:0
BRDA:27,0,0,0
BRDA:27,0,1,0
BRF:2
BRH:0
end_of_record
TN:
SF:src\common\service\crypt.service.ts
FN:7,encrypt
FN:17,(anonymous_1)
FN:36,(anonymous_2)
FN:39,(anonymous_3)
FN:47,decrypt
FN:54,(anonymous_5)
FN:65,(anonymous_6)
FN:70,(anonymous_7)
FN:81,hash
FNF:9
FNH:1
FNDA:0,encrypt
FNDA:0,(anonymous_1)
FNDA:0,(anonymous_2)
FNDA:0,(anonymous_3)
FNDA:0,decrypt
FNDA:0,(anonymous_5)
FNDA:0,(anonymous_6)
FNDA:0,(anonymous_7)
FNDA:7,hash
DA:1,2
DA:2,2
DA:3,2
DA:5,2
DA:7,2
DA:8,0
DA:10,0
DA:12,0
DA:15,0
DA:17,0
DA:24,0
DA:34,0
DA:36,0
DA:39,0
DA:43,0
DA:47,2
DA:48,0
DA:50,0
DA:52,0
DA:54,0
DA:61,0
DA:65,0
DA:70,0
DA:75,0
DA:77,0
DA:81,2
DA:82,7
LF:27
LH:8
BRDA:43,0,0,0
BRDA:43,0,1,0
BRDA:77,1,0,0
BRDA:77,1,1,0
BRDA:81,2,0,0
BRF:5
BRH:0
end_of_record
TN:
SF:src\common\service\delete.helper.ts
FN:3,softRemove
FN:12,hardRemove
FN:20,restoreDeleted
FNF:3
FNH:0
FNDA:0,softRemove
FNDA:0,hardRemove
FNDA:0,restoreDeleted
DA:3,0
DA:8,0
DA:9,0
DA:12,0
DA:16,0
DA:17,0
DA:20,0
DA:25,0
DA:26,0
LF:9
LH:0
BRDA:9,0,0,0
BRDA:9,0,1,0
BRDA:9,1,0,0
BRDA:9,1,1,0
BRDA:17,2,0,0
BRDA:17,2,1,0
BRDA:17,3,0,0
BRDA:17,3,1,0
BRDA:26,4,0,0
BRDA:26,4,1,0
BRDA:26,5,0,0
BRDA:26,5,1,0
BRF:12
BRH:0
end_of_record
TN:
SF:src\common\service\dynamic.save.service.ts
FN:3,(anonymous_0)
FN:5,(anonymous_1)
FN:37,(anonymous_2)
FNF:3
FNH:0
FNDA:0,(anonymous_0)
FNDA:0,(anonymous_1)
FNDA:0,(anonymous_2)
DA:1,0
DA:3,0
DA:4,0
DA:5,0
DA:6,0
DA:8,0
DA:10,0
DA:11,0
DA:14,0
DA:15,0
DA:18,0
DA:19,0
DA:22,0
DA:23,0
DA:26,0
DA:27,0
DA:28,0
DA:31,0
DA:34,0
DA:37,0
DA:38,0
DA:39,0
DA:42,0
DA:43,0
DA:44,0
DA:46,0
DA:49,0
DA:50,0
DA:53,0
DA:54,0
DA:57,0
DA:59,0
DA:60,0
DA:63,0
LF:34
LH:0
BRDA:6,0,0,0
BRDA:6,0,1,0
BRDA:10,1,0,0
BRDA:14,2,0,0
BRDA:18,3,0,0
BRDA:22,4,0,0
BRDA:27,5,0,0
BRDA:38,6,0,0
BRDA:38,7,0,0
BRDA:38,7,1,0
BRDA:42,8,0,0
BRDA:43,9,0,0
BRDA:49,10,0,0
BRDA:53,11,0,0
BRDA:53,12,0,0
BRDA:53,12,1,0
BRDA:59,13,0,0
BRF:17
BRH:0
end_of_record
TN:
SF:src\common\service\dynamic.service.ts
FN:31,(anonymous_0)
FN:37,(anonymous_1)
FN:57,(anonymous_2)
FN:65,(anonymous_3)
FN:82,(anonymous_4)
FN:111,(anonymous_5)
FN:117,(anonymous_6)
FN:122,(anonymous_7)
FN:127,(anonymous_8)
FN:132,(anonymous_9)
FN:139,(anonymous_10)
FN:149,(anonymous_11)
FN:154,(anonymous_12)
FN:161,(anonymous_13)
FN:168,(anonymous_14)
FN:170,(anonymous_15)
FN:174,(anonymous_16)
FNF:17
FNH:0
FNDA:0,(anonymous_0)
FNDA:0,(anonymous_1)
FNDA:0,(anonymous_2)
FNDA:0,(anonymous_3)
FNDA:0,(anonymous_4)
FNDA:0,(anonymous_5)
FNDA:0,(anonymous_6)
FNDA:0,(anonymous_7)
FNDA:0,(anonymous_8)
FNDA:0,(anonymous_9)
FNDA:0,(anonymous_10)
FNDA:0,(anonymous_11)
FNDA:0,(anonymous_12)
FNDA:0,(anonymous_13)
FNDA:0,(anonymous_14)
FNDA:0,(anonymous_15)
FNDA:0,(anonymous_16)
DA:1,0
DA:5,0
DA:6,0
DA:7,0
DA:9,0
DA:10,0
DA:11,0
DA:25,0
DA:32,0
DA:33,0
DA:35,0
DA:36,0
DA:37,0
DA:39,0
DA:41,0
DA:42,0
DA:44,0
DA:45,0
DA:50,0
DA:51,0
DA:53,0
DA:58,0
DA:60,0
DA:61,0
DA:63,0
DA:64,0
DA:65,0
DA:68,0
DA:70,0
DA:71,0
DA:76,0
DA:78,0
DA:86,0
DA:87,0
DA:89,0
DA:91,0
DA:92,0
DA:93,0
DA:96,0
DA:97,0
DA:105,0
DA:107,0
DA:112,0
DA:113,0
DA:114,0
DA:118,0
DA:119,0
DA:123,0
DA:124,0
DA:128,0
DA:129,0
DA:133,0
DA:135,0
DA:136,0
DA:137,0
DA:140,0
DA:146,0
DA:150,0
DA:152,0
DA:153,0
DA:154,0
DA:158,0
DA:159,0
DA:160,0
DA:161,0
DA:165,0
DA:169,0
DA:170,0
DA:175,0
DA:176,0
DA:178,0
LF:71
LH:0
BRDA:42,0,0,0
BRDA:42,0,1,0
BRDA:50,1,0,0
BRDA:50,1,1,0
BRDA:51,2,0,0
BRDA:51,2,1,0
BRDA:51,3,0,0
BRDA:51,3,1,0
BRDA:51,4,0,0
BRDA:51,4,1,0
BRDA:68,5,0,0
BRDA:68,5,1,0
BRDA:76,6,0,0
BRDA:76,6,1,0
BRDA:84,7,0,0
BRDA:91,8,0,0
BRDA:91,9,0,0
BRDA:91,9,1,0
BRDA:124,10,0,0
BRDA:124,10,1,0
BRDA:129,11,0,0
BRDA:129,11,1,0
BRDA:135,12,0,0
BRDA:135,13,0,0
BRDA:135,13,1,0
BRDA:135,13,2,0
BRDA:140,14,0,0
BRDA:140,14,1,0
BRDA:146,15,0,0
BRDA:146,15,1,0
BRDA:152,16,0,0
BRDA:152,17,0,0
BRDA:152,17,1,0
BRDA:152,17,2,0
BRDA:154,18,0,0
BRDA:154,18,1,0
BRDA:158,19,0,0
BRDA:158,20,0,0
BRDA:158,20,1,0
BRDA:165,21,0,0
BRDA:165,21,1,0
BRDA:169,22,0,0
BRDA:169,22,1,0
BRDA:169,23,0,0
BRDA:169,23,1,0
BRDA:175,24,0,0
BRDA:175,25,0,0
BRDA:175,25,1,0
BRDA:175,25,2,0
BRDA:175,25,3,0
BRF:50
BRH:0
end_of_record
TN:
SF:src\common\service\dynamic.where.service.ts
FN:5,(anonymous_0)
FN:13,(anonymous_1)
FN:41,(anonymous_2)
FN:44,(anonymous_3)
FN:54,(anonymous_4)
FN:57,(anonymous_5)
FN:59,(anonymous_6)
FN:144,(anonymous_7)
FN:159,(anonymous_8)
FNF:9
FNH:0
FNDA:0,(anonymous_0)
FNDA:0,(anonymous_1)
FNDA:0,(anonymous_2)
FNDA:0,(anonymous_3)
FNDA:0,(anonymous_4)
FNDA:0,(anonymous_5)
FNDA:0,(anonymous_6)
FNDA:0,(anonymous_7)
FNDA:0,(anonymous_8)
DA:1,0
DA:2,0
DA:3,0
DA:5,0
DA:6,0
DA:7,0
DA:8,0
DA:11,0
DA:13,0
DA:14,0
DA:15,0
DA:17,0
DA:18,0
DA:21,0
DA:22,0
DA:23,0
DA:26,0
DA:27,0
DA:28,0
DA:31,0
DA:36,0
DA:38,0
DA:41,0
DA:42,0
DA:44,0
DA:45,0
DA:46,0
DA:51,0
DA:54,0
DA:57,0
DA:58,0
DA:59,0
DA:60,0
DA:63,0
DA:65,0
DA:66,0
DA:67,0
DA:69,0
DA:70,0
DA:71,0
DA:72,0
DA:75,0
DA:76,0
DA:80,0
DA:82,0
DA:83,0
DA:85,0
DA:86,0
DA:88,0
DA:90,0
DA:91,0
DA:92,0
DA:95,0
DA:96,0
DA:98,0
DA:99,0
DA:101,0
DA:102,0
DA:103,0
DA:105,0
DA:106,0
DA:108,0
DA:109,0
DA:110,0
DA:112,0
DA:113,0
DA:115,0
DA:116,0
DA:118,0
DA:119,0
DA:120,0
DA:122,0
DA:123,0
DA:125,0
DA:126,0
DA:127,0
DA:129,0
DA:130,0
DA:132,0
DA:133,0
DA:135,0
DA:136,0
DA:137,0
DA:139,0
DA:144,0
DA:146,0
DA:148,0
DA:149,0
DA:150,0
DA:152,0
DA:153,0
DA:156,0
DA:159,0
DA:160,0
DA:161,0
DA:163,0
DA:164,0
DA:166,0
DA:167,0
DA:169,0
LF:100
LH:0
BRDA:7,0,0,0
BRDA:13,1,0,0
BRDA:13,1,1,0
BRDA:13,2,0,0
BRDA:13,2,1,0
BRDA:17,3,0,0
BRDA:17,4,0,0
BRDA:17,4,1,0
BRDA:17,4,2,0
BRDA:21,5,0,0
BRDA:21,6,0,0
BRDA:21,6,1,0
BRDA:22,7,0,0
BRDA:58,8,0,0
BRDA:58,9,0,0
BRDA:58,9,1,0
BRDA:69,10,0,0
BRDA:75,11,0,0
BRDA:80,12,0,0
BRDA:80,12,1,0
BRDA:80,12,2,0
BRDA:80,12,3,0
BRDA:80,12,4,0
BRDA:80,12,5,0
BRDA:80,12,6,0
BRDA:80,12,7,0
BRDA:80,12,8,0
BRDA:80,12,9,0
BRDA:80,12,10,0
BRDA:80,12,11,0
BRDA:80,12,12,0
BRDA:80,12,13,0
BRDA:80,12,14,0
BRDA:90,13,0,0
BRDA:90,13,1,0
BRDA:90,14,0,0
BRDA:90,14,1,0
BRDA:91,15,0,0
BRDA:91,15,1,0
BRDA:102,16,0,0
BRDA:109,17,0,0
BRDA:119,18,0,0
BRDA:126,19,0,0
BRDA:139,20,0,0
BRDA:139,20,1,0
BRDA:160,21,0,0
BRDA:160,22,0,0
BRDA:160,22,1,0
BRDA:163,23,0,0
BRDA:166,24,0,0
BRF:50
BRH:0
end_of_record
TN:
SF:src\common\service\error.service.ts
FN:37,throwDbError
FNF:1
FNH:0
FNDA:0,throwDbError
DA:1,0
DA:12,0
DA:28,0
DA:35,0
DA:37,0
DA:38,0
DA:39,0
DA:40,0
DA:42,0
DA:44,0
DA:45,0
DA:46,0
DA:47,0
DA:50,0
DA:55,0
DA:58,0
DA:59,0
DA:62,0
LF:18
LH:0
BRDA:39,0,0,0
BRDA:39,0,1,0
BRDA:39,1,0,0
BRDA:39,1,1,0
BRDA:40,2,0,0
BRDA:40,2,1,0
BRDA:40,2,2,0
BRDA:40,3,0,0
BRDA:40,3,1,0
BRDA:40,4,0,0
BRDA:40,4,1,0
BRDA:40,5,0,0
BRDA:40,5,1,0
BRDA:40,6,0,0
BRDA:40,6,1,0
BRDA:42,7,0,0
BRDA:42,7,1,0
BRDA:42,8,0,0
BRDA:42,8,1,0
BRDA:42,9,0,0
BRDA:42,9,1,0
BRDA:44,10,0,0
BRDA:44,11,0,0
BRDA:44,11,1,0
BRDA:46,12,0,0
BRDA:46,12,1,0
BRDA:50,13,0,0
BRDA:50,14,0,0
BRDA:50,14,1,0
BRDA:50,14,2,0
BRDA:50,14,3,0
BRDA:50,14,4,0
BRDA:58,15,0,0
BRDA:58,16,0,0
BRDA:58,16,1,0
BRDA:58,17,0,0
BRDA:58,17,1,0
BRDA:58,18,0,0
BRDA:58,18,1,0
BRF:39
BRH:0
end_of_record
TN:
SF:src\common\service\escape.service.ts
FN:1,(anonymous_0)
FN:5,(anonymous_1)
FNF:2
FNH:0
FNDA:0,(anonymous_0)
FNDA:0,(anonymous_1)
DA:1,0
DA:2,0
DA:5,0
DA:6,0
LF:4
LH:0
BRDA:2,0,0,0
BRDA:2,0,1,0
BRDA:6,1,0,0
BRDA:6,1,1,0
BRF:4
BRH:0
end_of_record
TN:
SF:src\common\service\find.helper.ts
FN:30,buildFindWhere
FN:52,(anonymous_1)
FN:89,buildCountWhere
FN:132,executeFind
FN:184,(anonymous_4)
FNF:5
FNH:0
FNDA:0,buildFindWhere
FNDA:0,(anonymous_1)
FNDA:0,buildCountWhere
FNDA:0,executeFind
FNDA:0,(anonymous_4)
DA:1,0
DA:3,0
DA:4,0
DA:5,0
DA:8,0
DA:9,0
DA:10,0
DA:11,0
DA:30,0
DA:35,0
DA:36,0
DA:38,0
DA:40,0
DA:41,0
DA:44,0
DA:45,0
DA:48,0
DA:49,0
DA:52,0
DA:53,0
DA:54,0
DA:56,0
DA:57,0
DA:60,0
DA:61,0
DA:62,0
DA:63,0
DA:64,0
DA:65,0
DA:66,0
DA:67,0
DA:73,0
DA:75,0
DA:78,0
DA:86,0
DA:89,0
DA:94,0
DA:96,0
DA:98,0
DA:99,0
DA:102,0
DA:104,0
DA:105,0
DA:106,0
DA:109,0
DA:110,0
DA:111,0
DA:112,0
DA:116,0
DA:117,0
DA:118,0
DA:119,0
DA:120,0
DA:121,0
DA:122,0
DA:123,0
DA:129,0
DA:132,0
DA:138,0
DA:139,0
DA:140,0
DA:144,0
DA:146,0
DA:147,0
DA:151,0
DA:152,0
DA:153,0
DA:154,0
DA:155,0
DA:156,0
DA:157,0
DA:160,0
DA:161,0
DA:162,0
DA:163,0
DA:164,0
DA:166,0
DA:173,0
DA:176,0
DA:177,0
DA:180,0
DA:182,0
DA:183,0
DA:184,0
DA:185,0
DA:186,0
DA:187,0
DA:191,0
DA:192,0
DA:193,0
LF:90
LH:0
BRDA:35,0,0,0
BRDA:35,1,0,0
BRDA:36,2,0,0
BRDA:40,3,0,0
BRDA:44,4,0,0
BRDA:44,5,0,0
BRDA:44,5,1,0
BRDA:48,6,0,0
BRDA:48,7,0,0
BRDA:48,7,1,0
BRDA:48,7,2,0
BRDA:52,8,0,0
BRDA:52,8,1,0
BRDA:52,9,0,0
BRDA:52,9,1,0
BRDA:52,10,0,0
BRDA:52,10,1,0
BRDA:53,11,0,0
BRDA:53,12,0,0
BRDA:53,12,1,0
BRDA:53,12,2,0
BRDA:56,13,0,0
BRDA:56,14,0,0
BRDA:56,14,1,0
BRDA:56,14,2,0
BRDA:56,14,3,0
BRDA:60,15,0,0
BRDA:64,16,0,0
BRDA:66,17,0,0
BRDA:73,18,0,0
BRDA:73,18,1,0
BRDA:75,19,0,0
BRDA:75,19,1,0
BRDA:75,19,2,0
BRDA:75,19,3,0
BRDA:75,19,4,0
BRDA:75,19,5,0
BRDA:76,20,0,0
BRDA:76,20,1,0
BRDA:76,21,0,0
BRDA:76,21,1,0
BRDA:80,22,0,0
BRDA:80,22,1,0
BRDA:82,23,0,0
BRDA:82,23,1,0
BRDA:83,24,0,0
BRDA:83,24,1,0
BRDA:94,25,0,0
BRDA:94,26,0,0
BRDA:98,27,0,0
BRDA:104,28,0,0
BRDA:104,29,0,0
BRDA:104,29,1,0
BRDA:106,30,0,0
BRDA:109,31,0,0
BRDA:109,32,0,0
BRDA:109,32,1,0
BRDA:109,32,2,0
BRDA:111,33,0,0
BRDA:111,34,0,0
BRDA:111,34,1,0
BRDA:116,35,0,0
BRDA:120,36,0,0
BRDA:122,37,0,0
BRDA:144,38,0,0
BRDA:144,38,1,0
BRDA:146,39,0,0
BRDA:146,39,1,0
BRDA:146,40,0,0
BRDA:146,40,1,0
BRDA:155,41,0,0
BRDA:160,42,0,0
BRDA:160,42,1,0
BRDA:161,43,0,0
BRDA:161,43,1,0
BRDA:163,44,0,0
BRDA:163,44,1,0
BRDA:168,45,0,0
BRDA:168,45,1,0
BRDA:176,46,0,0
BRDA:176,47,0,0
BRDA:176,47,1,0
BRDA:176,47,2,0
BRDA:182,48,0,0
BRDA:185,49,0,0
BRF:85
BRH:0
end_of_record
TN:
SF:src\common\service\json.service.ts
FN:3,(anonymous_0)
FN:12,(anonymous_1)
FNF:2
FNH:0
FNDA:0,(anonymous_0)
FNDA:0,(anonymous_1)
DA:1,0
DA:3,0
DA:4,0
DA:5,0
DA:8,0
DA:9,0
DA:12,0
LF:7
LH:0
BRDA:4,0,0,0
BRDA:8,1,0,0
BRF:2
BRH:0
end_of_record
TN:
SF:src\common\service\like.service.ts
FN:3,(anonymous_0)
FN:11,(anonymous_1)
FNF:2
FNH:0
FNDA:0,(anonymous_0)
FNDA:0,(anonymous_1)
DA:1,0
DA:3,0
DA:4,0
DA:5,0
DA:8,0
DA:11,0
DA:12,0
DA:13,0
DA:16,0
LF:9
LH:0
BRDA:4,0,0,0
BRDA:12,1,0,0
BRF:2
BRH:0
end_of_record
TN:
SF:src\common\service\nested_filter.service.ts
FN:4,isOwnedBy
FN:19,filterNestedRelations
FN:30,(anonymous_2)
FN:39,(anonymous_3)
FN:44,(anonymous_4)
FN:55,(anonymous_5)
FN:77,(anonymous_6)
FNF:7
FNH:0
FNDA:0,isOwnedBy
FNDA:0,filterNestedRelations
FNDA:0,(anonymous_2)
FNDA:0,(anonymous_3)
FNDA:0,(anonymous_4)
FNDA:0,(anonymous_5)
FNDA:0,(anonymous_6)
DA:1,0
DA:10,0
DA:11,0
DA:12,0
DA:13,0
DA:14,0
DA:16,0
DA:19,0
DA:23,0
DA:24,0
DA:26,0
DA:27,0
DA:28,0
DA:30,0
DA:31,0
DA:32,0
DA:34,0
DA:35,0
DA:36,0
DA:37,0
DA:38,0
DA:39,0
DA:41,0
DA:42,0
DA:43,0
DA:44,0
DA:45,0
DA:52,0
DA:55,0
DA:56,0
DA:63,0
DA:64,0
DA:65,0
DA:68,0
DA:69,0
DA:72,0
DA:77,0
LF:37
LH:0
BRDA:13,0,0,0
BRDA:13,0,1,0
BRDA:13,1,0,0
BRDA:13,1,1,0
BRDA:14,2,0,0
BRDA:16,3,0,0
BRDA:16,3,1,0
BRDA:16,4,0,0
BRDA:16,4,1,0
BRDA:23,5,0,0
BRDA:23,6,0,0
BRDA:23,6,1,0
BRDA:24,7,0,0
BRDA:24,8,0,0
BRDA:24,8,1,0
BRDA:24,8,2,0
BRDA:28,9,0,0
BRDA:28,9,1,0
BRDA:31,10,0,0
BRDA:31,11,0,0
BRDA:31,11,1,0
BRDA:31,11,2,0
BRDA:36,12,0,0
BRDA:36,12,1,0
BRDA:39,13,0,0
BRDA:39,13,1,0
BRDA:39,13,2,0
BRDA:41,14,0,0
BRDA:41,15,0,0
BRDA:41,15,1,0
BRDA:41,16,0,0
BRDA:41,16,1,0
BRDA:43,17,0,0
BRDA:43,18,0,0
BRDA:43,18,1,0
BRDA:43,19,0,0
BRDA:43,19,1,0
BRDA:56,20,0,0
BRDA:57,21,0,0
BRDA:57,21,1,0
BRDA:57,21,2,0
BRDA:57,21,3,0
BRDA:57,21,4,0
BRDA:64,22,0,0
BRDA:64,23,0,0
BRDA:64,23,1,0
BRDA:64,24,0,0
BRDA:64,24,1,0
BRDA:65,25,0,0
BRF:49
BRH:0
end_of_record
TN:
SF:src\common\service\owner.service.ts
FNF:0
FNH:0
DA:1,9
LF:1
LH:1
BRDA:1,0,0,9
BRDA:1,0,1,9
BRF:2
BRH:2
end_of_record
TN:
SF:src\common\service\param_symbol.service.ts
FN:5,(anonymous_0)
FN:9,(anonymous_1)
FNF:2
FNH:0
FNDA:0,(anonymous_0)
FNDA:0,(anonymous_1)
DA:1,0
DA:3,0
DA:5,0
DA:6,0
DA:8,0
DA:9,0
DA:10,0
DA:11,0
DA:12,0
DA:14,0
DA:16,0
LF:11
LH:0
BRDA:11,0,0,0
BRF:1
BRH:0
end_of_record
TN:
SF:src\common\service\position.helper.ts
FN:8,validatePositionField
FN:15,(anonymous_1)
FN:19,(anonymous_2)
FN:25,executeSortPosition
FN:39,(anonymous_4)
FN:67,(anonymous_5)
FN:75,executeMovePosition
FN:87,(anonymous_7)
FNF:8
FNH:0
FNDA:0,validatePositionField
FNDA:0,(anonymous_1)
FNDA:0,(anonymous_2)
FNDA:0,executeSortPosition
FNDA:0,(anonymous_4)
FNDA:0,(anonymous_5)
FNDA:0,executeMovePosition
FNDA:0,(anonymous_7)
DA:1,0
DA:2,0
DA:3,0
DA:5,0
DA:8,0
DA:9,0
DA:10,0
DA:12,0
DA:13,0
DA:15,0
DA:16,0
DA:17,0
DA:19,0
DA:20,0
DA:21,0
DA:25,0
DA:34,0
DA:35,0
DA:36,0
DA:38,0
DA:39,0
DA:40,0
DA:41,0
DA:49,0
DA:50,0
DA:57,0
DA:58,0
DA:61,0
DA:62,0
DA:67,0
DA:68,0
DA:71,0
DA:72,0
DA:75,0
DA:84,0
DA:86,0
DA:88,0
DA:91,0
DA:98,0
DA:100,0
DA:103,0
LF:41
LH:0
BRDA:9,0,0,0
BRDA:9,1,0,0
BRDA:9,1,1,0
BRDA:12,2,0,0
BRDA:16,3,0,0
BRDA:20,4,0,0
BRDA:35,5,0,0
BRDA:38,6,0,0
BRDA:43,7,0,0
BRDA:43,7,1,0
BRDA:44,8,0,0
BRDA:44,8,1,0
BRDA:46,9,0,0
BRDA:46,9,1,0
BRDA:49,10,0,0
BRDA:49,11,0,0
BRDA:49,11,1,0
BRDA:49,11,2,0
BRDA:53,12,0,0
BRDA:53,12,1,0
BRDA:57,13,0,0
BRDA:57,13,1,0
BRDA:61,14,0,0
BRDA:61,15,0,0
BRDA:61,15,1,0
BRDA:84,16,0,0
BRDA:88,17,0,0
BRDA:88,17,1,0
BRDA:93,18,0,0
BRDA:93,18,1,0
BRF:30
BRH:0
end_of_record
TN:
SF:src\common\service\private_fields.service.ts
FN:14,canRead
FN:34,(anonymous_1)
FN:56,canWrite
FN:76,hasAnyRole
FN:79,(anonymous_4)
FN:82,(anonymous_5)
FN:91,(anonymous_6)
FN:98,computeNestedBind
FN:110,getCachedFieldAccess
FN:122,getCachedFieldRoles
FN:134,(anonymous_10)
FN:184,(anonymous_11)
FN:196,(anonymous_12)
FNF:13
FNH:11
FNDA:39,canRead
FNDA:0,(anonymous_1)
FNDA:10,canWrite
FNDA:10,hasAnyRole
FNDA:8,(anonymous_4)
FNDA:22,(anonymous_5)
FNDA:2,(anonymous_6)
FNDA:2,computeNestedBind
FNDA:81,getCachedFieldAccess
FNDA:81,getCachedFieldRoles
FNDA:21,(anonymous_10)
FNDA:0,(anonymous_11)
FNDA:15,(anonymous_12)
DA:1,3
DA:2,3
DA:6,3
DA:10,3
DA:11,3
DA:15,39
DA:16,39
DA:18,0
DA:20,0
DA:22,3
DA:24,11
DA:25,9
DA:27,9
DA:29,9
DA:30,0
DA:31,9
DA:32,0
DA:34,0
DA:35,0
DA:37,9
DA:39,9
DA:41,9
DA:42,9
DA:48,14
DA:50,11
DA:52,0
DA:57,10
DA:58,10
DA:60,0
DA:62,0
DA:64,2
DA:66,1
DA:68,4
DA:70,3
DA:72,0
DA:77,10
DA:78,10
DA:79,8
DA:82,3
DA:87,22
DA:88,22
DA:89,22
DA:90,22
DA:91,2
DA:92,21
DA:93,19
DA:95,22
DA:99,2
DA:100,2
DA:101,2
DA:102,0
DA:104,2
DA:107,3
DA:108,3
DA:111,81
DA:112,81
DA:113,11
DA:114,11
DA:116,81
DA:117,20
DA:119,81
DA:123,81
DA:124,81
DA:125,11
DA:126,11
DA:128,81
DA:129,20
DA:131,81
DA:134,3
DA:141,21
DA:142,21
DA:144,21
DA:146,21
DA:147,81
DA:151,81
DA:155,81
DA:157,80
DA:158,80
DA:160,80
DA:161,36
DA:162,29
DA:163,29
DA:165,44
DA:166,3
DA:167,3
DA:169,3
DA:170,2
DA:171,2
DA:173,41
DA:174,2
DA:175,1
DA:176,1
DA:180,48
DA:181,48
DA:182,2
DA:183,2
DA:184,0
DA:185,2
DA:190,0
DA:196,3
DA:202,15
DA:204,14
DA:205,14
DA:207,13
DA:208,13
DA:209,13
DA:211,13
DA:212,22
DA:214,22
DA:220,22
DA:226,22
DA:228,22
DA:229,1
DA:232,22
DA:233,22
DA:235,22
DA:236,7
DA:237,4
DA:239,15
DA:240,3
DA:241,3
DA:243,3
DA:244,1
DA:246,12
DA:247,2
DA:248,1
LF:126
LH:113
BRDA:15,0,0,0
BRDA:16,1,0,0
BRDA:16,1,1,0
BRDA:16,1,2,3
BRDA:16,1,3,11
BRDA:16,1,4,14
BRDA:16,1,5,11
BRDA:16,1,6,0
BRDA:20,2,0,0
BRDA:20,2,1,0
BRDA:22,3,0,3
BRDA:22,3,1,2
BRDA:24,4,0,2
BRDA:25,5,0,0
BRDA:27,6,0,9
BRDA:27,7,0,0
BRDA:29,8,0,0
BRDA:29,8,1,9
BRDA:31,9,0,0
BRDA:31,9,1,9
BRDA:34,10,0,0
BRDA:34,10,1,0
BRDA:34,11,0,0
BRDA:34,11,1,0
BRDA:35,12,0,0
BRDA:37,13,0,0
BRDA:37,13,1,9
BRDA:37,14,0,9
BRDA:37,14,1,9
BRDA:39,15,0,7
BRDA:39,15,1,2
BRDA:39,16,0,9
BRDA:39,16,1,9
BRDA:41,17,0,0
BRDA:41,17,1,9
BRDA:41,18,0,0
BRDA:41,18,1,9
BRDA:41,19,0,9
BRDA:41,19,1,9
BRDA:43,20,0,9
BRDA:43,20,1,8
BRDA:57,21,0,0
BRDA:58,22,0,0
BRDA:58,22,1,0
BRDA:58,22,2,2
BRDA:58,22,3,1
BRDA:58,22,4,4
BRDA:58,22,5,3
BRDA:58,22,6,0
BRDA:62,23,0,0
BRDA:62,23,1,0
BRDA:62,24,0,0
BRDA:62,24,1,0
BRDA:62,25,0,0
BRDA:62,25,1,0
BRDA:62,26,0,0
BRDA:62,26,1,0
BRDA:62,27,0,0
BRDA:62,27,1,0
BRDA:64,28,0,2
BRDA:64,28,1,1
BRDA:64,29,0,0
BRDA:64,29,1,2
BRDA:64,30,0,2
BRDA:64,30,1,2
BRDA:64,31,0,0
BRDA:64,31,1,1
BRDA:64,32,0,1
BRDA:64,32,1,1
BRDA:68,33,0,0
BRDA:68,33,1,4
BRDA:68,34,0,4
BRDA:68,34,1,4
BRDA:77,35,0,0
BRDA:77,36,0,0
BRDA:77,36,1,10
BRDA:77,37,0,10
BRDA:77,37,1,10
BRDA:78,38,0,2
BRDA:78,39,0,0
BRDA:78,39,1,10
BRDA:78,40,0,10
BRDA:78,40,1,10
BRDA:88,41,0,22
BRDA:88,41,1,21
BRDA:88,41,2,16
BRDA:88,42,0,21
BRDA:88,42,1,1
BRDA:88,43,0,22
BRDA:88,43,1,22
BRDA:88,44,0,0
BRDA:88,44,1,21
BRDA:88,45,0,21
BRDA:88,45,1,21
BRDA:90,46,0,1
BRDA:90,46,1,21
BRDA:91,47,0,2
BRDA:91,47,1,2
BRDA:92,48,0,19
BRDA:92,49,0,21
BRDA:92,49,1,19
BRDA:99,50,0,0
BRDA:100,51,0,2
BRDA:100,51,1,0
BRDA:101,52,0,0
BRDA:112,53,0,11
BRDA:116,54,0,20
BRDA:124,55,0,11
BRDA:128,56,0,20
BRDA:141,57,0,0
BRDA:141,58,0,21
BRDA:141,58,1,21
BRDA:141,58,2,21
BRDA:144,59,0,0
BRDA:144,59,1,21
BRDA:144,60,0,21
BRDA:144,60,1,21
BRDA:147,61,0,81
BRDA:147,61,1,0
BRDA:151,62,0,81
BRDA:151,62,1,0
BRDA:155,63,0,1
BRDA:157,64,0,80
BRDA:157,64,1,61
BRDA:157,65,0,18
BRDA:157,65,1,62
BRDA:157,66,0,80
BRDA:157,66,1,80
BRDA:158,67,0,75
BRDA:158,67,1,5
BRDA:158,68,0,80
BRDA:158,68,1,80
BRDA:158,69,0,74
BRDA:158,69,1,6
BRDA:158,70,0,80
BRDA:158,70,1,80
BRDA:160,71,0,36
BRDA:160,71,1,44
BRDA:160,72,0,80
BRDA:160,72,1,39
BRDA:161,73,0,29
BRDA:165,74,0,3
BRDA:165,74,1,41
BRDA:165,75,0,44
BRDA:165,75,1,3
BRDA:169,76,0,2
BRDA:169,77,0,3
BRDA:169,77,1,3
BRDA:173,78,0,2
BRDA:174,79,0,1
BRDA:181,80,0,2
BRDA:181,81,0,48
BRDA:181,81,1,48
BRDA:183,82,0,0
BRDA:183,82,1,2
BRDA:184,83,0,0
BRDA:184,83,1,0
BRDA:185,84,0,0
BRDA:186,85,0,2
BRDA:186,85,1,2
BRDA:186,85,2,0
BRDA:202,86,0,1
BRDA:202,87,0,15
BRDA:202,87,1,14
BRDA:204,88,0,13
BRDA:204,88,1,1
BRDA:205,89,0,1
BRDA:207,90,0,1
BRDA:207,90,1,12
BRDA:207,91,0,0
BRDA:207,91,1,13
BRDA:207,92,0,13
BRDA:207,92,1,13
BRDA:208,93,0,13
BRDA:208,93,1,8
BRDA:208,93,2,8
BRDA:208,94,0,8
BRDA:208,94,1,5
BRDA:208,95,0,13
BRDA:208,95,1,13
BRDA:208,96,0,0
BRDA:208,96,1,8
BRDA:208,97,0,8
BRDA:208,97,1,8
BRDA:212,98,0,0
BRDA:226,99,0,5
BRDA:226,99,1,17
BRDA:226,100,0,22
BRDA:226,100,1,22
BRDA:228,101,0,1
BRDA:228,102,0,22
BRDA:228,102,1,5
BRDA:228,102,2,1
BRDA:232,103,0,22
BRDA:232,103,1,18
BRDA:233,104,0,17
BRDA:233,104,1,5
BRDA:233,105,0,22
BRDA:233,105,1,22
BRDA:233,106,0,17
BRDA:233,106,1,5
BRDA:233,107,0,22
BRDA:233,107,1,22
BRDA:235,108,0,7
BRDA:235,108,1,15
BRDA:235,109,0,22
BRDA:235,109,1,10
BRDA:236,110,0,4
BRDA:239,111,0,3
BRDA:239,111,1,12
BRDA:239,112,0,15
BRDA:239,112,1,3
BRDA:243,113,0,1
BRDA:243,114,0,3
BRDA:243,114,1,3
BRDA:246,115,0,2
BRDA:247,116,0,1
BRF:217
BRH:163
end_of_record
TN:
SF:src\common\service\quotes.service.ts
FN:1,(anonymous_0)
FNF:1
FNH:0
FNDA:0,(anonymous_0)
DA:1,0
DA:2,0
DA:4,0
DA:5,0
DA:8,0
DA:10,0
DA:11,0
DA:14,0
DA:15,0
LF:9
LH:0
BRDA:4,0,0,0
BRDA:10,1,0,0
BRDA:14,2,0,0
BRF:3
BRH:0
end_of_record
TN:
SF:src\common\service\relations.service.ts
FN:3,(anonymous_0)
FN:8,(anonymous_1)
FN:24,(anonymous_2)
FN:29,(anonymous_3)
FN:30,(anonymous_4)
FN:37,(anonymous_5)
FN:42,(anonymous_6)
FNF:7
FNH:0
FNDA:0,(anonymous_0)
FNDA:0,(anonymous_1)
FNDA:0,(anonymous_2)
FNDA:0,(anonymous_3)
FNDA:0,(anonymous_4)
FNDA:0,(anonymous_5)
FNDA:0,(anonymous_6)
DA:3,0
DA:4,0
DA:5,0
DA:8,0
DA:9,0
DA:10,0
DA:12,0
DA:13,0
DA:14,0
DA:15,0
DA:17,0
DA:18,0
DA:19,0
DA:24,0
DA:25,0
DA:26,0
DA:29,0
DA:30,0
DA:31,0
DA:32,0
DA:34,0
DA:35,0
DA:37,0
DA:38,0
DA:39,0
DA:41,0
DA:42,0
DA:43,0
DA:46,0
DA:49,0
DA:52,0
LF:31
LH:0
BRDA:5,0,0,0
BRDA:5,0,1,0
BRDA:8,1,0,0
BRDA:9,2,0,0
BRDA:9,3,0,0
BRDA:9,3,1,0
BRDA:10,4,0,0
BRDA:10,4,1,0
BRDA:12,5,0,0
BRDA:12,6,0,0
BRDA:12,6,1,0
BRDA:15,7,0,0
BRDA:15,7,1,0
BRDA:17,8,0,0
BRDA:17,8,1,0
BRDA:18,9,0,0
BRDA:18,9,1,0
BRDA:19,10,0,0
BRDA:19,10,1,0
BRDA:25,11,0,0
BRDA:25,12,0,0
BRDA:25,12,1,0
BRDA:25,12,2,0
BRDA:29,13,0,0
BRDA:29,13,1,0
BRDA:29,14,0,0
BRDA:29,14,1,0
BRDA:30,15,0,0
BRDA:30,15,1,0
BRDA:30,16,0,0
BRDA:30,16,1,0
BRDA:30,17,0,0
BRDA:31,18,0,0
BRDA:31,19,0,0
BRDA:31,19,1,0
BRDA:38,20,0,0
BRDA:41,21,0,0
BRDA:41,22,0,0
BRDA:41,22,1,0
BRF:39
BRH:0
end_of_record
TN:
SF:src\common\service\sanitize.service.ts
FN:19,getCachedRelations
FN:24,(anonymous_1)
FN:34,canCreate
FN:52,sanitizeForSave
FN:62,sanitizeEntity
FN:122,(anonymous_5)
FN:153,sanitizeRelationItem
FN:174,checkOwnership
FN:216,(anonymous_8)
FNF:9
FNH:0
FNDA:0,getCachedRelations
FNDA:0,(anonymous_1)
FNDA:0,canCreate
FNDA:0,sanitizeForSave
FNDA:0,sanitizeEntity
FNDA:0,(anonymous_5)
FNDA:0,sanitizeRelationItem
FNDA:0,checkOwnership
FNDA:0,(anonymous_8)
DA:2,0
DA:3,0
DA:17,0
DA:20,0
DA:21,0
DA:22,0
DA:24,0
DA:30,0
DA:31,0
DA:35,0
DA:36,0
DA:38,0
DA:40,0
DA:42,0
DA:44,0
DA:46,0
DA:48,0
DA:52,0
DA:58,0
DA:59,0
DA:69,0
DA:70,0
DA:72,0
DA:74,0
DA:75,0
DA:76,0
DA:77,0
DA:79,0
DA:80,0
DA:81,0
DA:83,0
DA:85,0
DA:86,0
DA:88,0
DA:89,0
DA:90,0
DA:94,0
DA:98,0
DA:100,0
DA:101,0
DA:107,0
DA:108,0
DA:110,0
DA:111,0
DA:115,0
DA:116,0
DA:121,0
DA:122,0
DA:123,0
DA:124,0
DA:125,0
DA:126,0
DA:129,0
DA:130,0
DA:132,0
DA:135,0
DA:143,0
DA:144,0
DA:146,0
DA:161,0
DA:163,0
DA:164,0
DA:165,0
DA:166,0
DA:167,0
DA:171,0
DA:181,0
DA:183,0
DA:184,0
DA:187,0
DA:188,0
DA:191,0
DA:192,0
DA:193,0
DA:196,0
DA:197,0
DA:199,0
DA:200,0
DA:206,0
DA:207,0
DA:208,0
DA:209,0
DA:210,0
DA:213,0
DA:215,0
DA:216,0
LF:86
LH:0
BRDA:22,0,0,0
BRDA:35,1,0,0
BRDA:36,2,0,0
BRDA:36,2,1,0
BRDA:36,2,2,0
BRDA:36,2,3,0
BRDA:36,2,4,0
BRDA:36,2,5,0
BRDA:40,3,0,0
BRDA:40,3,1,0
BRDA:40,4,0,0
BRDA:40,4,1,0
BRDA:40,5,0,0
BRDA:40,5,1,0
BRDA:40,6,0,0
BRDA:40,6,1,0
BRDA:40,7,0,0
BRDA:40,7,1,0
BRDA:44,8,0,0
BRDA:44,8,1,0
BRDA:44,9,0,0
BRDA:44,9,1,0
BRDA:69,10,0,0
BRDA:69,11,0,0
BRDA:69,11,1,0
BRDA:69,11,2,0
BRDA:77,12,0,0
BRDA:77,13,0,0
BRDA:77,13,1,0
BRDA:83,14,0,0
BRDA:83,14,1,0
BRDA:83,15,0,0
BRDA:83,15,1,0
BRDA:83,16,0,0
BRDA:83,16,1,0
BRDA:83,17,0,0
BRDA:83,17,1,0
BRDA:85,18,0,0
BRDA:85,18,1,0
BRDA:89,19,0,0
BRDA:89,20,0,0
BRDA:89,20,1,0
BRDA:89,20,2,0
BRDA:89,20,3,0
BRDA:94,21,0,0
BRDA:94,21,1,0
BRDA:101,22,0,0
BRDA:101,22,1,0
BRDA:102,23,0,0
BRDA:102,23,1,0
BRDA:102,23,2,0
BRDA:102,23,3,0
BRDA:107,24,0,0
BRDA:110,25,0,0
BRDA:110,25,1,0
BRDA:110,26,0,0
BRDA:110,26,1,0
BRDA:115,27,0,0
BRDA:115,28,0,0
BRDA:115,28,1,0
BRDA:124,29,0,0
BRDA:124,30,0,0
BRDA:124,30,1,0
BRDA:125,31,0,0
BRDA:125,31,1,0
BRDA:125,32,0,0
BRDA:125,32,1,0
BRDA:126,33,0,0
BRDA:126,33,1,0
BRDA:129,34,0,0
BRDA:129,34,1,0
BRDA:143,35,0,0
BRDA:143,35,1,0
BRDA:161,36,0,0
BRDA:161,37,0,0
BRDA:161,37,1,0
BRDA:163,38,0,0
BRDA:165,39,0,0
BRDA:181,40,0,0
BRDA:183,41,0,0
BRDA:183,42,0,0
BRDA:183,42,1,0
BRDA:183,43,0,0
BRDA:183,43,1,0
BRDA:187,44,0,0
BRDA:192,45,0,0
BRDA:196,46,0,0
BRDA:196,46,1,0
BRDA:213,47,0,0
BRDA:213,47,1,0
BRDA:213,48,0,0
BRDA:213,48,1,0
BRF:92
BRH:0
end_of_record
TN:
SF:src\common\service\search.service.ts
FN:4,(anonymous_0)
FN:10,(anonymous_1)
FN:16,(anonymous_2)
FN:17,(anonymous_3)
FN:23,(anonymous_4)
FN:38,(anonymous_5)
FN:49,(anonymous_6)
FN:53,(anonymous_7)
FN:75,(anonymous_8)
FN:81,(anonymous_9)
FN:83,(anonymous_10)
FN:86,(anonymous_11)
FN:88,(anonymous_12)
FN:91,(anonymous_13)
FN:95,(anonymous_14)
FN:99,(anonymous_15)
FNF:16
FNH:16
FNDA:8,(anonymous_0)
FNDA:33,(anonymous_1)
FNDA:4,(anonymous_2)
FNDA:6,(anonymous_3)
FNDA:6,(anonymous_4)
FNDA:7,(anonymous_5)
FNDA:4,(anonymous_6)
FNDA:14,(anonymous_7)
FNDA:7,(anonymous_8)
FNDA:7,(anonymous_9)
FNDA:2,(anonymous_10)
FNDA:7,(anonymous_11)
FNDA:11,(anonymous_12)
FNDA:12,(anonymous_13)
FNDA:11,(anonymous_14)
FNDA:9,(anonymous_15)
DA:1,1
DA:4,1
DA:7,8
DA:8,8
DA:10,8
DA:11,33
DA:12,17
DA:15,8
DA:16,3
DA:17,4
DA:18,6
DA:23,6
DA:24,5
DA:25,5
DA:26,6
DA:27,6
DA:28,7
DA:29,10
DA:30,10
DA:33,6
DA:35,5
DA:38,1
DA:42,7
DA:44,5
DA:45,5
DA:46,2
DA:49,4
DA:50,3
DA:53,1
DA:54,14
DA:55,14
DA:56,14
DA:57,14
DA:58,14
DA:65,0
DA:66,14
DA:67,2
DA:69,12
DA:72,14
DA:75,1
DA:76,7
DA:77,7
DA:79,7
DA:80,7
DA:81,7
DA:83,2
DA:86,1
DA:87,7
DA:89,11
DA:90,11
DA:91,12
DA:95,11
DA:99,1
DA:100,9
LF:54
LH:53
BRDA:8,0,0,8
BRDA:8,0,1,5
BRDA:11,1,0,16
BRDA:15,2,0,3
BRDA:42,3,0,2
BRDA:42,4,0,7
BRDA:42,4,1,6
BRDA:44,5,0,5
BRDA:44,5,1,5
BRDA:45,6,0,2
BRDA:46,7,0,1
BRDA:46,7,1,1
BRDA:50,8,0,2
BRDA:50,8,1,1
BRDA:58,9,0,0
BRDA:58,9,1,14
BRDA:59,10,0,14
BRDA:59,10,1,2
BRDA:59,10,2,2
BRDA:59,10,3,2
BRDA:59,10,4,0
BRDA:66,11,0,2
BRDA:66,11,1,12
BRDA:77,12,0,7
BRDA:77,12,1,5
BRDA:79,13,0,0
BRDA:79,13,1,7
BRDA:79,14,0,7
BRDA:79,14,1,7
BRDA:80,15,0,5
BRDA:91,16,0,11
BRDA:91,16,1,1
BRDA:91,17,0,12
BRDA:91,17,1,12
BRF:34
BRH:31
end_of_record
TN:
SF:src\common\service\soft-delete.service.ts
FN:3,getSoftDeleteColumn
FNF:1
FNH:1
FNDA:4,getSoftDeleteColumn
DA:1,2
DA:3,2
DA:4,4
DA:5,2
DA:6,2
LF:5
LH:5
BRDA:4,0,0,2
BRDA:6,1,0,1
BRDA:6,1,1,1
BRF:3
BRH:3
end_of_record
TN:
SF:src\common\service\tenant.service.ts
FNF:0
FNH:0
DA:1,6
DA:4,6
LF:2
LH:2
BRDA:2,0,0,6
BRDA:2,0,1,2
BRDA:4,1,0,6
BRDA:4,1,1,3
BRF:4
BRH:4
end_of_record
TN:
SF:src\common\service\tree.service.ts
FN:1,treeToFlat
FN:5,(anonymous_1)
FN:10,flattenObject
FN:22,(anonymous_3)
FN:37,flatToTree
FN:41,(anonymous_5)
FN:46,unflattenObject
FN:56,setDeepValue
FNF:8
FNH:0
FNDA:0,treeToFlat
FNDA:0,(anonymous_1)
FNDA:0,flattenObject
FNDA:0,(anonymous_3)
FNDA:0,flatToTree
FNDA:0,(anonymous_5)
FNDA:0,unflattenObject
FNDA:0,setDeepValue
DA:1,0
DA:4,0
DA:5,0
DA:7,0
DA:15,0
DA:16,0
DA:17,0
DA:19,0
DA:20,0
DA:21,0
DA:22,0
DA:23,0
DA:24,0
DA:26,0
DA:30,0
DA:34,0
DA:37,0
DA:40,0
DA:41,0
DA:43,0
DA:47,0
DA:49,0
DA:50,0
DA:53,0
DA:61,0
DA:63,0
DA:64,0
DA:65,0
DA:66,0
DA:68,0
DA:69,0
DA:72,0
DA:75,0
LF:33
LH:0
BRDA:4,0,0,0
BRDA:13,1,0,0
BRDA:16,2,0,0
BRDA:16,2,1,0
BRDA:19,3,0,0
BRDA:19,3,1,0
BRDA:19,4,0,0
BRDA:19,4,1,0
BRDA:21,5,0,0
BRDA:21,5,1,0
BRDA:23,6,0,0
BRDA:23,6,1,0
BRDA:23,7,0,0
BRDA:23,7,1,0
BRDA:40,8,0,0
BRDA:68,9,0,0
BRDA:68,10,0,0
BRDA:68,10,1,0
BRDA:69,11,0,0
BRDA:69,11,1,0
BRF:20
BRH:0
end_of_record
TN:
SF:src\common\service\unique.helper.ts
FN:3,getUniqueColumns
FN:5,(anonymous_1)
FN:8,(anonymous_2)
FN:18,findUniqueEntry
FN:29,(anonymous_4)
FN:34,(anonymous_5)
FNF:6
FNH:0
FNDA:0,getUniqueColumns
FNDA:0,(anonymous_1)
FNDA:0,(anonymous_2)
FNDA:0,findUniqueEntry
FNDA:0,(anonymous_4)
FNDA:0,(anonymous_5)
DA:3,0
DA:4,0
DA:5,0
DA:6,0
DA:7,0
DA:8,0
DA:10,0
DA:11,0
DA:15,0
DA:18,0
DA:22,0
DA:23,0
DA:24,0
DA:27,0
DA:28,0
DA:29,0
DA:31,0
DA:33,0
DA:34,0
DA:37,0
DA:41,0
DA:44,0
LF:22
LH:0
BRDA:6,0,0,0
BRDA:7,1,0,0
BRDA:7,1,1,0
BRDA:10,2,0,0
BRDA:23,3,0,0
BRDA:29,4,0,0
BRDA:29,4,1,0
BRDA:31,5,0,0
BRDA:41,6,0,0
BRF:9
BRH:0
end_of_record
TN:
SF:src\common\service\where.service.ts
FN:18,(anonymous_0)
FN:23,(anonymous_1)
FN:46,(anonymous_2)
FN:54,(anonymous_3)
FN:56,(anonymous_4)
FN:59,(anonymous_5)
FN:71,(anonymous_6)
FN:105,(anonymous_7)
FN:146,(anonymous_8)
FNF:9
FNH:0
FNDA:0,(anonymous_0)
FNDA:0,(anonymous_1)
FNDA:0,(anonymous_2)
FNDA:0,(anonymous_3)
FNDA:0,(anonymous_4)
FNDA:0,(anonymous_5)
FNDA:0,(anonymous_6)
FNDA:0,(anonymous_7)
FNDA:0,(anonymous_8)
DA:1,0
DA:16,0
DA:18,0
DA:19,0
DA:20,0
DA:21,0
DA:23,0
DA:24,0
DA:26,0
DA:27,0
DA:28,0
DA:31,0
DA:32,0
DA:35,0
DA:36,0
DA:37,0
DA:40,0
DA:41,0
DA:42,0
DA:45,0
DA:46,0
DA:47,0
DA:49,0
DA:51,0
DA:54,0
DA:55,0
DA:56,0
DA:57,0
DA:58,0
DA:59,0
DA:60,0
DA:61,0
DA:63,0
DA:64,0
DA:66,0
DA:67,0
DA:71,0
DA:73,0
DA:75,0
DA:76,0
DA:78,0
DA:82,0
DA:84,0
DA:85,0
DA:87,0
DA:91,0
DA:93,0
DA:94,0
DA:95,0
DA:96,0
DA:98,0
DA:99,0
DA:100,0
DA:102,0
DA:103,0
DA:105,0
DA:106,0
DA:108,0
DA:109,0
DA:111,0
DA:115,0
DA:117,0
DA:118,0
DA:120,0
DA:121,0
DA:123,0
DA:124,0
DA:126,0
DA:127,0
DA:129,0
DA:130,0
DA:132,0
DA:133,0
DA:135,0
DA:136,0
DA:138,0
DA:139,0
DA:141,0
DA:146,0
DA:147,0
DA:148,0
DA:150,0
DA:151,0
DA:153,0
DA:154,0
DA:156,0
DA:158,0
LF:87
LH:0
BRDA:20,0,0,0
BRDA:23,1,0,0
BRDA:23,1,1,0
BRDA:23,2,0,0
BRDA:23,2,1,0
BRDA:26,3,0,0
BRDA:26,4,0,0
BRDA:26,4,1,0
BRDA:27,5,0,0
BRDA:35,6,0,0
BRDA:40,7,0,0
BRDA:40,8,0,0
BRDA:40,8,1,0
BRDA:46,9,0,0
BRDA:46,9,1,0
BRDA:46,10,0,0
BRDA:46,10,1,0
BRDA:46,11,0,0
BRDA:46,11,1,0
BRDA:46,12,0,0
BRDA:46,12,1,0
BRDA:59,13,0,0
BRDA:59,13,1,0
BRDA:59,14,0,0
BRDA:59,14,1,0
BRDA:59,15,0,0
BRDA:59,15,1,0
BRDA:59,16,0,0
BRDA:59,16,1,0
BRDA:63,17,0,0
BRDA:66,18,0,0
BRDA:71,19,0,0
BRDA:73,20,0,0
BRDA:73,20,1,0
BRDA:73,20,2,0
BRDA:73,20,3,0
BRDA:73,20,4,0
BRDA:73,20,5,0
BRDA:73,20,6,0
BRDA:73,20,7,0
BRDA:73,20,8,0
BRDA:73,20,9,0
BRDA:73,20,10,0
BRDA:73,20,11,0
BRDA:73,20,12,0
BRDA:73,20,13,0
BRDA:73,20,14,0
BRDA:73,20,15,0
BRDA:75,21,0,0
BRDA:75,21,1,0
BRDA:75,22,0,0
BRDA:75,22,1,0
BRDA:84,23,0,0
BRDA:84,23,1,0
BRDA:84,24,0,0
BRDA:84,24,1,0
BRDA:94,25,0,0
BRDA:98,26,0,0
BRDA:108,27,0,0
BRDA:108,27,1,0
BRDA:108,28,0,0
BRDA:108,28,1,0
BRDA:141,29,0,0
BRDA:141,29,1,0
BRDA:147,30,0,0
BRF:65
BRH:0
end_of_record
TN:
SF:src\common\service\write.helper.ts
FN:5,prepareAndCreate
FN:12,(anonymous_1)
FN:33,prepareAndUpdate
FNF:3
FNH:0
FNDA:0,prepareAndCreate
FNDA:0,(anonymous_1)
FNDA:0,prepareAndUpdate
DA:2,0
DA:5,0
DA:11,0
DA:12,0
DA:13,0
DA:14,0
DA:15,0
DA:16,0
DA:20,0
DA:26,0
DA:29,0
DA:30,0
DA:33,0
DA:39,0
DA:40,0
LF:15
LH:0
BRDA:11,0,0,0
BRDA:11,1,0,0
BRDA:11,1,1,0
BRDA:15,2,0,0
BRDA:20,3,0,0
BRDA:21,4,0,0
BRDA:21,4,1,0
BRDA:21,4,2,0
BRDA:21,4,3,0
BRF:9
BRH:0
end_of_record
